NEW NODE: STRUCT
[  1]          STRUCT: struct
NEW NODE: ID
[  1]              ID: Product
NEW NODE: LC
[  1]              LC: {
NEW NODE: OptTag
NEW NODE: TYPE
[  2]            TYPE: int
NEW NODE: Specifier
NEW NODE: ID
[  2]              ID: name
NEW NODE: VarDec
NEW NODE: SEMI
[  2]            SEMI: ;
NEW NODE: Dec
NEW NODE: DecList
NEW NODE: Def
NEW NODE: TYPE
[  3]            TYPE: float
NEW NODE: Specifier
NEW NODE: ID
[  3]              ID: price
NEW NODE: VarDec
NEW NODE: SEMI
[  3]            SEMI: ;
NEW NODE: Dec
NEW NODE: DecList
NEW NODE: Def
NEW NODE: RC
[  4]              RC: }
NEW NODE: DefList
NEW NODE: DefList
NEW NODE: DefList
NEW NODE: StructSpecifier
NEW NODE: Specifier
NEW NODE: SEMI
[  4]            SEMI: ;
NEW NODE: ExtDef
NEW NODE: TYPE
[  6]            TYPE: int
NEW NODE: Specifier
NEW NODE: ID
[  6]              ID: main
NEW NODE: LP
[  6]              LP: (
NEW NODE: RP
[  6]              RP: )
NEW NODE: FunDec
NEW NODE: LC
[  6]              LC: {
NEW NODE: STRUCT
[  7]          STRUCT: struct
NEW NODE: ID
[  7]              ID: Product
NEW NODE: ID
[  7]              ID: burger
NEW NODE: Tag
NEW NODE: StructSpecifier
NEW NODE: Specifier
NEW NODE: VarDec
NEW NODE: COMMA
[  7]           COMMA: ,
NEW NODE: Dec
NEW NODE: ID
[  7]              ID: fries
NEW NODE: VarDec
NEW NODE: SEMI
[  7]            SEMI: ;
NEW NODE: Dec
NEW NODE: DecList
NEW NODE: DecList
NEW NODE: Def
NEW NODE: ID
[  8]              ID: burger
NEW NODE: DefList
NEW NODE: DefList
NEW NODE: DOT
[  8]             DOT: .
NEW NODE: Exp
NEW NODE: ID
[  8]              ID: name
NEW NODE: Exp
NEW NODE: ASSIGNOP
[  8]        ASSIGNOP: =
NEW NODE: INT
[  8]             INT: 1
NEW NODE: Exp
NEW NODE: SEMI
[  8]            SEMI: ;
NEW NODE: Exp
NEW NODE: Stmt
NEW NODE: ID
[  9]              ID: fries
NEW NODE: DOT
[  9]             DOT: .
NEW NODE: Exp
NEW NODE: ID
[  9]              ID: price
NEW NODE: Exp
NEW NODE: ASSIGNOP
[  9]        ASSIGNOP: =
NEW NODE: FLOAT
[  9]           FLOAT: 1.3
NEW NODE: Exp
NEW NODE: SEMI
[  9]            SEMI: ;
NEW NODE: Exp
NEW NODE: Stmt
NEW NODE: ID
[ 10]              ID: n
NEW NODE: ASSIGNOP
[ 10]        ASSIGNOP: =
NEW NODE: Exp
NEW NODE: ID
[ 10]              ID: burger
NEW NODE: DOT
[ 10]             DOT: .
NEW NODE: Exp
NEW NODE: ID
[ 10]              ID: name
NEW NODE: Exp
NEW NODE: MINUS
[ 10]           MINUS: -
NEW NODE: INT
[ 10]             INT: 1
NEW NODE: Exp
NEW NODE: SEMI
[ 10]            SEMI: ;
NEW NODE: Exp
NEW NODE: Exp
NEW NODE: Stmt
NEW NODE: RETURN
[ 11]          RETURN: return
NEW NODE: INT
[ 11]             INT: 0
NEW NODE: Exp
NEW NODE: SEMI
[ 11]            SEMI: ;
NEW NODE: Stmt
NEW NODE: RC
[ 12]              RC: }
NEW NODE: StmtList
NEW NODE: StmtList
NEW NODE: StmtList
NEW NODE: StmtList
NEW NODE: StmtList
NEW NODE: CompSt
NEW NODE: ExtDef
NEW NODE: ExtDefList
NEW NODE: ExtDefList
NEW NODE: ExtDefList
NEW NODE: Program
Miss 0 Syntax Error.
IN SEMANTIC ANALYSIS
[DEBUG] Finish Analysing OptTag.
[DEBUG] Finish Analysing Specifier.
Search for Insert: name: name, ns: Field
[DEBUG] Finish Analysing VarDec4Field.
[DEBUG] Finish Analysing Dec4Field.
[DEBUG] Finish Analysing DecList4Field.
[DEBUG] Finish Analysing Def4Field.
[DEBUG] Finish Analysing Specifier.
Search for Insert: name: price, ns: Field
[DEBUG] Finish Analysing VarDec4Field.
[DEBUG] Finish Analysing Dec4Field.
[DEBUG] Finish Analysing DecList4Field.
[DEBUG] Finish Analysing Def4Field.
[DEBUG] Finish Analysing DefList4Field.
[DEBUG] Finish Analysing DefList4Field.
[DEBUG] Finish Analysing DefList4Field.
Search for Insert: name: Product, ns: 1
Insert Symbol: name: Product
------------------------------
stack 0:
	name: Product, src: STRUCT
------------------------------
[DEBUG] Finish Analysing StructSpecifier.
[DEBUG] Finish Analysing Specifier.
[DEBUG] Finish Analysing ExtDef.
[DEBUG] Finish Analysing Specifier.
[DEBUG] Finish Analysing FunDec.
Search for Insert: name: main, ns: 0
Insert Symbol: name: main
------------------------------
stack 1:
stack 0:
	name: main, src: FUNC
	name: Product, src: STRUCT
------------------------------
[DEBUG] Finish Analysing StructSpecifier.
Search for Use: name: Product, ns: 1
[DEBUG] Finish Analysing Specifier.
Search for Insert: name: burger, ns: 3
Insert Symbol: name: burger
------------------------------
stack 1:
	name: burger, src: LVAR
stack 0:
	name: main, src: FUNC
	name: Product, src: STRUCT
------------------------------
[DEBUG] Finish Analysing VarDec4Var.
[DEBUG] Finish Analysing Dec4LocalVar.
Search for Insert: name: fries, ns: 3
Insert Symbol: name: fries
------------------------------
stack 1:
	name: fries, src: LVAR
	name: burger, src: LVAR
stack 0:
	name: main, src: FUNC
	name: Product, src: STRUCT
------------------------------
[DEBUG] Finish Analysing VarDec4Var.
[DEBUG] Finish Analysing Dec4LocalVar.
[DEBUG] Finish Analysing DecList4LocalVar.
[DEBUG] Finish Analysing DecList4LocalVar.
[DEBUG] Finish Analysing Def4LocalVar.
[DEBUG] Finish Analysing DefList4LocalVar.
[DEBUG] Finish Analysing DefList4LocalVar.
Search for Use: name: burger, ns: 3
[DEBUG] Finish Analysing Exp.
[DEBUG] Finish Analysing Exp.
[DEBUG] Finish Analysing Exp.
[DEBUG] Finish Analysing Exp.
[DEBUG] Finish Analysing Stmt.
Search for Use: name: fries, ns: 3
[DEBUG] Finish Analysing Exp.
[DEBUG] Finish Analysing Exp.
[DEBUG] Finish Analysing Exp.
[DEBUG] Finish Analysing Exp.
[DEBUG] Finish Analysing Stmt.
Search for Use: name: n, ns: 3
Search for Use: name: n, ns: 2
[DEBUG] Finish Analysing Exp.
Search for Use: name: burger, ns: 3
[DEBUG] Finish Analysing Exp.
[DEBUG] Finish Analysing Exp.
[DEBUG] Finish Analysing Exp.
[DEBUG] Finish Analysing Exp.
[DEBUG] Finish Analysing Exp.
[DEBUG] Finish Analysing Stmt.
[DEBUG] Finish Analysing Exp.
[DEBUG] Finish Analysing Stmt.
[DEBUG] Finish Analysing StmtList.
[DEBUG] Finish Analysing StmtList.
[DEBUG] Finish Analysing StmtList.
[DEBUG] Finish Analysing StmtList.
[DEBUG] Finish Analysing StmtList.
[DEBUG] Finish Analysing CompSt.
Clear Stack Top
------------------------------
stack 1:
stack 0:
	name: main, src: FUNC
	name: Product, src: STRUCT
------------------------------
[DEBUG] Finish Analysing ExtDef.
[DEBUG] Finish Analysing ExtDefList.
[DEBUG] Finish Analysing ExtDefList.
[DEBUG] Finish Analysing ExtDefList.
[DEBUG] Finish Analysing Program.
