NEW NODE: STRUCT
[  1]          STRUCT: struct
NEW NODE: ID
[  1]              ID: MilkShake
NEW NODE: LC
[  1]              LC: {
NEW NODE: OptTag
NEW NODE: TYPE
[  2]            TYPE: float
NEW NODE: Specifier
NEW NODE: ID
[  2]              ID: milk
NEW NODE: VarDec
NEW NODE: SEMI
[  2]            SEMI: ;
NEW NODE: Dec
NEW NODE: DecList
NEW NODE: Def
NEW NODE: TYPE
[  3]            TYPE: float
NEW NODE: Specifier
NEW NODE: ID
[  3]              ID: cream
NEW NODE: VarDec
NEW NODE: SEMI
[  3]            SEMI: ;
NEW NODE: Dec
NEW NODE: DecList
NEW NODE: Def
NEW NODE: RC
[  4]              RC: }
NEW NODE: DefList
NEW NODE: DefList
NEW NODE: DefList
NEW NODE: StructSpecifier
NEW NODE: Specifier
NEW NODE: ID
[  4]              ID: rabbit
NEW NODE: LB
[  4]              LB: [
NEW NODE: VarDec
NEW NODE: INT
[  4]             INT: 10
NEW NODE: RB
[  4]              RB: ]
NEW NODE: VarDec
NEW NODE: SEMI
[  4]            SEMI: ;
NEW NODE: ExtDecList
NEW NODE: ExtDef
NEW NODE: STRUCT
[  6]          STRUCT: struct
NEW NODE: ID
[  6]              ID: Spirit
NEW NODE: LC
[  6]              LC: {
NEW NODE: OptTag
NEW NODE: TYPE
[  7]            TYPE: int
NEW NODE: Specifier
NEW NODE: ID
[  7]              ID: bottle
NEW NODE: VarDec
NEW NODE: SEMI
[  7]            SEMI: ;
NEW NODE: Dec
NEW NODE: DecList
NEW NODE: Def
NEW NODE: TYPE
[  8]            TYPE: float
NEW NODE: Specifier
NEW NODE: ID
[  8]              ID: amount
NEW NODE: VarDec
NEW NODE: SEMI
[  8]            SEMI: ;
NEW NODE: Dec
NEW NODE: DecList
NEW NODE: Def
NEW NODE: RC
[  9]              RC: }
NEW NODE: DefList
NEW NODE: DefList
NEW NODE: DefList
NEW NODE: StructSpecifier
NEW NODE: Specifier
NEW NODE: ID
[  9]              ID: dog
NEW NODE: SEMI
[  9]            SEMI: ;
NEW NODE: VarDec
NEW NODE: ExtDecList
NEW NODE: ExtDef
NEW NODE: TYPE
[ 11]            TYPE: int
NEW NODE: Specifier
NEW NODE: ID
[ 11]              ID: main
NEW NODE: LP
[ 11]              LP: (
NEW NODE: RP
[ 11]              RP: )
NEW NODE: FunDec
NEW NODE: LC
[ 11]              LC: {
NEW NODE: TYPE
[ 12]            TYPE: int
NEW NODE: Specifier
NEW NODE: ID
[ 12]              ID: t
NEW NODE: VarDec
NEW NODE: SEMI
[ 12]            SEMI: ;
NEW NODE: Dec
NEW NODE: DecList
NEW NODE: Def
NEW NODE: ID
[ 13]              ID: t
NEW NODE: DefList
NEW NODE: DefList
NEW NODE: ASSIGNOP
[ 13]        ASSIGNOP: =
NEW NODE: Exp
NEW NODE: INT
[ 13]             INT: 3
NEW NODE: Exp
NEW NODE: SEMI
[ 13]            SEMI: ;
NEW NODE: Exp
NEW NODE: Stmt
NEW NODE: WHILE
[ 14]           WHILE: while
NEW NODE: LP
[ 14]              LP: (
NEW NODE: ID
[ 14]              ID: t
NEW NODE: RELOP
[ 14]           RELOP: <
NEW NODE: Exp
NEW NODE: INT
[ 14]             INT: 10
NEW NODE: Exp
NEW NODE: RP
[ 14]              RP: )
NEW NODE: Exp
NEW NODE: LC
[ 14]              LC: {
NEW NODE: ID
[ 15]              ID: rabbit
NEW NODE: DefList
NEW NODE: LB
[ 15]              LB: [
NEW NODE: Exp
NEW NODE: ID
[ 15]              ID: t
NEW NODE: RB
[ 15]              RB: ]
NEW NODE: Exp
NEW NODE: Exp
NEW NODE: DOT
[ 15]             DOT: .
NEW NODE: ID
[ 15]              ID: milk
NEW NODE: Exp
NEW NODE: ASSIGNOP
[ 15]        ASSIGNOP: =
NEW NODE: FLOAT
[ 15]           FLOAT: 2.3
NEW NODE: Exp
NEW NODE: SEMI
[ 15]            SEMI: ;
NEW NODE: Exp
NEW NODE: Stmt
NEW NODE: ID
[ 16]              ID: dog
NEW NODE: LB
[ 16]              LB: [
NEW NODE: Exp
NEW NODE: ID
[ 16]              ID: t
NEW NODE: RB
[ 16]              RB: ]
NEW NODE: Exp
NEW NODE: Exp
NEW NODE: DOT
[ 16]             DOT: .
NEW NODE: ID
[ 16]              ID: bottle
NEW NODE: Exp
NEW NODE: ASSIGNOP
[ 16]        ASSIGNOP: =
NEW NODE: INT
[ 16]             INT: 2
NEW NODE: Exp
NEW NODE: SEMI
[ 16]            SEMI: ;
NEW NODE: Exp
NEW NODE: Stmt
NEW NODE: ID
[ 17]              ID: t
NEW NODE: ASSIGNOP
[ 17]        ASSIGNOP: =
NEW NODE: Exp
NEW NODE: ID
[ 17]              ID: t
NEW NODE: PLUS
[ 17]            PLUS: +
NEW NODE: Exp
NEW NODE: ID
[ 17]              ID: t
NEW NODE: SEMI
[ 17]            SEMI: ;
NEW NODE: Exp
NEW NODE: Exp
NEW NODE: Exp
NEW NODE: Stmt
NEW NODE: RC
[ 18]              RC: }
NEW NODE: StmtList
NEW NODE: StmtList
NEW NODE: StmtList
NEW NODE: StmtList
NEW NODE: CompSt
NEW NODE: Stmt
NEW NODE: Stmt
NEW NODE: RETURN
[ 19]          RETURN: return
NEW NODE: ID
[ 19]              ID: t
NEW NODE: SEMI
[ 19]            SEMI: ;
NEW NODE: Exp
NEW NODE: Stmt
NEW NODE: RC
[ 20]              RC: }
NEW NODE: StmtList
NEW NODE: StmtList
NEW NODE: StmtList
NEW NODE: StmtList
NEW NODE: CompSt
NEW NODE: ExtDef
NEW NODE: ExtDefList
NEW NODE: ExtDefList
NEW NODE: ExtDefList
NEW NODE: ExtDefList
NEW NODE: Program
Miss 0 Syntax Error.
IN SEMANTIC ANALYSIS
[DEBUG] Finish Analysing OptTag.
[DEBUG] Finish Analysing Specifier.
Search for Insert: name: milk, ns: Field
[DEBUG] Finish Analysing VarDec4Field.
[DEBUG] Finish Analysing Dec4Field.
[DEBUG] Finish Analysing DecList4Field.
[DEBUG] Finish Analysing Def4Field.
[DEBUG] Finish Analysing Specifier.
Search for Insert: name: cream, ns: Field
[DEBUG] Finish Analysing VarDec4Field.
[DEBUG] Finish Analysing Dec4Field.
[DEBUG] Finish Analysing DecList4Field.
[DEBUG] Finish Analysing Def4Field.
[DEBUG] Finish Analysing DefList4Field.
[DEBUG] Finish Analysing DefList4Field.
[DEBUG] Finish Analysing DefList4Field.
Search for Insert: name: MilkShake, ns: 1
Insert Symbol: name: MilkShake
------------------------------
stack 0:
	name: MilkShake, src: STRUCT
------------------------------
[DEBUG] Finish Analysing StructSpecifier.
[DEBUG] Finish Analysing Specifier.
Search for Insert: name: rabbit, ns: 2
Insert Symbol: name: rabbit
------------------------------
stack 0:
	name: rabbit, src: GVAR
	name: MilkShake, src: STRUCT
------------------------------
[DEBUG] Finish Analysing VarDec4Var.
[DEBUG] Finish Analysing VarDec4Var.
[DEBUG] Finish Analysing ExtDecList.
[DEBUG] Finish Analysing ExtDef.
[DEBUG] Finish Analysing OptTag.
[DEBUG] Finish Analysing Specifier.
Search for Insert: name: bottle, ns: Field
[DEBUG] Finish Analysing VarDec4Field.
[DEBUG] Finish Analysing Dec4Field.
[DEBUG] Finish Analysing DecList4Field.
[DEBUG] Finish Analysing Def4Field.
[DEBUG] Finish Analysing Specifier.
Search for Insert: name: amount, ns: Field
[DEBUG] Finish Analysing VarDec4Field.
[DEBUG] Finish Analysing Dec4Field.
[DEBUG] Finish Analysing DecList4Field.
[DEBUG] Finish Analysing Def4Field.
[DEBUG] Finish Analysing DefList4Field.
[DEBUG] Finish Analysing DefList4Field.
[DEBUG] Finish Analysing DefList4Field.
Search for Insert: name: Spirit, ns: 1
Insert Symbol: name: Spirit
------------------------------
stack 0:
	name: Spirit, src: STRUCT
	name: rabbit, src: GVAR
	name: MilkShake, src: STRUCT
------------------------------
[DEBUG] Finish Analysing StructSpecifier.
[DEBUG] Finish Analysing Specifier.
Search for Insert: name: dog, ns: 2
Insert Symbol: name: dog
------------------------------
stack 0:
	name: dog, src: GVAR
	name: Spirit, src: STRUCT
	name: rabbit, src: GVAR
	name: MilkShake, src: STRUCT
------------------------------
[DEBUG] Finish Analysing VarDec4Var.
[DEBUG] Finish Analysing ExtDecList.
[DEBUG] Finish Analysing ExtDef.
[DEBUG] Finish Analysing Specifier.
[DEBUG] Finish Analysing FunDec.
Search for Insert: name: main, ns: 0
Insert Symbol: name: main
------------------------------
stack 1:
stack 0:
	name: main, src: FUNC
	name: dog, src: GVAR
	name: Spirit, src: STRUCT
	name: rabbit, src: GVAR
	name: MilkShake, src: STRUCT
------------------------------
[DEBUG] Finish Analysing Specifier.
Search for Insert: name: t, ns: 3
Insert Symbol: name: t
------------------------------
stack 1:
	name: t, src: LVAR
stack 0:
	name: main, src: FUNC
	name: dog, src: GVAR
	name: Spirit, src: STRUCT
	name: rabbit, src: GVAR
	name: MilkShake, src: STRUCT
------------------------------
[DEBUG] Finish Analysing VarDec4Var.
[DEBUG] Finish Analysing Dec4LocalVar.
[DEBUG] Finish Analysing DecList4LocalVar.
[DEBUG] Finish Analysing Def4LocalVar.
[DEBUG] Finish Analysing DefList4LocalVar.
[DEBUG] Finish Analysing DefList4LocalVar.
Search for Use: name: t, ns: 3
[DEBUG] Finish Analysing Exp.
[DEBUG] Finish Analysing Exp.
[DEBUG] Finish Analysing Exp.
[DEBUG] Finish Analysing Stmt.
Search for Use: name: t, ns: 3
[DEBUG] Finish Analysing Exp.
[DEBUG] Finish Analysing Exp.
[DEBUG] Finish Analysing Exp.
[DEBUG] Finish Analysing DefList4LocalVar.
Search for Use: name: rabbit, ns: 3
Search for Use: name: rabbit, ns: 2
[DEBUG] Finish Analysing Exp.
Search for Use: name: t, ns: 3
[DEBUG] Finish Analysing Exp.
[DEBUG] Finish Analysing Exp.
[DEBUG] Finish Analysing Exp.
[DEBUG] Finish Analysing Exp.
[DEBUG] Finish Analysing Exp.
[DEBUG] Finish Analysing Stmt.
Search for Use: name: dog, ns: 3
Search for Use: name: dog, ns: 2
[DEBUG] Finish Analysing Exp.
Search for Use: name: t, ns: 3
[DEBUG] Finish Analysing Exp.
[DEBUG] Finish Analysing Exp.
[DEBUG] Finish Analysing Exp.
[DEBUG] Finish Analysing Exp.
[DEBUG] Finish Analysing Exp.
[DEBUG] Finish Analysing Stmt.
Search for Use: name: t, ns: 3
[DEBUG] Finish Analysing Exp.
Search for Use: name: t, ns: 3
[DEBUG] Finish Analysing Exp.
Search for Use: name: t, ns: 3
[DEBUG] Finish Analysing Exp.
[DEBUG] Finish Analysing Exp.
[DEBUG] Finish Analysing Exp.
[DEBUG] Finish Analysing Stmt.
[DEBUG] Finish Analysing StmtList.
[DEBUG] Finish Analysing StmtList.
[DEBUG] Finish Analysing StmtList.
[DEBUG] Finish Analysing StmtList.
[DEBUG] Finish Analysing CompSt.
Clear Stack Top
------------------------------
stack 2:
stack 1:
	name: t, src: LVAR
stack 0:
	name: main, src: FUNC
	name: dog, src: GVAR
	name: Spirit, src: STRUCT
	name: rabbit, src: GVAR
	name: MilkShake, src: STRUCT
------------------------------
[DEBUG] Finish Analysing Stmt.
[DEBUG] Finish Analysing Stmt.
Search for Use: name: t, ns: 3
[DEBUG] Finish Analysing Exp.
[DEBUG] Finish Analysing Stmt.
[DEBUG] Finish Analysing StmtList.
[DEBUG] Finish Analysing StmtList.
[DEBUG] Finish Analysing StmtList.
[DEBUG] Finish Analysing StmtList.
[DEBUG] Finish Analysing CompSt.
Clear Stack Top
------------------------------
stack 1:
stack 0:
	name: main, src: FUNC
	name: dog, src: GVAR
	name: Spirit, src: STRUCT
	name: rabbit, src: GVAR
	name: MilkShake, src: STRUCT
------------------------------
[DEBUG] Finish Analysing ExtDef.
[DEBUG] Finish Analysing ExtDefList.
[DEBUG] Finish Analysing ExtDefList.
[DEBUG] Finish Analysing ExtDefList.
[DEBUG] Finish Analysing ExtDefList.
[DEBUG] Finish Analysing Program.
