NEW NODE: STRUCT
[  1]          STRUCT: struct
NEW NODE: ID
[  1]              ID: Sith
NEW NODE: LC
[  1]              LC: {
NEW NODE: OptTag
NEW NODE: TYPE
[  2]            TYPE: int
NEW NODE: Specifier
NEW NODE: ID
[  2]              ID: force
NEW NODE: VarDec
NEW NODE: SEMI
[  2]            SEMI: ;
NEW NODE: Dec
NEW NODE: DecList
NEW NODE: Def
NEW NODE: TYPE
[  3]            TYPE: int
NEW NODE: Specifier
NEW NODE: ID
[  3]              ID: darkness
NEW NODE: VarDec
NEW NODE: SEMI
[  3]            SEMI: ;
NEW NODE: Dec
NEW NODE: DecList
NEW NODE: Def
NEW NODE: RC
[  4]              RC: }
NEW NODE: DefList
NEW NODE: DefList
NEW NODE: DefList
NEW NODE: StructSpecifier
NEW NODE: Specifier
NEW NODE: ID
[  4]              ID: sithLords
NEW NODE: LB
[  4]              LB: [
NEW NODE: VarDec
NEW NODE: INT
[  4]             INT: 10
NEW NODE: RB
[  4]              RB: ]
NEW NODE: VarDec
NEW NODE: SEMI
[  4]            SEMI: ;
NEW NODE: ExtDecList
NEW NODE: ExtDef
NEW NODE: TYPE
[  6]            TYPE: int
NEW NODE: Specifier
NEW NODE: ID
[  6]              ID: jedi
NEW NODE: LB
[  6]              LB: [
NEW NODE: VarDec
NEW NODE: INT
[  6]             INT: 10
NEW NODE: RB
[  6]              RB: ]
NEW NODE: VarDec
NEW NODE: SEMI
[  6]            SEMI: ;
NEW NODE: ExtDecList
NEW NODE: ExtDef
NEW NODE: TYPE
[  8]            TYPE: int
NEW NODE: Specifier
NEW NODE: ID
[  8]              ID: battle
NEW NODE: LP
[  8]              LP: (
NEW NODE: RP
[  8]              RP: )
NEW NODE: FunDec
NEW NODE: LC
[  8]              LC: {
NEW NODE: TYPE
[  9]            TYPE: int
NEW NODE: Specifier
NEW NODE: ID
[  9]              ID: results
NEW NODE: VarDec
NEW NODE: LB
[  9]              LB: [
NEW NODE: INT
[  9]             INT: 10
NEW NODE: RB
[  9]              RB: ]
NEW NODE: VarDec
NEW NODE: SEMI
[  9]            SEMI: ;
NEW NODE: Dec
NEW NODE: DecList
NEW NODE: Def
NEW NODE: TYPE
[ 10]            TYPE: int
NEW NODE: Specifier
NEW NODE: ID
[ 10]              ID: i
NEW NODE: VarDec
NEW NODE: ASSIGNOP
[ 10]        ASSIGNOP: =
NEW NODE: INT
[ 10]             INT: 0
NEW NODE: Exp
NEW NODE: SEMI
[ 10]            SEMI: ;
NEW NODE: Dec
NEW NODE: DecList
NEW NODE: Def
NEW NODE: WHILE
[ 11]           WHILE: while
NEW NODE: DefList
NEW NODE: DefList
NEW NODE: DefList
NEW NODE: LP
[ 11]              LP: (
NEW NODE: ID
[ 11]              ID: i
NEW NODE: RELOP
[ 11]           RELOP: <
NEW NODE: Exp
NEW NODE: INT
[ 11]             INT: 10
NEW NODE: Exp
NEW NODE: RP
[ 11]              RP: )
NEW NODE: Exp
NEW NODE: LC
[ 11]              LC: {
NEW NODE: IF
[ 12]              IF: if
NEW NODE: DefList
NEW NODE: LP
[ 12]              LP: (
NEW NODE: ID
[ 12]              ID: sithLords
NEW NODE: LB
[ 12]              LB: [
NEW NODE: Exp
NEW NODE: ID
[ 12]              ID: i
NEW NODE: RB
[ 12]              RB: ]
NEW NODE: Exp
NEW NODE: Exp
NEW NODE: DOT
[ 12]             DOT: .
NEW NODE: ID
[ 12]              ID: force
NEW NODE: Exp
NEW NODE: RELOP
[ 12]           RELOP: >=
NEW NODE: ID
[ 12]              ID: jedi
NEW NODE: LB
[ 12]              LB: [
NEW NODE: Exp
NEW NODE: ID
[ 12]              ID: i
NEW NODE: RB
[ 12]              RB: ]
NEW NODE: Exp
NEW NODE: Exp
NEW NODE: DOT
[ 12]             DOT: .
NEW NODE: ID
[ 12]              ID: force
NEW NODE: Exp
NEW NODE: RP
[ 12]              RP: )
NEW NODE: Exp
NEW NODE: ID
[ 13]              ID: results
NEW NODE: LB
[ 13]              LB: [
NEW NODE: Exp
NEW NODE: ID
[ 13]              ID: i
NEW NODE: RB
[ 13]              RB: ]
NEW NODE: Exp
NEW NODE: Exp
NEW NODE: ASSIGNOP
[ 13]        ASSIGNOP: =
NEW NODE: ID
[ 13]              ID: sithLords
NEW NODE: LB
[ 13]              LB: [
NEW NODE: Exp
NEW NODE: ID
[ 13]              ID: i
NEW NODE: RB
[ 13]              RB: ]
NEW NODE: Exp
NEW NODE: Exp
NEW NODE: DOT
[ 13]             DOT: .
NEW NODE: ID
[ 13]              ID: darkness
NEW NODE: Exp
NEW NODE: SEMI
[ 13]            SEMI: ;
NEW NODE: Exp
NEW NODE: Stmt
NEW NODE: ELSE
[ 14]            ELSE: else
NEW NODE: ID
[ 15]              ID: results
NEW NODE: LB
[ 15]              LB: [
NEW NODE: Exp
NEW NODE: ID
[ 15]              ID: i
NEW NODE: RB
[ 15]              RB: ]
NEW NODE: Exp
NEW NODE: Exp
NEW NODE: ASSIGNOP
[ 15]        ASSIGNOP: =
NEW NODE: MINUS
[ 15]           MINUS: -
NEW NODE: INT
[ 15]             INT: 1
NEW NODE: Exp
NEW NODE: SEMI
[ 15]            SEMI: ;
NEW NODE: Exp
NEW NODE: Exp
NEW NODE: Stmt
NEW NODE: Stmt
NEW NODE: RC
[ 16]              RC: }
NEW NODE: StmtList
NEW NODE: StmtList
NEW NODE: CompSt
NEW NODE: Stmt
NEW NODE: Stmt
NEW NODE: RETURN
[ 17]          RETURN: return
NEW NODE: ID
[ 17]              ID: i
NEW NODE: SEMI
[ 17]            SEMI: ;
NEW NODE: Exp
NEW NODE: Stmt
NEW NODE: RC
[ 18]              RC: }
NEW NODE: StmtList
NEW NODE: StmtList
NEW NODE: StmtList
NEW NODE: CompSt
NEW NODE: ExtDef
NEW NODE: ExtDefList
NEW NODE: ExtDefList
NEW NODE: ExtDefList
NEW NODE: ExtDefList
NEW NODE: Program
Miss 0 Syntax Error.
IN SEMANTIC ANALYSIS
[DEBUG] Finish Analysing OptTag.
Search for Insert: name: force, ns: Field
[DEBUG] Finish Analysing VarDec4Field.
[DEBUG] Finish Analysing Dec4Field.
[DEBUG] Finish Analysing DecList4Field.
[DEBUG] Finish Analysing Def4Field.
Search for Insert: name: darkness, ns: Field
[DEBUG] Finish Analysing VarDec4Field.
[DEBUG] Finish Analysing Dec4Field.
[DEBUG] Finish Analysing DecList4Field.
[DEBUG] Finish Analysing Def4Field.
[DEBUG] Finish Analysing DefList4Field.
[DEBUG] Finish Analysing DefList4Field.
[DEBUG] Finish Analysing DefList4Field.
Search for Insert: name: Sith, ns: 1
Insert Symbol: name: Sith
------------------------------
stack 0:
	name: Sith, src: STRUCT
------------------------------
[DEBUG] Finish Analysing StructSpecifier.
[DEBUG] Finish Analysing Specifier.
Search for Insert: name: sithLords, ns: 2
Insert Symbol: name: sithLords
------------------------------
stack 0:
	name: sithLords, src: GVAR
	name: Sith, src: STRUCT
------------------------------
[DEBUG] Finish Analysing VarDec4Var.
[DEBUG] Finish Analysing VarDec4Var.
[DEBUG] Finish Analysing ExtDecList.
[DEBUG] Finish Analysing ExtDef.
Search for Insert: name: jedi, ns: 2
Insert Symbol: name: jedi
------------------------------
stack 0:
	name: jedi, src: GVAR
	name: sithLords, src: GVAR
	name: Sith, src: STRUCT
------------------------------
[DEBUG] Finish Analysing VarDec4Var.
[DEBUG] Finish Analysing VarDec4Var.
[DEBUG] Finish Analysing ExtDecList.
[DEBUG] Finish Analysing ExtDef.
[DEBUG] Finish Analysing FunDec.
Search for Insert: name: battle, ns: 0
Insert Symbol: name: battle
------------------------------
stack 1:
stack 0:
	name: battle, src: FUNC
	name: jedi, src: GVAR
	name: sithLords, src: GVAR
	name: Sith, src: STRUCT
------------------------------
Search for Insert: name: results, ns: 2
Insert Symbol: name: results
------------------------------
stack 1:
stack 0:
	name: results, src: GVAR
	name: battle, src: FUNC
	name: jedi, src: GVAR
	name: sithLords, src: GVAR
	name: Sith, src: STRUCT
------------------------------
[DEBUG] Finish Analysing VarDec4Var.
[DEBUG] Finish Analysing VarDec4Var.
[DEBUG] Finish Analysing Dec4LocalVar.
[DEBUG] Finish Analysing DecList4LocalVar.
[DEBUG] Finish Analysing Def4LocalVar.
Search for Insert: name: i, ns: 3
Insert Symbol: name: i
------------------------------
stack 1:
	name: i, src: LVAR
stack 0:
	name: results, src: GVAR
	name: battle, src: FUNC
	name: jedi, src: GVAR
	name: sithLords, src: GVAR
	name: Sith, src: STRUCT
------------------------------
[DEBUG] Finish Analysing VarDec4Var.
[DEBUG] Finish Analysing Exp.
[DEBUG] Finish Analysing Dec4LocalVar.
[DEBUG] Finish Analysing DecList4LocalVar.
[DEBUG] Finish Analysing Def4LocalVar.
[DEBUG] Finish Analysing DefList4LocalVar.
[DEBUG] Finish Analysing DefList4LocalVar.
[DEBUG] Finish Analysing DefList4LocalVar.
Search for Use: name: i, ns: 3
[DEBUG] Finish Analysing Exp.
[DEBUG] Finish Analysing Exp.
[DEBUG] Finish Analysing Exp.
[DEBUG] Finish Analysing DefList4LocalVar.
Search for Use: name: force, ns: Field
Search for Use: name: sithLords, ns: 3
Search for Use: name: sithLords, ns: 2
[DEBUG] Finish Analysing Exp.
Search for Use: name: i, ns: 3
[DEBUG] Finish Analysing Exp.
[DEBUG] Finish Analysing Exp.
[DEBUG] Finish Analysing Exp.
Search for Use: name: force, ns: Field
Search for Use: name: jedi, ns: 3
Search for Use: name: jedi, ns: 2
[DEBUG] Finish Analysing Exp.
Search for Use: name: i, ns: 3
[DEBUG] Finish Analysing Exp.
[DEBUG] Finish Analysing Exp.
[DEBUG] Finish Analysing Exp.
[DEBUG] Finish Analysing Exp.
Search for Use: name: results, ns: 3
Search for Use: name: results, ns: 2
[DEBUG] Finish Analysing Exp.
Search for Use: name: i, ns: 3
[DEBUG] Finish Analysing Exp.
[DEBUG] Finish Analysing Exp.
Search for Use: name: darkness, ns: Field
Search for Use: name: sithLords, ns: 3
Search for Use: name: sithLords, ns: 2
[DEBUG] Finish Analysing Exp.
Search for Use: name: i, ns: 3
[DEBUG] Finish Analysing Exp.
[DEBUG] Finish Analysing Exp.
[DEBUG] Finish Analysing Exp.
[DEBUG] Finish Analysing Exp.
[DEBUG] Finish Analysing Stmt.
Search for Use: name: results, ns: 3
Search for Use: name: results, ns: 2
[DEBUG] Finish Analysing Exp.
Search for Use: name: i, ns: 3
[DEBUG] Finish Analysing Exp.
[DEBUG] Finish Analysing Exp.
[DEBUG] Finish Analysing Exp.
[DEBUG] Finish Analysing Exp.
[DEBUG] Finish Analysing Exp.
[DEBUG] Finish Analysing Stmt.
[DEBUG] Finish Analysing Stmt.
[DEBUG] Finish Analysing StmtList.
[DEBUG] Finish Analysing StmtList.
[DEBUG] Finish Analysing CompSt.
Clear Stack Top
------------------------------
stack 2:
stack 1:
	name: i, src: LVAR
stack 0:
	name: results, src: GVAR
	name: battle, src: FUNC
	name: jedi, src: GVAR
	name: sithLords, src: GVAR
	name: Sith, src: STRUCT
------------------------------
[DEBUG] Finish Analysing Stmt.
[DEBUG] Finish Analysing Stmt.
Search for Use: name: i, ns: 3
[DEBUG] Finish Analysing Exp.
[DEBUG] Finish Analysing Stmt.
[DEBUG] Finish Analysing StmtList.
[DEBUG] Finish Analysing StmtList.
[DEBUG] Finish Analysing StmtList.
[DEBUG] Finish Analysing CompSt.
Clear Stack Top
------------------------------
stack 1:
stack 0:
	name: results, src: GVAR
	name: battle, src: FUNC
	name: jedi, src: GVAR
	name: sithLords, src: GVAR
	name: Sith, src: STRUCT
------------------------------
[DEBUG] Finish Analysing ExtDef.
[DEBUG] Finish Analysing ExtDefList.
[DEBUG] Finish Analysing ExtDefList.
[DEBUG] Finish Analysing ExtDefList.
[DEBUG] Finish Analysing ExtDefList.
[DEBUG] Finish Analysing Program.
