NEW NODE: STRUCT
[  1]          STRUCT: struct
NEW NODE: ID
[  1]              ID: Soldier
NEW NODE: LC
[  1]              LC: {
NEW NODE: OptTag
NEW NODE: TYPE
[  2]            TYPE: int
NEW NODE: Specifier
NEW NODE: ID
[  2]              ID: name
NEW NODE: VarDec
NEW NODE: SEMI
[  2]            SEMI: ;
NEW NODE: Dec
NEW NODE: DecList
NEW NODE: Def
NEW NODE: TYPE
[  3]            TYPE: int
NEW NODE: Specifier
NEW NODE: ID
[  3]              ID: power
NEW NODE: VarDec
NEW NODE: SEMI
[  3]            SEMI: ;
NEW NODE: Dec
NEW NODE: DecList
NEW NODE: Def
NEW NODE: RC
[  4]              RC: }
NEW NODE: DefList
NEW NODE: DefList
NEW NODE: DefList
NEW NODE: StructSpecifier
NEW NODE: Specifier
NEW NODE: ID
[  4]              ID: platoon
NEW NODE: LB
[  4]              LB: [
NEW NODE: VarDec
NEW NODE: INT
[  4]             INT: 10
NEW NODE: RB
[  4]              RB: ]
NEW NODE: VarDec
NEW NODE: SEMI
[  4]            SEMI: ;
NEW NODE: ExtDecList
NEW NODE: ExtDef
NEW NODE: STRUCT
[  6]          STRUCT: struct
NEW NODE: ID
[  6]              ID: General
NEW NODE: LC
[  6]              LC: {
NEW NODE: OptTag
NEW NODE: TYPE
[  7]            TYPE: int
NEW NODE: Specifier
NEW NODE: ID
[  7]              ID: names
NEW NODE: VarDec
NEW NODE: SEMI
[  7]            SEMI: ;
NEW NODE: Dec
NEW NODE: DecList
NEW NODE: Def
NEW NODE: STRUCT
[  8]          STRUCT: struct
NEW NODE: ID
[  8]              ID: Soldier
NEW NODE: ID
[  8]              ID: soldiers
NEW NODE: Tag
NEW NODE: StructSpecifier
NEW NODE: Specifier
NEW NODE: VarDec
NEW NODE: LB
[  8]              LB: [
NEW NODE: INT
[  8]             INT: 10
NEW NODE: RB
[  8]              RB: ]
NEW NODE: VarDec
NEW NODE: SEMI
[  8]            SEMI: ;
NEW NODE: Dec
NEW NODE: DecList
NEW NODE: Def
NEW NODE: RC
[  9]              RC: }
NEW NODE: DefList
NEW NODE: DefList
NEW NODE: DefList
NEW NODE: StructSpecifier
NEW NODE: Specifier
NEW NODE: ID
[  9]              ID: McMiller
NEW NODE: SEMI
[  9]            SEMI: ;
NEW NODE: VarDec
NEW NODE: ExtDecList
NEW NODE: ExtDef
NEW NODE: TYPE
[ 12]            TYPE: int
NEW NODE: Specifier
NEW NODE: ID
[ 12]              ID: main
NEW NODE: LP
[ 12]              LP: (
NEW NODE: RP
[ 12]              RP: )
NEW NODE: FunDec
NEW NODE: LC
[ 12]              LC: {
NEW NODE: STRUCT
[ 13]          STRUCT: struct
NEW NODE: ID
[ 13]              ID: McMiller
NEW NODE: LC
[ 13]              LC: {
NEW NODE: OptTag
NEW NODE: STRUCT
[ 14]          STRUCT: struct
NEW NODE: ID
[ 14]              ID: General
NEW NODE: ID
[ 14]              ID: man
NEW NODE: Tag
NEW NODE: StructSpecifier
NEW NODE: Specifier
NEW NODE: VarDec
NEW NODE: SEMI
[ 14]            SEMI: ;
NEW NODE: Dec
NEW NODE: DecList
NEW NODE: Def
NEW NODE: RC
[ 15]              RC: }
NEW NODE: DefList
NEW NODE: DefList
NEW NODE: StructSpecifier
NEW NODE: Specifier
NEW NODE: ID
[ 15]              ID: one
NEW NODE: VarDec
NEW NODE: SEMI
[ 15]            SEMI: ;
NEW NODE: Dec
NEW NODE: DecList
NEW NODE: Def
NEW NODE: RETURN
[ 16]          RETURN: return
NEW NODE: DefList
NEW NODE: DefList
NEW NODE: INT
[ 16]             INT: 0
NEW NODE: Exp
NEW NODE: SEMI
[ 16]            SEMI: ;
NEW NODE: Stmt
NEW NODE: RC
[ 17]              RC: }
NEW NODE: StmtList
NEW NODE: StmtList
NEW NODE: CompSt
NEW NODE: ExtDef
NEW NODE: ExtDefList
NEW NODE: ExtDefList
NEW NODE: ExtDefList
NEW NODE: ExtDefList
NEW NODE: Program
Miss 0 Syntax Error.
IN SEMANTIC ANALYSIS
[DEBUG] Finish Analysing OptTag.
Search for Insert: name: name, ns: Field
[DEBUG] Finish Analysing VarDec4Field.
[DEBUG] Finish Analysing Dec4Field.
[DEBUG] Finish Analysing DecList4Field.
[DEBUG] Finish Analysing Def4Field.
Search for Insert: name: power, ns: Field
[DEBUG] Finish Analysing VarDec4Field.
[DEBUG] Finish Analysing Dec4Field.
[DEBUG] Finish Analysing DecList4Field.
[DEBUG] Finish Analysing Def4Field.
[DEBUG] Finish Analysing DefList4Field.
[DEBUG] Finish Analysing DefList4Field.
[DEBUG] Finish Analysing DefList4Field.
Search for Insert: name: Soldier, ns: 1
Insert Symbol: name: Soldier
------------------------------
stack 0:
	name: Soldier, src: STRUCT
------------------------------
[DEBUG] Finish Analysing StructSpecifier.
[DEBUG] Finish Analysing Specifier.
Search for Insert: name: platoon, ns: 2
Insert Symbol: name: platoon
------------------------------
stack 0:
	name: platoon, src: GVAR
	name: Soldier, src: STRUCT
------------------------------
[DEBUG] Finish Analysing VarDec4Var.
[DEBUG] Finish Analysing VarDec4Var.
[DEBUG] Finish Analysing ExtDecList.
[DEBUG] Finish Analysing ExtDef.
[DEBUG] Finish Analysing OptTag.
Search for Insert: name: names, ns: Field
[DEBUG] Finish Analysing VarDec4Field.
[DEBUG] Finish Analysing Dec4Field.
[DEBUG] Finish Analysing DecList4Field.
[DEBUG] Finish Analysing Def4Field.
[DEBUG] Finish Analysing StructSpecifier.
Search for Use: name: Soldier, ns: 1
[DEBUG] Finish Analysing Specifier.
Search for Insert: name: soldiers, ns: Field
[DEBUG] Finish Analysing VarDec4Field.
[DEBUG] Finish Analysing VarDec4Field.
[DEBUG] Finish Analysing Dec4Field.
[DEBUG] Finish Analysing DecList4Field.
[DEBUG] Finish Analysing Def4Field.
[DEBUG] Finish Analysing DefList4Field.
[DEBUG] Finish Analysing DefList4Field.
[DEBUG] Finish Analysing DefList4Field.
Search for Insert: name: General, ns: 1
Insert Symbol: name: General
------------------------------
stack 0:
	name: General, src: STRUCT
	name: platoon, src: GVAR
	name: Soldier, src: STRUCT
------------------------------
[DEBUG] Finish Analysing StructSpecifier.
[DEBUG] Finish Analysing Specifier.
Search for Insert: name: McMiller, ns: 2
Insert Symbol: name: McMiller
------------------------------
stack 0:
	name: McMiller, src: GVAR
	name: General, src: STRUCT
	name: platoon, src: GVAR
	name: Soldier, src: STRUCT
------------------------------
[DEBUG] Finish Analysing VarDec4Var.
[DEBUG] Finish Analysing ExtDecList.
[DEBUG] Finish Analysing ExtDef.
[DEBUG] Finish Analysing FunDec.
Search for Insert: name: main, ns: 0
Insert Symbol: name: main
------------------------------
stack 1:
stack 0:
	name: main, src: FUNC
	name: McMiller, src: GVAR
	name: General, src: STRUCT
	name: platoon, src: GVAR
	name: Soldier, src: STRUCT
------------------------------
[DEBUG] Finish Analysing OptTag.
[DEBUG] Finish Analysing StructSpecifier.
Search for Use: name: General, ns: 1
[DEBUG] Finish Analysing Specifier.
Search for Insert: name: man, ns: Field
[DEBUG] Finish Analysing VarDec4Field.
[DEBUG] Finish Analysing Dec4Field.
[DEBUG] Finish Analysing DecList4Field.
[DEBUG] Finish Analysing Def4Field.
[DEBUG] Finish Analysing DefList4Field.
[DEBUG] Finish Analysing DefList4Field.
Search for Insert: name: McMiller, ns: 1
Insert Symbol: name: McMiller
------------------------------
stack 1:
stack 0:
	name: McMiller, src: STRUCT
	name: main, src: FUNC
	name: McMiller, src: GVAR
	name: General, src: STRUCT
	name: platoon, src: GVAR
	name: Soldier, src: STRUCT
------------------------------
[DEBUG] Finish Analysing StructSpecifier.
[DEBUG] Finish Analysing Specifier.
Search for Insert: name: one, ns: 3
Insert Symbol: name: one
------------------------------
stack 1:
	name: one, src: LVAR
stack 0:
	name: McMiller, src: STRUCT
	name: main, src: FUNC
	name: McMiller, src: GVAR
	name: General, src: STRUCT
	name: platoon, src: GVAR
	name: Soldier, src: STRUCT
------------------------------
[DEBUG] Finish Analysing VarDec4Var.
[DEBUG] Finish Analysing Dec4LocalVar.
[DEBUG] Finish Analysing DecList4LocalVar.
[DEBUG] Finish Analysing Def4LocalVar.
[DEBUG] Finish Analysing DefList4LocalVar.
[DEBUG] Finish Analysing DefList4LocalVar.
[DEBUG] Finish Analysing Exp.
[DEBUG] Finish Analysing Stmt.
[DEBUG] Finish Analysing StmtList.
[DEBUG] Finish Analysing StmtList.
[DEBUG] Finish Analysing CompSt.
Clear Stack Top
------------------------------
stack 1:
stack 0:
	name: McMiller, src: STRUCT
	name: main, src: FUNC
	name: McMiller, src: GVAR
	name: General, src: STRUCT
	name: platoon, src: GVAR
	name: Soldier, src: STRUCT
------------------------------
[DEBUG] Finish Analysing ExtDef.
[DEBUG] Finish Analysing ExtDefList.
[DEBUG] Finish Analysing ExtDefList.
[DEBUG] Finish Analysing ExtDefList.
[DEBUG] Finish Analysing ExtDefList.
[DEBUG] Finish Analysing Program.
