NEW NODE: STRUCT
[  1]          STRUCT: struct
NEW NODE: ID
[  1]              ID: FastFood
NEW NODE: LC
[  1]              LC: {
NEW NODE: OptTag
NEW NODE: TYPE
[  2]            TYPE: int
NEW NODE: Specifier
NEW NODE: ID
[  2]              ID: yum
NEW NODE: VarDec
NEW NODE: SEMI
[  2]            SEMI: ;
NEW NODE: Dec
NEW NODE: DecList
NEW NODE: Def
NEW NODE: TYPE
[  3]            TYPE: float
NEW NODE: Specifier
NEW NODE: ID
[  3]              ID: price
NEW NODE: VarDec
NEW NODE: SEMI
[  3]            SEMI: ;
NEW NODE: Dec
NEW NODE: DecList
NEW NODE: Def
NEW NODE: RC
[  4]              RC: }
NEW NODE: DefList
NEW NODE: DefList
NEW NODE: DefList
NEW NODE: StructSpecifier
NEW NODE: Specifier
NEW NODE: SEMI
[  4]            SEMI: ;
NEW NODE: ExtDef
NEW NODE: STRUCT
[  6]          STRUCT: struct
NEW NODE: ID
[  6]              ID: Burger
NEW NODE: LC
[  6]              LC: {
NEW NODE: OptTag
NEW NODE: TYPE
[  7]            TYPE: int
NEW NODE: Specifier
NEW NODE: ID
[  7]              ID: juice
NEW NODE: VarDec
NEW NODE: SEMI
[  7]            SEMI: ;
NEW NODE: Dec
NEW NODE: DecList
NEW NODE: Def
NEW NODE: TYPE
[  8]            TYPE: float
NEW NODE: Specifier
NEW NODE: ID
[  8]              ID: bucks
NEW NODE: VarDec
NEW NODE: SEMI
[  8]            SEMI: ;
NEW NODE: Dec
NEW NODE: DecList
NEW NODE: Def
NEW NODE: RC
[  9]              RC: }
NEW NODE: DefList
NEW NODE: DefList
NEW NODE: DefList
NEW NODE: StructSpecifier
NEW NODE: Specifier
NEW NODE: SEMI
[  9]            SEMI: ;
NEW NODE: ExtDef
NEW NODE: TYPE
[ 11]            TYPE: float
NEW NODE: Specifier
NEW NODE: ID
[ 11]              ID: buyAFood
NEW NODE: LP
[ 11]              LP: (
NEW NODE: TYPE
[ 11]            TYPE: float
NEW NODE: Specifier
NEW NODE: ID
[ 11]              ID: money
NEW NODE: VarDec
NEW NODE: RP
[ 11]              RP: )
NEW NODE: ParamDec
NEW NODE: VarList
NEW NODE: FunDec
NEW NODE: LC
[ 11]              LC: {
NEW NODE: STRUCT
[ 12]          STRUCT: struct
NEW NODE: ID
[ 12]              ID: FastFood
NEW NODE: ID
[ 12]              ID: cheap
NEW NODE: Tag
NEW NODE: StructSpecifier
NEW NODE: Specifier
NEW NODE: VarDec
NEW NODE: SEMI
[ 12]            SEMI: ;
NEW NODE: Dec
NEW NODE: DecList
NEW NODE: Def
NEW NODE: STRUCT
[ 13]          STRUCT: struct
NEW NODE: ID
[ 13]              ID: Burger
NEW NODE: ID
[ 13]              ID: expensive
NEW NODE: Tag
NEW NODE: StructSpecifier
NEW NODE: Specifier
NEW NODE: VarDec
NEW NODE: SEMI
[ 13]            SEMI: ;
NEW NODE: Dec
NEW NODE: DecList
NEW NODE: Def
NEW NODE: TYPE
[ 14]            TYPE: float
NEW NODE: Specifier
NEW NODE: ID
[ 14]              ID: realMoney
NEW NODE: VarDec
NEW NODE: COMMA
[ 14]           COMMA: ,
NEW NODE: Dec
NEW NODE: ID
[ 14]              ID: Burger
NEW NODE: VarDec
NEW NODE: SEMI
[ 14]            SEMI: ;
NEW NODE: Dec
NEW NODE: DecList
NEW NODE: DecList
NEW NODE: Def
NEW NODE: ID
[ 15]              ID: cheap
NEW NODE: DefList
NEW NODE: DefList
NEW NODE: DefList
NEW NODE: DefList
NEW NODE: DOT
[ 15]             DOT: .
NEW NODE: Exp
NEW NODE: ID
[ 15]              ID: price
NEW NODE: Exp
NEW NODE: ASSIGNOP
[ 15]        ASSIGNOP: =
NEW NODE: FLOAT
[ 15]           FLOAT: 1.3
NEW NODE: Exp
NEW NODE: SEMI
[ 15]            SEMI: ;
NEW NODE: Exp
NEW NODE: Stmt
NEW NODE: ID
[ 16]              ID: cheap
NEW NODE: DOT
[ 16]             DOT: .
NEW NODE: Exp
NEW NODE: ID
[ 16]              ID: yum
NEW NODE: Exp
NEW NODE: ASSIGNOP
[ 16]        ASSIGNOP: =
NEW NODE: INT
[ 16]             INT: 3
NEW NODE: Exp
NEW NODE: SEMI
[ 16]            SEMI: ;
NEW NODE: Exp
NEW NODE: Stmt
NEW NODE: ID
[ 17]              ID: expensive
NEW NODE: DOT
[ 17]             DOT: .
NEW NODE: Exp
NEW NODE: ID
[ 17]              ID: bucks
NEW NODE: Exp
NEW NODE: ASSIGNOP
[ 17]        ASSIGNOP: =
NEW NODE: FLOAT
[ 17]           FLOAT: 3.4
NEW NODE: Exp
NEW NODE: SEMI
[ 17]            SEMI: ;
NEW NODE: Exp
NEW NODE: Stmt
NEW NODE: IF
[ 18]              IF: if
NEW NODE: LP
[ 18]              LP: (
NEW NODE: ID
[ 18]              ID: cheap
NEW NODE: DOT
[ 18]             DOT: .
NEW NODE: Exp
NEW NODE: ID
[ 18]              ID: yum
NEW NODE: Exp
NEW NODE: RELOP
[ 18]           RELOP: ==
NEW NODE: INT
[ 18]             INT: 4
NEW NODE: Exp
NEW NODE: RP
[ 18]              RP: )
NEW NODE: Exp
NEW NODE: LC
[ 18]              LC: {
NEW NODE: ID
[ 19]              ID: realMoney
NEW NODE: DefList
NEW NODE: ASSIGNOP
[ 19]        ASSIGNOP: =
NEW NODE: Exp
NEW NODE: ID
[ 19]              ID: money
NEW NODE: MINUS
[ 19]           MINUS: -
NEW NODE: Exp
NEW NODE: ID
[ 19]              ID: cheap
NEW NODE: DOT
[ 19]             DOT: .
NEW NODE: Exp
NEW NODE: ID
[ 19]              ID: price
NEW NODE: Exp
NEW NODE: SEMI
[ 19]            SEMI: ;
NEW NODE: Exp
NEW NODE: Exp
NEW NODE: Stmt
NEW NODE: RETURN
[ 20]          RETURN: return
NEW NODE: ID
[ 20]              ID: realMoney
NEW NODE: SEMI
[ 20]            SEMI: ;
NEW NODE: Exp
NEW NODE: Stmt
NEW NODE: RC
[ 21]              RC: }
NEW NODE: StmtList
NEW NODE: StmtList
NEW NODE: StmtList
NEW NODE: CompSt
NEW NODE: Stmt
NEW NODE: ELSE
[ 21]            ELSE: else
NEW NODE: LC
[ 21]              LC: {
NEW NODE: ID
[ 22]              ID: Burger
NEW NODE: DefList
NEW NODE: ASSIGNOP
[ 22]        ASSIGNOP: =
NEW NODE: Exp
NEW NODE: ID
[ 22]              ID: money
NEW NODE: MINUS
[ 22]           MINUS: -
NEW NODE: Exp
NEW NODE: ID
[ 22]              ID: expensive
NEW NODE: DOT
[ 22]             DOT: .
NEW NODE: Exp
NEW NODE: ID
[ 22]              ID: bucks
NEW NODE: Exp
NEW NODE: SEMI
[ 22]            SEMI: ;
NEW NODE: Exp
NEW NODE: Exp
NEW NODE: Stmt
NEW NODE: RETURN
[ 23]          RETURN: return
NEW NODE: ID
[ 23]              ID: Burger
NEW NODE: SEMI
[ 23]            SEMI: ;
NEW NODE: Exp
NEW NODE: Stmt
NEW NODE: RC
[ 24]              RC: }
NEW NODE: StmtList
NEW NODE: StmtList
NEW NODE: StmtList
NEW NODE: CompSt
NEW NODE: Stmt
NEW NODE: Stmt
NEW NODE: RC
[ 25]              RC: }
NEW NODE: StmtList
NEW NODE: StmtList
NEW NODE: StmtList
NEW NODE: StmtList
NEW NODE: StmtList
NEW NODE: CompSt
NEW NODE: ExtDef
NEW NODE: ExtDefList
NEW NODE: ExtDefList
NEW NODE: ExtDefList
NEW NODE: ExtDefList
NEW NODE: Program
Miss 0 Syntax Error.
IN SEMANTIC ANALYSIS
[DEBUG] Finish Analysing OptTag.
[DEBUG] Finish Analysing Specifier.
Search for Insert: name: yum, ns: Field
[DEBUG] Finish Analysing VarDec4Field.
[DEBUG] Finish Analysing Dec4Field.
[DEBUG] Finish Analysing DecList4Field.
[DEBUG] Finish Analysing Def4Field.
[DEBUG] Finish Analysing Specifier.
Search for Insert: name: price, ns: Field
[DEBUG] Finish Analysing VarDec4Field.
[DEBUG] Finish Analysing Dec4Field.
[DEBUG] Finish Analysing DecList4Field.
[DEBUG] Finish Analysing Def4Field.
[DEBUG] Finish Analysing DefList4Field.
[DEBUG] Finish Analysing DefList4Field.
[DEBUG] Finish Analysing DefList4Field.
Search for Insert: name: FastFood, ns: 1
Insert Symbol: name: FastFood
------------------------------
stack 0:
	name: FastFood, src: STRUCT
------------------------------
[DEBUG] Finish Analysing StructSpecifier.
[DEBUG] Finish Analysing Specifier.
[DEBUG] Finish Analysing ExtDef.
[DEBUG] Finish Analysing OptTag.
[DEBUG] Finish Analysing Specifier.
Search for Insert: name: juice, ns: Field
[DEBUG] Finish Analysing VarDec4Field.
[DEBUG] Finish Analysing Dec4Field.
[DEBUG] Finish Analysing DecList4Field.
[DEBUG] Finish Analysing Def4Field.
[DEBUG] Finish Analysing Specifier.
Search for Insert: name: bucks, ns: Field
[DEBUG] Finish Analysing VarDec4Field.
[DEBUG] Finish Analysing Dec4Field.
[DEBUG] Finish Analysing DecList4Field.
[DEBUG] Finish Analysing Def4Field.
[DEBUG] Finish Analysing DefList4Field.
[DEBUG] Finish Analysing DefList4Field.
[DEBUG] Finish Analysing DefList4Field.
Search for Insert: name: Burger, ns: 1
Insert Symbol: name: Burger
------------------------------
stack 0:
	name: Burger, src: STRUCT
	name: FastFood, src: STRUCT
------------------------------
[DEBUG] Finish Analysing StructSpecifier.
[DEBUG] Finish Analysing Specifier.
[DEBUG] Finish Analysing ExtDef.
[DEBUG] Finish Analysing Specifier.
[DEBUG] Finish Analysing Specifier.
Search for Insert: name: money, ns: 3
Insert Symbol: name: money
------------------------------
stack 1:
	name: money, src: LVAR
stack 0:
	name: Burger, src: STRUCT
	name: FastFood, src: STRUCT
------------------------------
[DEBUG] Finish Analysing VarDec4Param.
[DEBUG] Finish Analysing ParamDec.
[DEBUG] Finish Analysing VarList.
[DEBUG] Finish Analysing FunDec.
Search for Insert: name: buyAFood, ns: 0
Insert Symbol: name: buyAFood
------------------------------
stack 1:
	name: money, src: LVAR
stack 0:
	name: buyAFood, src: FUNC
	name: Burger, src: STRUCT
	name: FastFood, src: STRUCT
------------------------------
[DEBUG] Finish Analysing StructSpecifier.
Search for Use: name: FastFood, ns: 1
[DEBUG] Finish Analysing Specifier.
Search for Insert: name: cheap, ns: 3
Insert Symbol: name: cheap
------------------------------
stack 1:
	name: cheap, src: LVAR
	name: money, src: LVAR
stack 0:
	name: buyAFood, src: FUNC
	name: Burger, src: STRUCT
	name: FastFood, src: STRUCT
------------------------------
[DEBUG] Finish Analysing VarDec4Var.
[DEBUG] Finish Analysing Dec4LocalVar.
[DEBUG] Finish Analysing DecList4LocalVar.
[DEBUG] Finish Analysing Def4LocalVar.
[DEBUG] Finish Analysing StructSpecifier.
Search for Use: name: Burger, ns: 1
[DEBUG] Finish Analysing Specifier.
Search for Insert: name: expensive, ns: 3
Insert Symbol: name: expensive
------------------------------
stack 1:
	name: expensive, src: LVAR
	name: cheap, src: LVAR
	name: money, src: LVAR
stack 0:
	name: buyAFood, src: FUNC
	name: Burger, src: STRUCT
	name: FastFood, src: STRUCT
------------------------------
[DEBUG] Finish Analysing VarDec4Var.
[DEBUG] Finish Analysing Dec4LocalVar.
[DEBUG] Finish Analysing DecList4LocalVar.
[DEBUG] Finish Analysing Def4LocalVar.
[DEBUG] Finish Analysing Specifier.
Search for Insert: name: realMoney, ns: 3
Insert Symbol: name: realMoney
------------------------------
stack 1:
	name: realMoney, src: LVAR
	name: expensive, src: LVAR
	name: cheap, src: LVAR
	name: money, src: LVAR
stack 0:
	name: buyAFood, src: FUNC
	name: Burger, src: STRUCT
	name: FastFood, src: STRUCT
------------------------------
[DEBUG] Finish Analysing VarDec4Var.
[DEBUG] Finish Analysing Dec4LocalVar.
Search for Insert: name: Burger, ns: 3
Insert Symbol: name: Burger
------------------------------
stack 1:
	name: Burger, src: LVAR
	name: realMoney, src: LVAR
	name: expensive, src: LVAR
	name: cheap, src: LVAR
	name: money, src: LVAR
stack 0:
	name: buyAFood, src: FUNC
	name: Burger, src: STRUCT
	name: FastFood, src: STRUCT
------------------------------
[DEBUG] Finish Analysing VarDec4Var.
[DEBUG] Finish Analysing Dec4LocalVar.
[DEBUG] Finish Analysing DecList4LocalVar.
[DEBUG] Finish Analysing DecList4LocalVar.
[DEBUG] Finish Analysing Def4LocalVar.
[DEBUG] Finish Analysing DefList4LocalVar.
[DEBUG] Finish Analysing DefList4LocalVar.
[DEBUG] Finish Analysing DefList4LocalVar.
[DEBUG] Finish Analysing DefList4LocalVar.
Search for Use: name: cheap, ns: 3
[DEBUG] Finish Analysing Exp.
[DEBUG] Finish Analysing Exp.
[DEBUG] Finish Analysing Exp.
[DEBUG] Finish Analysing Exp.
[DEBUG] Finish Analysing Stmt.
Search for Use: name: cheap, ns: 3
[DEBUG] Finish Analysing Exp.
[DEBUG] Finish Analysing Exp.
[DEBUG] Finish Analysing Exp.
[DEBUG] Finish Analysing Exp.
[DEBUG] Finish Analysing Stmt.
Search for Use: name: expensive, ns: 3
[DEBUG] Finish Analysing Exp.
[DEBUG] Finish Analysing Exp.
[DEBUG] Finish Analysing Exp.
[DEBUG] Finish Analysing Exp.
[DEBUG] Finish Analysing Stmt.
Search for Use: name: cheap, ns: 3
[DEBUG] Finish Analysing Exp.
[DEBUG] Finish Analysing Exp.
[DEBUG] Finish Analysing Exp.
[DEBUG] Finish Analysing Exp.
[DEBUG] Finish Analysing DefList4LocalVar.
Search for Use: name: realMoney, ns: 3
[DEBUG] Finish Analysing Exp.
Search for Use: name: money, ns: 3
[DEBUG] Finish Analysing Exp.
Search for Use: name: cheap, ns: 3
[DEBUG] Finish Analysing Exp.
[DEBUG] Finish Analysing Exp.
[DEBUG] Finish Analysing Exp.
[DEBUG] Finish Analysing Exp.
[DEBUG] Finish Analysing Stmt.
Search for Use: name: realMoney, ns: 3
[DEBUG] Finish Analysing Exp.
[DEBUG] Finish Analysing Stmt.
[DEBUG] Finish Analysing StmtList.
[DEBUG] Finish Analysing StmtList.
[DEBUG] Finish Analysing StmtList.
[DEBUG] Finish Analysing CompSt.
Clear Stack Top
------------------------------
stack 2:
stack 1:
	name: Burger, src: LVAR
	name: realMoney, src: LVAR
	name: expensive, src: LVAR
	name: cheap, src: LVAR
	name: money, src: LVAR
stack 0:
	name: buyAFood, src: FUNC
	name: Burger, src: STRUCT
	name: FastFood, src: STRUCT
------------------------------
[DEBUG] Finish Analysing Stmt.
[DEBUG] Finish Analysing DefList4LocalVar.
Search for Use: name: Burger, ns: 3
[DEBUG] Finish Analysing Exp.
Search for Use: name: money, ns: 3
[DEBUG] Finish Analysing Exp.
Search for Use: name: expensive, ns: 3
[DEBUG] Finish Analysing Exp.
[DEBUG] Finish Analysing Exp.
[DEBUG] Finish Analysing Exp.
[DEBUG] Finish Analysing Exp.
[DEBUG] Finish Analysing Stmt.
Search for Use: name: Burger, ns: 3
[DEBUG] Finish Analysing Exp.
[DEBUG] Finish Analysing Stmt.
[DEBUG] Finish Analysing StmtList.
[DEBUG] Finish Analysing StmtList.
[DEBUG] Finish Analysing StmtList.
[DEBUG] Finish Analysing CompSt.
Clear Stack Top
------------------------------
stack 2:
stack 1:
	name: Burger, src: LVAR
	name: realMoney, src: LVAR
	name: expensive, src: LVAR
	name: cheap, src: LVAR
	name: money, src: LVAR
stack 0:
	name: buyAFood, src: FUNC
	name: Burger, src: STRUCT
	name: FastFood, src: STRUCT
------------------------------
[DEBUG] Finish Analysing Stmt.
[DEBUG] Finish Analysing Stmt.
[DEBUG] Finish Analysing StmtList.
[DEBUG] Finish Analysing StmtList.
[DEBUG] Finish Analysing StmtList.
[DEBUG] Finish Analysing StmtList.
[DEBUG] Finish Analysing StmtList.
[DEBUG] Finish Analysing CompSt.
Clear Stack Top
------------------------------
stack 1:
stack 0:
	name: buyAFood, src: FUNC
	name: Burger, src: STRUCT
	name: FastFood, src: STRUCT
------------------------------
[DEBUG] Finish Analysing ExtDef.
[DEBUG] Finish Analysing ExtDefList.
[DEBUG] Finish Analysing ExtDefList.
[DEBUG] Finish Analysing ExtDefList.
[DEBUG] Finish Analysing ExtDefList.
[DEBUG] Finish Analysing Program.
