NEW NODE: STRUCT
[  1]          STRUCT: struct
NEW NODE: ID
[  1]              ID: Burger
NEW NODE: LC
[  1]              LC: {
NEW NODE: OptTag
NEW NODE: TYPE
[  2]            TYPE: int
NEW NODE: Specifier
NEW NODE: ID
[  2]              ID: meat
NEW NODE: VarDec
NEW NODE: SEMI
[  2]            SEMI: ;
NEW NODE: Dec
NEW NODE: DecList
NEW NODE: Def
NEW NODE: TYPE
[  3]            TYPE: int
NEW NODE: Specifier
NEW NODE: ID
[  3]              ID: bread
NEW NODE: VarDec
NEW NODE: SEMI
[  3]            SEMI: ;
NEW NODE: Dec
NEW NODE: DecList
NEW NODE: Def
NEW NODE: TYPE
[  4]            TYPE: float
NEW NODE: Specifier
NEW NODE: ID
[  4]              ID: saurce
NEW NODE: VarDec
NEW NODE: SEMI
[  4]            SEMI: ;
NEW NODE: Dec
NEW NODE: DecList
NEW NODE: Def
NEW NODE: RC
[  5]              RC: }
NEW NODE: DefList
NEW NODE: DefList
NEW NODE: DefList
NEW NODE: DefList
NEW NODE: StructSpecifier
NEW NODE: Specifier
NEW NODE: ID
[  5]              ID: McDonald
NEW NODE: SEMI
[  5]            SEMI: ;
NEW NODE: VarDec
NEW NODE: ExtDecList
NEW NODE: ExtDef
NEW NODE: STRUCT
[  7]          STRUCT: struct
NEW NODE: ID
[  7]              ID: Whopper
NEW NODE: LC
[  7]              LC: {
NEW NODE: OptTag
NEW NODE: TYPE
[  8]            TYPE: int
NEW NODE: Specifier
NEW NODE: ID
[  8]              ID: meat1
NEW NODE: VarDec
NEW NODE: SEMI
[  8]            SEMI: ;
NEW NODE: Dec
NEW NODE: DecList
NEW NODE: Def
NEW NODE: TYPE
[  9]            TYPE: int
NEW NODE: Specifier
NEW NODE: ID
[  9]              ID: meat2
NEW NODE: VarDec
NEW NODE: SEMI
[  9]            SEMI: ;
NEW NODE: Dec
NEW NODE: DecList
NEW NODE: Def
NEW NODE: TYPE
[ 10]            TYPE: int
NEW NODE: Specifier
NEW NODE: ID
[ 10]              ID: bread1
NEW NODE: VarDec
NEW NODE: SEMI
[ 10]            SEMI: ;
NEW NODE: Dec
NEW NODE: DecList
NEW NODE: Def
NEW NODE: TYPE
[ 11]            TYPE: int
NEW NODE: Specifier
NEW NODE: ID
[ 11]              ID: saurce1
NEW NODE: VarDec
NEW NODE: SEMI
[ 11]            SEMI: ;
NEW NODE: Dec
NEW NODE: DecList
NEW NODE: Def
NEW NODE: RC
[ 12]              RC: }
NEW NODE: DefList
NEW NODE: DefList
NEW NODE: DefList
NEW NODE: DefList
NEW NODE: DefList
NEW NODE: StructSpecifier
NEW NODE: Specifier
NEW NODE: ID
[ 12]              ID: BurgerKing
NEW NODE: SEMI
[ 12]            SEMI: ;
NEW NODE: VarDec
NEW NODE: ExtDecList
NEW NODE: ExtDef
NEW NODE: TYPE
[ 14]            TYPE: int
NEW NODE: Specifier
NEW NODE: ID
[ 14]              ID: theSame
NEW NODE: LP
[ 14]              LP: (
NEW NODE: TYPE
[ 14]            TYPE: int
NEW NODE: Specifier
NEW NODE: ID
[ 14]              ID: a
NEW NODE: VarDec
NEW NODE: COMMA
[ 14]           COMMA: ,
NEW NODE: ParamDec
NEW NODE: TYPE
[ 14]            TYPE: int
NEW NODE: Specifier
NEW NODE: ID
[ 14]              ID: b
NEW NODE: VarDec
NEW NODE: RP
[ 14]              RP: )
NEW NODE: ParamDec
NEW NODE: VarList
NEW NODE: VarList
NEW NODE: FunDec
NEW NODE: LC
[ 14]              LC: {
NEW NODE: IF
[ 15]              IF: if
NEW NODE: DefList
NEW NODE: LP
[ 15]              LP: (
NEW NODE: ID
[ 15]              ID: a
NEW NODE: RELOP
[ 15]           RELOP: ==
NEW NODE: Exp
NEW NODE: ID
[ 15]              ID: b
NEW NODE: RP
[ 15]              RP: )
NEW NODE: Exp
NEW NODE: Exp
NEW NODE: RETURN
[ 16]          RETURN: return
NEW NODE: INT
[ 16]             INT: 1
NEW NODE: Exp
NEW NODE: SEMI
[ 16]            SEMI: ;
NEW NODE: Stmt
NEW NODE: ELSE
[ 17]            ELSE: else
NEW NODE: RETURN
[ 18]          RETURN: return
NEW NODE: INT
[ 18]             INT: 0
NEW NODE: Exp
NEW NODE: SEMI
[ 18]            SEMI: ;
NEW NODE: Stmt
NEW NODE: Stmt
NEW NODE: RC
[ 19]              RC: }
NEW NODE: StmtList
NEW NODE: StmtList
NEW NODE: CompSt
NEW NODE: ExtDef
NEW NODE: TYPE
[ 21]            TYPE: int
NEW NODE: Specifier
NEW NODE: ID
[ 21]              ID: main
NEW NODE: LP
[ 21]              LP: (
NEW NODE: RP
[ 21]              RP: )
NEW NODE: FunDec
NEW NODE: LC
[ 21]              LC: {
NEW NODE: TYPE
[ 22]            TYPE: int
NEW NODE: Specifier
NEW NODE: ID
[ 22]              ID: p
NEW NODE: VarDec
NEW NODE: SEMI
[ 22]            SEMI: ;
NEW NODE: Dec
NEW NODE: DecList
NEW NODE: Def
NEW NODE: ID
[ 23]              ID: McDonald
NEW NODE: DefList
NEW NODE: DefList
NEW NODE: DOT
[ 23]             DOT: .
NEW NODE: Exp
NEW NODE: ID
[ 23]              ID: meat
NEW NODE: Exp
NEW NODE: ASSIGNOP
[ 23]        ASSIGNOP: =
NEW NODE: MINUS
[ 23]           MINUS: -
NEW NODE: INT
[ 23]             INT: 1
NEW NODE: Exp
NEW NODE: SEMI
[ 23]            SEMI: ;
NEW NODE: Exp
NEW NODE: Exp
NEW NODE: Stmt
NEW NODE: ID
[ 24]              ID: McDonald
NEW NODE: DOT
[ 24]             DOT: .
NEW NODE: Exp
NEW NODE: ID
[ 24]              ID: bread
NEW NODE: Exp
NEW NODE: ASSIGNOP
[ 24]        ASSIGNOP: =
NEW NODE: INT
[ 24]             INT: 1
NEW NODE: Exp
NEW NODE: SEMI
[ 24]            SEMI: ;
NEW NODE: Exp
NEW NODE: Stmt
NEW NODE: ID
[ 25]              ID: McDonald
NEW NODE: DOT
[ 25]             DOT: .
NEW NODE: Exp
NEW NODE: ID
[ 25]              ID: saurce
NEW NODE: Exp
NEW NODE: ASSIGNOP
[ 25]        ASSIGNOP: =
NEW NODE: FLOAT
[ 25]           FLOAT: 3.4
NEW NODE: Exp
NEW NODE: SEMI
[ 25]            SEMI: ;
NEW NODE: Exp
NEW NODE: Stmt
NEW NODE: ID
[ 26]              ID: BurgerKing
NEW NODE: DOT
[ 26]             DOT: .
NEW NODE: Exp
NEW NODE: ID
[ 26]              ID: meat1
NEW NODE: Exp
NEW NODE: ASSIGNOP
[ 26]        ASSIGNOP: =
NEW NODE: INT
[ 26]             INT: 3
NEW NODE: Exp
NEW NODE: SEMI
[ 26]            SEMI: ;
NEW NODE: Exp
NEW NODE: Stmt
NEW NODE: ID
[ 27]              ID: BurgerKing
NEW NODE: DOT
[ 27]             DOT: .
NEW NODE: Exp
NEW NODE: ID
[ 27]              ID: meat2
NEW NODE: Exp
NEW NODE: ASSIGNOP
[ 27]        ASSIGNOP: =
NEW NODE: INT
[ 27]             INT: 3
NEW NODE: Exp
NEW NODE: SEMI
[ 27]            SEMI: ;
NEW NODE: Exp
NEW NODE: Stmt
NEW NODE: ID
[ 28]              ID: p
NEW NODE: ASSIGNOP
[ 28]        ASSIGNOP: =
NEW NODE: Exp
NEW NODE: ID
[ 28]              ID: theSame
NEW NODE: LP
[ 28]              LP: (
NEW NODE: ID
[ 28]              ID: McDonald
NEW NODE: DOT
[ 28]             DOT: .
NEW NODE: Exp
NEW NODE: ID
[ 28]              ID: meat
NEW NODE: Exp
NEW NODE: COMMA
[ 28]           COMMA: ,
NEW NODE: ID
[ 28]              ID: BurgerKing
NEW NODE: DOT
[ 28]             DOT: .
NEW NODE: Exp
NEW NODE: ID
[ 28]              ID: meat1
NEW NODE: Exp
NEW NODE: RP
[ 28]              RP: )
NEW NODE: Args
NEW NODE: Args
NEW NODE: Exp
NEW NODE: SEMI
[ 28]            SEMI: ;
NEW NODE: Exp
NEW NODE: Stmt
NEW NODE: ID
[ 29]              ID: theSame
NEW NODE: LP
[ 29]              LP: (
NEW NODE: ID
[ 29]              ID: McDonald
NEW NODE: DOT
[ 29]             DOT: .
NEW NODE: Exp
NEW NODE: ID
[ 29]              ID: meat
NEW NODE: Exp
NEW NODE: COMMA
[ 29]           COMMA: ,
NEW NODE: ID
[ 29]              ID: BurgerKing
NEW NODE: DOT
[ 29]             DOT: .
NEW NODE: Exp
NEW NODE: ID
[ 29]              ID: meat2
NEW NODE: Exp
NEW NODE: RP
[ 29]              RP: )
NEW NODE: Args
NEW NODE: Args
NEW NODE: Exp
NEW NODE: ASSIGNOP
[ 29]        ASSIGNOP: =
NEW NODE: ID
[ 29]              ID: p
NEW NODE: SEMI
[ 29]            SEMI: ;
NEW NODE: Exp
NEW NODE: Exp
NEW NODE: Stmt
NEW NODE: RETURN
[ 30]          RETURN: return
NEW NODE: ID
[ 30]              ID: p
NEW NODE: SEMI
[ 30]            SEMI: ;
NEW NODE: Exp
NEW NODE: Stmt
NEW NODE: RC
[ 31]              RC: }
NEW NODE: StmtList
NEW NODE: StmtList
NEW NODE: StmtList
NEW NODE: StmtList
NEW NODE: StmtList
NEW NODE: StmtList
NEW NODE: StmtList
NEW NODE: StmtList
NEW NODE: StmtList
NEW NODE: CompSt
NEW NODE: ExtDef
NEW NODE: ExtDefList
NEW NODE: ExtDefList
NEW NODE: ExtDefList
NEW NODE: ExtDefList
NEW NODE: ExtDefList
NEW NODE: Program
Miss 0 Syntax Error.
IN SEMANTIC ANALYSIS
[DEBUG] Finish Analysing OptTag.
[DEBUG] Finish Analysing Specifier.
Search for Insert: name: meat, ns: Field
[DEBUG] Finish Analysing VarDec4Field.
[DEBUG] Finish Analysing Dec4Field.
[DEBUG] Finish Analysing DecList4Field.
[DEBUG] Finish Analysing Def4Field.
[DEBUG] Finish Analysing Specifier.
Search for Insert: name: bread, ns: Field
[DEBUG] Finish Analysing VarDec4Field.
[DEBUG] Finish Analysing Dec4Field.
[DEBUG] Finish Analysing DecList4Field.
[DEBUG] Finish Analysing Def4Field.
[DEBUG] Finish Analysing Specifier.
Search for Insert: name: saurce, ns: Field
[DEBUG] Finish Analysing VarDec4Field.
[DEBUG] Finish Analysing Dec4Field.
[DEBUG] Finish Analysing DecList4Field.
[DEBUG] Finish Analysing Def4Field.
[DEBUG] Finish Analysing DefList4Field.
[DEBUG] Finish Analysing DefList4Field.
[DEBUG] Finish Analysing DefList4Field.
[DEBUG] Finish Analysing DefList4Field.
Search for Insert: name: Burger, ns: 1
Insert Symbol: name: Burger
------------------------------
stack 0:
	name: Burger, src: STRUCT
------------------------------
[DEBUG] Finish Analysing StructSpecifier.
[DEBUG] Finish Analysing Specifier.
Search for Insert: name: McDonald, ns: 2
Insert Symbol: name: McDonald
------------------------------
stack 0:
	name: McDonald, src: GVAR
	name: Burger, src: STRUCT
------------------------------
[DEBUG] Finish Analysing VarDec4Var.
[DEBUG] Finish Analysing ExtDecList.
[DEBUG] Finish Analysing ExtDef.
[DEBUG] Finish Analysing OptTag.
[DEBUG] Finish Analysing Specifier.
Search for Insert: name: meat1, ns: Field
[DEBUG] Finish Analysing VarDec4Field.
[DEBUG] Finish Analysing Dec4Field.
[DEBUG] Finish Analysing DecList4Field.
[DEBUG] Finish Analysing Def4Field.
[DEBUG] Finish Analysing Specifier.
Search for Insert: name: meat2, ns: Field
[DEBUG] Finish Analysing VarDec4Field.
[DEBUG] Finish Analysing Dec4Field.
[DEBUG] Finish Analysing DecList4Field.
[DEBUG] Finish Analysing Def4Field.
[DEBUG] Finish Analysing Specifier.
Search for Insert: name: bread1, ns: Field
[DEBUG] Finish Analysing VarDec4Field.
[DEBUG] Finish Analysing Dec4Field.
[DEBUG] Finish Analysing DecList4Field.
[DEBUG] Finish Analysing Def4Field.
[DEBUG] Finish Analysing Specifier.
Search for Insert: name: saurce1, ns: Field
[DEBUG] Finish Analysing VarDec4Field.
[DEBUG] Finish Analysing Dec4Field.
[DEBUG] Finish Analysing DecList4Field.
[DEBUG] Finish Analysing Def4Field.
[DEBUG] Finish Analysing DefList4Field.
[DEBUG] Finish Analysing DefList4Field.
[DEBUG] Finish Analysing DefList4Field.
[DEBUG] Finish Analysing DefList4Field.
[DEBUG] Finish Analysing DefList4Field.
Search for Insert: name: Whopper, ns: 1
Insert Symbol: name: Whopper
------------------------------
stack 0:
	name: Whopper, src: STRUCT
	name: McDonald, src: GVAR
	name: Burger, src: STRUCT
------------------------------
[DEBUG] Finish Analysing StructSpecifier.
[DEBUG] Finish Analysing Specifier.
Search for Insert: name: BurgerKing, ns: 2
Insert Symbol: name: BurgerKing
------------------------------
stack 0:
	name: BurgerKing, src: GVAR
	name: Whopper, src: STRUCT
	name: McDonald, src: GVAR
	name: Burger, src: STRUCT
------------------------------
[DEBUG] Finish Analysing VarDec4Var.
[DEBUG] Finish Analysing ExtDecList.
[DEBUG] Finish Analysing ExtDef.
[DEBUG] Finish Analysing Specifier.
[DEBUG] Finish Analysing Specifier.
Search for Insert: name: a, ns: 3
Insert Symbol: name: a
------------------------------
stack 1:
	name: a, src: LVAR
stack 0:
	name: BurgerKing, src: GVAR
	name: Whopper, src: STRUCT
	name: McDonald, src: GVAR
	name: Burger, src: STRUCT
------------------------------
[DEBUG] Finish Analysing VarDec4Param.
[DEBUG] Finish Analysing ParamDec.
[DEBUG] Finish Analysing Specifier.
Search for Insert: name: b, ns: 3
Insert Symbol: name: b
------------------------------
stack 1:
	name: b, src: LVAR
	name: a, src: LVAR
stack 0:
	name: BurgerKing, src: GVAR
	name: Whopper, src: STRUCT
	name: McDonald, src: GVAR
	name: Burger, src: STRUCT
------------------------------
[DEBUG] Finish Analysing VarDec4Param.
[DEBUG] Finish Analysing ParamDec.
[DEBUG] Finish Analysing VarList.
[DEBUG] Finish Analysing VarList.
[DEBUG] Finish Analysing FunDec.
Search for Insert: name: theSame, ns: 0
Insert Symbol: name: theSame
------------------------------
stack 1:
	name: b, src: LVAR
	name: a, src: LVAR
stack 0:
	name: theSame, src: FUNC
	name: BurgerKing, src: GVAR
	name: Whopper, src: STRUCT
	name: McDonald, src: GVAR
	name: Burger, src: STRUCT
------------------------------
[DEBUG] Finish Analysing DefList4LocalVar.
Search for Use: name: a, ns: 3
[DEBUG] Finish Analysing Exp.
Search for Use: name: b, ns: 3
[DEBUG] Finish Analysing Exp.
[DEBUG] Finish Analysing Exp.
[DEBUG] Finish Analysing Exp.
[DEBUG] Finish Analysing Stmt.
[DEBUG] Finish Analysing Exp.
[DEBUG] Finish Analysing Stmt.
[DEBUG] Finish Analysing Stmt.
[DEBUG] Finish Analysing StmtList.
[DEBUG] Finish Analysing StmtList.
[DEBUG] Finish Analysing CompSt.
Clear Stack Top
------------------------------
stack 1:
stack 0:
	name: theSame, src: FUNC
	name: BurgerKing, src: GVAR
	name: Whopper, src: STRUCT
	name: McDonald, src: GVAR
	name: Burger, src: STRUCT
------------------------------
[DEBUG] Finish Analysing ExtDef.
[DEBUG] Finish Analysing Specifier.
[DEBUG] Finish Analysing FunDec.
Search for Insert: name: main, ns: 0
Insert Symbol: name: main
------------------------------
stack 1:
stack 0:
	name: main, src: FUNC
	name: theSame, src: FUNC
	name: BurgerKing, src: GVAR
	name: Whopper, src: STRUCT
	name: McDonald, src: GVAR
	name: Burger, src: STRUCT
------------------------------
[DEBUG] Finish Analysing Specifier.
Search for Insert: name: p, ns: 3
Insert Symbol: name: p
------------------------------
stack 1:
	name: p, src: LVAR
stack 0:
	name: main, src: FUNC
	name: theSame, src: FUNC
	name: BurgerKing, src: GVAR
	name: Whopper, src: STRUCT
	name: McDonald, src: GVAR
	name: Burger, src: STRUCT
------------------------------
[DEBUG] Finish Analysing VarDec4Var.
[DEBUG] Finish Analysing Dec4LocalVar.
[DEBUG] Finish Analysing DecList4LocalVar.
[DEBUG] Finish Analysing Def4LocalVar.
[DEBUG] Finish Analysing DefList4LocalVar.
[DEBUG] Finish Analysing DefList4LocalVar.
Search for Use: name: McDonald, ns: 3
Search for Use: name: McDonald, ns: 2
[DEBUG] Finish Analysing Exp.
[DEBUG] Finish Analysing Exp.
[DEBUG] Finish Analysing Exp.
[DEBUG] Finish Analysing Exp.
[DEBUG] Finish Analysing Exp.
[DEBUG] Finish Analysing Stmt.
Search for Use: name: McDonald, ns: 3
Search for Use: name: McDonald, ns: 2
[DEBUG] Finish Analysing Exp.
[DEBUG] Finish Analysing Exp.
[DEBUG] Finish Analysing Exp.
[DEBUG] Finish Analysing Exp.
[DEBUG] Finish Analysing Stmt.
Search for Use: name: McDonald, ns: 3
Search for Use: name: McDonald, ns: 2
[DEBUG] Finish Analysing Exp.
[DEBUG] Finish Analysing Exp.
[DEBUG] Finish Analysing Exp.
[DEBUG] Finish Analysing Exp.
[DEBUG] Finish Analysing Stmt.
Search for Use: name: BurgerKing, ns: 3
Search for Use: name: BurgerKing, ns: 2
[DEBUG] Finish Analysing Exp.
[DEBUG] Finish Analysing Exp.
[DEBUG] Finish Analysing Exp.
[DEBUG] Finish Analysing Exp.
[DEBUG] Finish Analysing Stmt.
Search for Use: name: BurgerKing, ns: 3
Search for Use: name: BurgerKing, ns: 2
[DEBUG] Finish Analysing Exp.
[DEBUG] Finish Analysing Exp.
[DEBUG] Finish Analysing Exp.
[DEBUG] Finish Analysing Exp.
[DEBUG] Finish Analysing Stmt.
Search for Use: name: p, ns: 3
[DEBUG] Finish Analysing Exp.
Search for Use: name: theSame, ns: 0
Search for Use: name: McDonald, ns: 3
Search for Use: name: McDonald, ns: 2
[DEBUG] Finish Analysing Exp.
[DEBUG] Finish Analysing Exp.
Search for Use: name: BurgerKing, ns: 3
Search for Use: name: BurgerKing, ns: 2
[DEBUG] Finish Analysing Exp.
[DEBUG] Finish Analysing Exp.
[DEBUG] Finish Analysing Args.
[DEBUG] Finish Analysing Args.
[DEBUG] Finish Analysing Exp.
[DEBUG] Finish Analysing Exp.
[DEBUG] Finish Analysing Stmt.
Search for Use: name: theSame, ns: 0
Search for Use: name: McDonald, ns: 3
Search for Use: name: McDonald, ns: 2
[DEBUG] Finish Analysing Exp.
[DEBUG] Finish Analysing Exp.
Search for Use: name: BurgerKing, ns: 3
Search for Use: name: BurgerKing, ns: 2
[DEBUG] Finish Analysing Exp.
[DEBUG] Finish Analysing Exp.
[DEBUG] Finish Analysing Args.
[DEBUG] Finish Analysing Args.
[DEBUG] Finish Analysing Exp.
Search for Use: name: p, ns: 3
[DEBUG] Finish Analysing Exp.
[DEBUG] Finish Analysing Exp.
[DEBUG] Finish Analysing Stmt.
Search for Use: name: p, ns: 3
[DEBUG] Finish Analysing Exp.
[DEBUG] Finish Analysing Stmt.
[DEBUG] Finish Analysing StmtList.
[DEBUG] Finish Analysing StmtList.
[DEBUG] Finish Analysing StmtList.
[DEBUG] Finish Analysing StmtList.
[DEBUG] Finish Analysing StmtList.
[DEBUG] Finish Analysing StmtList.
[DEBUG] Finish Analysing StmtList.
[DEBUG] Finish Analysing StmtList.
[DEBUG] Finish Analysing StmtList.
[DEBUG] Finish Analysing CompSt.
Clear Stack Top
------------------------------
stack 1:
stack 0:
	name: main, src: FUNC
	name: theSame, src: FUNC
	name: BurgerKing, src: GVAR
	name: Whopper, src: STRUCT
	name: McDonald, src: GVAR
	name: Burger, src: STRUCT
------------------------------
[DEBUG] Finish Analysing ExtDef.
[DEBUG] Finish Analysing ExtDefList.
[DEBUG] Finish Analysing ExtDefList.
[DEBUG] Finish Analysing ExtDefList.
[DEBUG] Finish Analysing ExtDefList.
[DEBUG] Finish Analysing ExtDefList.
[DEBUG] Finish Analysing Program.
