NEW NODE: STRUCT
[  1]          STRUCT: struct
NEW NODE: ID
[  1]              ID: Fries
NEW NODE: LC
[  1]              LC: {
NEW NODE: OptTag
NEW NODE: TYPE
[  2]            TYPE: int
NEW NODE: Specifier
NEW NODE: ID
[  2]              ID: number
NEW NODE: VarDec
NEW NODE: SEMI
[  2]            SEMI: ;
NEW NODE: Dec
NEW NODE: DecList
NEW NODE: Def
NEW NODE: TYPE
[  3]            TYPE: float
NEW NODE: Specifier
NEW NODE: ID
[  3]              ID: flavor
NEW NODE: VarDec
NEW NODE: SEMI
[  3]            SEMI: ;
NEW NODE: Dec
NEW NODE: DecList
NEW NODE: Def
NEW NODE: RC
[  4]              RC: }
NEW NODE: DefList
NEW NODE: DefList
NEW NODE: DefList
NEW NODE: StructSpecifier
NEW NODE: Specifier
NEW NODE: SEMI
[  4]            SEMI: ;
NEW NODE: ExtDef
NEW NODE: TYPE
[  6]            TYPE: int
NEW NODE: Specifier
NEW NODE: ID
[  6]              ID: tasty
NEW NODE: LP
[  6]              LP: (
NEW NODE: RP
[  6]              RP: )
NEW NODE: FunDec
NEW NODE: LC
[  6]              LC: {
NEW NODE: STRUCT
[  7]          STRUCT: struct
NEW NODE: ID
[  7]              ID: Fries
NEW NODE: ID
[  7]              ID: McDonald
NEW NODE: Tag
NEW NODE: StructSpecifier
NEW NODE: Specifier
NEW NODE: VarDec
NEW NODE: SEMI
[  7]            SEMI: ;
NEW NODE: Dec
NEW NODE: DecList
NEW NODE: Def
NEW NODE: ID
[  8]              ID: McDonald
NEW NODE: DefList
NEW NODE: DefList
NEW NODE: DOT
[  8]             DOT: .
NEW NODE: Exp
NEW NODE: ID
[  8]              ID: number
NEW NODE: Exp
NEW NODE: ASSIGNOP
[  8]        ASSIGNOP: =
NEW NODE: INT
[  8]             INT: 30
NEW NODE: Exp
NEW NODE: SEMI
[  8]            SEMI: ;
NEW NODE: Exp
NEW NODE: Stmt
NEW NODE: ID
[  9]              ID: McDonald
NEW NODE: DOT
[  9]             DOT: .
NEW NODE: Exp
NEW NODE: ID
[  9]              ID: flavor
NEW NODE: Exp
NEW NODE: ASSIGNOP
[  9]        ASSIGNOP: =
NEW NODE: MINUS
[  9]           MINUS: -
NEW NODE: FLOAT
[  9]           FLOAT: 1.2
NEW NODE: Exp
NEW NODE: SEMI
[  9]            SEMI: ;
NEW NODE: Exp
NEW NODE: Exp
NEW NODE: Stmt
NEW NODE: WHILE
[ 10]           WHILE: while
NEW NODE: LP
[ 10]              LP: (
NEW NODE: ID
[ 10]              ID: McDonald
NEW NODE: DOT
[ 10]             DOT: .
NEW NODE: Exp
NEW NODE: ID
[ 10]              ID: number
NEW NODE: Exp
NEW NODE: RELOP
[ 10]           RELOP: >
NEW NODE: INT
[ 10]             INT: 13
NEW NODE: Exp
NEW NODE: RP
[ 10]              RP: )
NEW NODE: Exp
NEW NODE: LC
[ 10]              LC: {
NEW NODE: ID
[ 11]              ID: McDonald
NEW NODE: DefList
NEW NODE: DOT
[ 11]             DOT: .
NEW NODE: Exp
NEW NODE: ID
[ 11]              ID: flavor
NEW NODE: Exp
NEW NODE: ASSIGNOP
[ 11]        ASSIGNOP: =
NEW NODE: ID
[ 11]              ID: McDonald
NEW NODE: DOT
[ 11]             DOT: .
NEW NODE: Exp
NEW NODE: ID
[ 11]              ID: flavor
NEW NODE: Exp
NEW NODE: PLUS
[ 11]            PLUS: +
NEW NODE: FLOAT
[ 11]           FLOAT: 1.2
NEW NODE: Exp
NEW NODE: SEMI
[ 11]            SEMI: ;
NEW NODE: Exp
NEW NODE: Exp
NEW NODE: Stmt
NEW NODE: ID
[ 12]              ID: McDonald
NEW NODE: DOT
[ 12]             DOT: .
NEW NODE: Exp
NEW NODE: ID
[ 12]              ID: number
NEW NODE: Exp
NEW NODE: ASSIGNOP
[ 12]        ASSIGNOP: =
NEW NODE: ID
[ 12]              ID: McDonald
NEW NODE: DOT
[ 12]             DOT: .
NEW NODE: Exp
NEW NODE: ID
[ 12]              ID: number
NEW NODE: Exp
NEW NODE: MINUS
[ 12]           MINUS: -
NEW NODE: INT
[ 12]             INT: 3
NEW NODE: Exp
NEW NODE: SEMI
[ 12]            SEMI: ;
NEW NODE: Exp
NEW NODE: Exp
NEW NODE: Stmt
NEW NODE: RC
[ 13]              RC: }
NEW NODE: StmtList
NEW NODE: StmtList
NEW NODE: StmtList
NEW NODE: CompSt
NEW NODE: Stmt
NEW NODE: Stmt
NEW NODE: IF
[ 15]              IF: if
NEW NODE: LP
[ 15]              LP: (
NEW NODE: ID
[ 15]              ID: McDonald
NEW NODE: DOT
[ 15]             DOT: .
NEW NODE: Exp
NEW NODE: ID
[ 15]              ID: number
NEW NODE: Exp
NEW NODE: RELOP
[ 15]           RELOP: <=
NEW NODE: INT
[ 15]             INT: 24
NEW NODE: Exp
NEW NODE: RP
[ 15]              RP: )
NEW NODE: Exp
NEW NODE: LC
[ 15]              LC: {
NEW NODE: RETURN
[ 16]          RETURN: return
NEW NODE: DefList
NEW NODE: ID
[ 16]              ID: McDonald
NEW NODE: DOT
[ 16]             DOT: .
NEW NODE: Exp
NEW NODE: ID
[ 16]              ID: number
NEW NODE: Exp
NEW NODE: SEMI
[ 16]            SEMI: ;
NEW NODE: Stmt
NEW NODE: RC
[ 17]              RC: }
NEW NODE: StmtList
NEW NODE: StmtList
NEW NODE: CompSt
NEW NODE: Stmt
NEW NODE: ELSE
[ 17]            ELSE: else
NEW NODE: LC
[ 17]              LC: {
NEW NODE: RETURN
[ 18]          RETURN: return
NEW NODE: DefList
NEW NODE: ID
[ 18]              ID: McDonald
NEW NODE: DOT
[ 18]             DOT: .
NEW NODE: Exp
NEW NODE: ID
[ 18]              ID: flavor
NEW NODE: Exp
NEW NODE: SEMI
[ 18]            SEMI: ;
NEW NODE: Stmt
NEW NODE: RC
[ 19]              RC: }
NEW NODE: StmtList
NEW NODE: StmtList
NEW NODE: CompSt
NEW NODE: Stmt
NEW NODE: Stmt
NEW NODE: RC
[ 20]              RC: }
NEW NODE: StmtList
NEW NODE: StmtList
NEW NODE: StmtList
NEW NODE: StmtList
NEW NODE: StmtList
NEW NODE: CompSt
NEW NODE: ExtDef
NEW NODE: ExtDefList
NEW NODE: ExtDefList
NEW NODE: ExtDefList
NEW NODE: Program
Miss 0 Syntax Error.
IN SEMANTIC ANALYSIS
[DEBUG] Finish Analysing OptTag.
[DEBUG] Finish Analysing Specifier.
Search for Insert: name: number, ns: Field
[DEBUG] Finish Analysing VarDec4Field.
[DEBUG] Finish Analysing Dec4Field.
[DEBUG] Finish Analysing DecList4Field.
[DEBUG] Finish Analysing Def4Field.
[DEBUG] Finish Analysing Specifier.
Search for Insert: name: flavor, ns: Field
[DEBUG] Finish Analysing VarDec4Field.
[DEBUG] Finish Analysing Dec4Field.
[DEBUG] Finish Analysing DecList4Field.
[DEBUG] Finish Analysing Def4Field.
[DEBUG] Finish Analysing DefList4Field.
[DEBUG] Finish Analysing DefList4Field.
[DEBUG] Finish Analysing DefList4Field.
Search for Insert: name: Fries, ns: 1
Insert Symbol: name: Fries
------------------------------
stack 0:
	name: Fries, src: STRUCT
------------------------------
[DEBUG] Finish Analysing StructSpecifier.
[DEBUG] Finish Analysing Specifier.
[DEBUG] Finish Analysing ExtDef.
[DEBUG] Finish Analysing Specifier.
[DEBUG] Finish Analysing FunDec.
Search for Insert: name: tasty, ns: 0
Insert Symbol: name: tasty
------------------------------
stack 1:
stack 0:
	name: tasty, src: FUNC
	name: Fries, src: STRUCT
------------------------------
[DEBUG] Finish Analysing StructSpecifier.
Search for Use: name: Fries, ns: 1
[DEBUG] Finish Analysing Specifier.
Search for Insert: name: McDonald, ns: 3
Insert Symbol: name: McDonald
------------------------------
stack 1:
	name: McDonald, src: LVAR
stack 0:
	name: tasty, src: FUNC
	name: Fries, src: STRUCT
------------------------------
[DEBUG] Finish Analysing VarDec4Var.
[DEBUG] Finish Analysing Dec4LocalVar.
[DEBUG] Finish Analysing DecList4LocalVar.
[DEBUG] Finish Analysing Def4LocalVar.
[DEBUG] Finish Analysing DefList4LocalVar.
[DEBUG] Finish Analysing DefList4LocalVar.
Search for Use: name: McDonald, ns: 3
[DEBUG] Finish Analysing Exp.
[DEBUG] Finish Analysing Exp.
[DEBUG] Finish Analysing Exp.
[DEBUG] Finish Analysing Exp.
[DEBUG] Finish Analysing Stmt.
Search for Use: name: McDonald, ns: 3
[DEBUG] Finish Analysing Exp.
[DEBUG] Finish Analysing Exp.
[DEBUG] Finish Analysing Exp.
[DEBUG] Finish Analysing Exp.
[DEBUG] Finish Analysing Exp.
[DEBUG] Finish Analysing Stmt.
Search for Use: name: McDonald, ns: 3
[DEBUG] Finish Analysing Exp.
[DEBUG] Finish Analysing Exp.
[DEBUG] Finish Analysing Exp.
[DEBUG] Finish Analysing Exp.
[DEBUG] Finish Analysing DefList4LocalVar.
Search for Use: name: McDonald, ns: 3
[DEBUG] Finish Analysing Exp.
[DEBUG] Finish Analysing Exp.
Search for Use: name: McDonald, ns: 3
[DEBUG] Finish Analysing Exp.
[DEBUG] Finish Analysing Exp.
[DEBUG] Finish Analysing Exp.
[DEBUG] Finish Analysing Exp.
[DEBUG] Finish Analysing Exp.
[DEBUG] Finish Analysing Stmt.
Search for Use: name: McDonald, ns: 3
[DEBUG] Finish Analysing Exp.
[DEBUG] Finish Analysing Exp.
Search for Use: name: McDonald, ns: 3
[DEBUG] Finish Analysing Exp.
[DEBUG] Finish Analysing Exp.
[DEBUG] Finish Analysing Exp.
[DEBUG] Finish Analysing Exp.
[DEBUG] Finish Analysing Exp.
[DEBUG] Finish Analysing Stmt.
[DEBUG] Finish Analysing StmtList.
[DEBUG] Finish Analysing StmtList.
[DEBUG] Finish Analysing StmtList.
[DEBUG] Finish Analysing CompSt.
Clear Stack Top
------------------------------
stack 2:
stack 1:
	name: McDonald, src: LVAR
stack 0:
	name: tasty, src: FUNC
	name: Fries, src: STRUCT
------------------------------
[DEBUG] Finish Analysing Stmt.
[DEBUG] Finish Analysing Stmt.
Search for Use: name: McDonald, ns: 3
[DEBUG] Finish Analysing Exp.
[DEBUG] Finish Analysing Exp.
[DEBUG] Finish Analysing Exp.
[DEBUG] Finish Analysing Exp.
[DEBUG] Finish Analysing DefList4LocalVar.
Search for Use: name: McDonald, ns: 3
[DEBUG] Finish Analysing Exp.
[DEBUG] Finish Analysing Exp.
[DEBUG] Finish Analysing Stmt.
[DEBUG] Finish Analysing StmtList.
[DEBUG] Finish Analysing StmtList.
[DEBUG] Finish Analysing CompSt.
Clear Stack Top
------------------------------
stack 2:
stack 1:
	name: McDonald, src: LVAR
stack 0:
	name: tasty, src: FUNC
	name: Fries, src: STRUCT
------------------------------
[DEBUG] Finish Analysing Stmt.
[DEBUG] Finish Analysing DefList4LocalVar.
Search for Use: name: McDonald, ns: 3
[DEBUG] Finish Analysing Exp.
[DEBUG] Finish Analysing Exp.
[DEBUG] Finish Analysing Stmt.
[DEBUG] Finish Analysing StmtList.
[DEBUG] Finish Analysing StmtList.
[DEBUG] Finish Analysing CompSt.
Clear Stack Top
------------------------------
stack 2:
stack 1:
	name: McDonald, src: LVAR
stack 0:
	name: tasty, src: FUNC
	name: Fries, src: STRUCT
------------------------------
[DEBUG] Finish Analysing Stmt.
[DEBUG] Finish Analysing Stmt.
[DEBUG] Finish Analysing StmtList.
[DEBUG] Finish Analysing StmtList.
[DEBUG] Finish Analysing StmtList.
[DEBUG] Finish Analysing StmtList.
[DEBUG] Finish Analysing StmtList.
[DEBUG] Finish Analysing CompSt.
Clear Stack Top
------------------------------
stack 1:
stack 0:
	name: tasty, src: FUNC
	name: Fries, src: STRUCT
------------------------------
[DEBUG] Finish Analysing ExtDef.
[DEBUG] Finish Analysing ExtDefList.
[DEBUG] Finish Analysing ExtDefList.
[DEBUG] Finish Analysing ExtDefList.
[DEBUG] Finish Analysing Program.
