NEW NODE: STRUCT
[  1]          STRUCT: struct
NEW NODE: ID
[  1]              ID: Furiosa
NEW NODE: LC
[  1]              LC: {
NEW NODE: OptTag
NEW NODE: TYPE
[  2]            TYPE: int
NEW NODE: Specifier
NEW NODE: ID
[  2]              ID: arm
NEW NODE: VarDec
NEW NODE: SEMI
[  2]            SEMI: ;
NEW NODE: Dec
NEW NODE: DecList
NEW NODE: Def
NEW NODE: TYPE
[  3]            TYPE: int
NEW NODE: Specifier
NEW NODE: ID
[  3]              ID: hair
NEW NODE: VarDec
NEW NODE: SEMI
[  3]            SEMI: ;
NEW NODE: Dec
NEW NODE: DecList
NEW NODE: Def
NEW NODE: RC
[  4]              RC: }
NEW NODE: DefList
NEW NODE: DefList
NEW NODE: DefList
NEW NODE: StructSpecifier
NEW NODE: Specifier
NEW NODE: ID
[  4]              ID: theFuriosa
NEW NODE: SEMI
[  4]            SEMI: ;
NEW NODE: VarDec
NEW NODE: ExtDecList
NEW NODE: ExtDef
NEW NODE: STRUCT
[  6]          STRUCT: struct
NEW NODE: ID
[  6]              ID: AquaCola
NEW NODE: LC
[  6]              LC: {
NEW NODE: OptTag
NEW NODE: TYPE
[  7]            TYPE: float
NEW NODE: Specifier
NEW NODE: ID
[  7]              ID: amount
NEW NODE: VarDec
NEW NODE: SEMI
[  7]            SEMI: ;
NEW NODE: Dec
NEW NODE: DecList
NEW NODE: Def
NEW NODE: STRUCT
[  8]          STRUCT: struct
NEW NODE: ID
[  8]              ID: Furiosa
NEW NODE: ID
[  8]              ID: transporter
NEW NODE: Tag
NEW NODE: StructSpecifier
NEW NODE: Specifier
NEW NODE: VarDec
NEW NODE: SEMI
[  8]            SEMI: ;
NEW NODE: Dec
NEW NODE: DecList
NEW NODE: Def
NEW NODE: RC
[  9]              RC: }
NEW NODE: DefList
NEW NODE: DefList
NEW NODE: DefList
NEW NODE: StructSpecifier
NEW NODE: Specifier
NEW NODE: ID
[  9]              ID: cola
NEW NODE: SEMI
[  9]            SEMI: ;
NEW NODE: VarDec
NEW NODE: ExtDecList
NEW NODE: ExtDef
NEW NODE: TYPE
[ 11]            TYPE: float
NEW NODE: Specifier
NEW NODE: ID
[ 11]              ID: transport
NEW NODE: LP
[ 11]              LP: (
NEW NODE: STRUCT
[ 11]          STRUCT: struct
NEW NODE: ID
[ 11]              ID: Furiosa
NEW NODE: ID
[ 11]              ID: theTransporter
NEW NODE: Tag
NEW NODE: StructSpecifier
NEW NODE: Specifier
NEW NODE: VarDec
NEW NODE: COMMA
[ 11]           COMMA: ,
NEW NODE: ParamDec
NEW NODE: STRUCT
[ 11]          STRUCT: struct
NEW NODE: ID
[ 11]              ID: AquaCola
NEW NODE: ID
[ 11]              ID: transportee
NEW NODE: Tag
NEW NODE: StructSpecifier
NEW NODE: Specifier
NEW NODE: VarDec
NEW NODE: COMMA
[ 11]           COMMA: ,
NEW NODE: ParamDec
NEW NODE: TYPE
[ 11]            TYPE: int
NEW NODE: Specifier
NEW NODE: ID
[ 11]              ID: requiredArm
NEW NODE: VarDec
NEW NODE: RP
[ 11]              RP: )
NEW NODE: ParamDec
NEW NODE: VarList
NEW NODE: VarList
NEW NODE: VarList
NEW NODE: FunDec
NEW NODE: LC
[ 11]              LC: {
NEW NODE: IF
[ 12]              IF: if
NEW NODE: DefList
NEW NODE: LP
[ 12]              LP: (
NEW NODE: ID
[ 12]              ID: theTransporter
NEW NODE: DOT
[ 12]             DOT: .
NEW NODE: Exp
NEW NODE: ID
[ 12]              ID: arm
NEW NODE: Exp
NEW NODE: RELOP
[ 12]           RELOP: ==
NEW NODE: ID
[ 12]              ID: requiredArm
NEW NODE: RP
[ 12]              RP: )
NEW NODE: Exp
NEW NODE: Exp
NEW NODE: LC
[ 12]              LC: {
NEW NODE: RETURN
[ 13]          RETURN: return
NEW NODE: DefList
NEW NODE: ID
[ 13]              ID: transportee
NEW NODE: DOT
[ 13]             DOT: .
NEW NODE: Exp
NEW NODE: ID
[ 13]              ID: amount
NEW NODE: Exp
NEW NODE: SEMI
[ 13]            SEMI: ;
NEW NODE: Stmt
NEW NODE: RC
[ 14]              RC: }
NEW NODE: StmtList
NEW NODE: StmtList
NEW NODE: CompSt
NEW NODE: Stmt
NEW NODE: ELSE
[ 14]            ELSE: else
NEW NODE: RETURN
[ 15]          RETURN: return
NEW NODE: MINUS
[ 15]           MINUS: -
NEW NODE: FLOAT
[ 15]           FLOAT: 1.0
NEW NODE: Exp
NEW NODE: SEMI
[ 15]            SEMI: ;
NEW NODE: Exp
NEW NODE: Stmt
NEW NODE: Stmt
NEW NODE: RC
[ 16]              RC: }
NEW NODE: StmtList
NEW NODE: StmtList
NEW NODE: CompSt
NEW NODE: ExtDef
NEW NODE: TYPE
[ 18]            TYPE: int
NEW NODE: Specifier
NEW NODE: ID
[ 18]              ID: main
NEW NODE: LP
[ 18]              LP: (
NEW NODE: RP
[ 18]              RP: )
NEW NODE: FunDec
NEW NODE: LC
[ 18]              LC: {
NEW NODE: TYPE
[ 19]            TYPE: int
NEW NODE: Specifier
NEW NODE: ID
[ 19]              ID: fullArm
NEW NODE: VarDec
NEW NODE: SEMI
[ 19]            SEMI: ;
NEW NODE: Dec
NEW NODE: DecList
NEW NODE: Def
NEW NODE: TYPE
[ 20]            TYPE: float
NEW NODE: Specifier
NEW NODE: ID
[ 20]              ID: receivedAmount
NEW NODE: VarDec
NEW NODE: SEMI
[ 20]            SEMI: ;
NEW NODE: Dec
NEW NODE: DecList
NEW NODE: Def
NEW NODE: ID
[ 22]              ID: cola
NEW NODE: DefList
NEW NODE: DefList
NEW NODE: DefList
NEW NODE: DOT
[ 22]             DOT: .
NEW NODE: Exp
NEW NODE: ID
[ 22]              ID: transporter
NEW NODE: Exp
NEW NODE: ASSIGNOP
[ 22]        ASSIGNOP: =
NEW NODE: ID
[ 22]              ID: theFuriosa
NEW NODE: SEMI
[ 22]            SEMI: ;
NEW NODE: Exp
NEW NODE: Exp
NEW NODE: Stmt
NEW NODE: ID
[ 23]              ID: theFuriosa
NEW NODE: DOT
[ 23]             DOT: .
NEW NODE: Exp
NEW NODE: ID
[ 23]              ID: arm
NEW NODE: Exp
NEW NODE: ASSIGNOP
[ 23]        ASSIGNOP: =
NEW NODE: INT
[ 23]             INT: 1
NEW NODE: Exp
NEW NODE: SEMI
[ 23]            SEMI: ;
NEW NODE: Exp
NEW NODE: Stmt
NEW NODE: ID
[ 24]              ID: fullArm
NEW NODE: ASSIGNOP
[ 24]        ASSIGNOP: =
NEW NODE: Exp
NEW NODE: INT
[ 24]             INT: 2
NEW NODE: Exp
NEW NODE: SEMI
[ 24]            SEMI: ;
NEW NODE: Exp
NEW NODE: Stmt
NEW NODE: ID
[ 25]              ID: receivedAmount
NEW NODE: ASSIGNOP
[ 25]        ASSIGNOP: =
NEW NODE: Exp
NEW NODE: ID
[ 25]              ID: transport
NEW NODE: LP
[ 25]              LP: (
NEW NODE: ID
[ 25]              ID: theFuriosa
NEW NODE: COMMA
[ 25]           COMMA: ,
NEW NODE: Exp
NEW NODE: ID
[ 25]              ID: cola
NEW NODE: DOT
[ 25]             DOT: .
NEW NODE: Exp
NEW NODE: ID
[ 25]              ID: transporter
NEW NODE: Exp
NEW NODE: COMMA
[ 25]           COMMA: ,
NEW NODE: ID
[ 25]              ID: fullArm
NEW NODE: RP
[ 25]              RP: )
NEW NODE: Exp
NEW NODE: Args
NEW NODE: Args
NEW NODE: Args
NEW NODE: Exp
NEW NODE: SEMI
[ 25]            SEMI: ;
NEW NODE: Exp
NEW NODE: Stmt
NEW NODE: RETURN
[ 26]          RETURN: return
NEW NODE: INT
[ 26]             INT: 3
NEW NODE: Exp
NEW NODE: SEMI
[ 26]            SEMI: ;
NEW NODE: Stmt
NEW NODE: RC
[ 27]              RC: }
NEW NODE: StmtList
NEW NODE: StmtList
NEW NODE: StmtList
NEW NODE: StmtList
NEW NODE: StmtList
NEW NODE: StmtList
NEW NODE: CompSt
NEW NODE: ExtDef
NEW NODE: ExtDefList
NEW NODE: ExtDefList
NEW NODE: ExtDefList
NEW NODE: ExtDefList
NEW NODE: ExtDefList
NEW NODE: Program
Miss 0 Syntax Error.
IN SEMANTIC ANALYSIS
[DEBUG] Finish Analysing OptTag.
[DEBUG] Finish Analysing Specifier.
Search for Insert: name: arm, ns: Field
[DEBUG] Finish Analysing VarDec4Field.
[DEBUG] Finish Analysing Dec4Field.
[DEBUG] Finish Analysing DecList4Field.
[DEBUG] Finish Analysing Def4Field.
[DEBUG] Finish Analysing Specifier.
Search for Insert: name: hair, ns: Field
[DEBUG] Finish Analysing VarDec4Field.
[DEBUG] Finish Analysing Dec4Field.
[DEBUG] Finish Analysing DecList4Field.
[DEBUG] Finish Analysing Def4Field.
[DEBUG] Finish Analysing DefList4Field.
[DEBUG] Finish Analysing DefList4Field.
[DEBUG] Finish Analysing DefList4Field.
Search for Insert: name: Furiosa, ns: 1
Insert Symbol: name: Furiosa
------------------------------
stack 0:
	name: Furiosa, src: STRUCT
------------------------------
[DEBUG] Finish Analysing StructSpecifier.
[DEBUG] Finish Analysing Specifier.
Search for Insert: name: theFuriosa, ns: 2
Insert Symbol: name: theFuriosa
------------------------------
stack 0:
	name: theFuriosa, src: GVAR
	name: Furiosa, src: STRUCT
------------------------------
[DEBUG] Finish Analysing VarDec4Var.
[DEBUG] Finish Analysing ExtDecList.
[DEBUG] Finish Analysing ExtDef.
[DEBUG] Finish Analysing OptTag.
[DEBUG] Finish Analysing Specifier.
Search for Insert: name: amount, ns: Field
[DEBUG] Finish Analysing VarDec4Field.
[DEBUG] Finish Analysing Dec4Field.
[DEBUG] Finish Analysing DecList4Field.
[DEBUG] Finish Analysing Def4Field.
[DEBUG] Finish Analysing StructSpecifier.
Search for Use: name: Furiosa, ns: 1
[DEBUG] Finish Analysing Specifier.
Search for Insert: name: transporter, ns: Field
[DEBUG] Finish Analysing VarDec4Field.
[DEBUG] Finish Analysing Dec4Field.
[DEBUG] Finish Analysing DecList4Field.
[DEBUG] Finish Analysing Def4Field.
[DEBUG] Finish Analysing DefList4Field.
[DEBUG] Finish Analysing DefList4Field.
[DEBUG] Finish Analysing DefList4Field.
Search for Insert: name: AquaCola, ns: 1
Insert Symbol: name: AquaCola
------------------------------
stack 0:
	name: AquaCola, src: STRUCT
	name: theFuriosa, src: GVAR
	name: Furiosa, src: STRUCT
------------------------------
[DEBUG] Finish Analysing StructSpecifier.
[DEBUG] Finish Analysing Specifier.
Search for Insert: name: cola, ns: 2
Insert Symbol: name: cola
------------------------------
stack 0:
	name: cola, src: GVAR
	name: AquaCola, src: STRUCT
	name: theFuriosa, src: GVAR
	name: Furiosa, src: STRUCT
------------------------------
[DEBUG] Finish Analysing VarDec4Var.
[DEBUG] Finish Analysing ExtDecList.
[DEBUG] Finish Analysing ExtDef.
[DEBUG] Finish Analysing Specifier.
[DEBUG] Finish Analysing StructSpecifier.
Search for Use: name: Furiosa, ns: 1
[DEBUG] Finish Analysing Specifier.
Search for Insert: name: theTransporter, ns: 3
Insert Symbol: name: theTransporter
------------------------------
stack 1:
	name: theTransporter, src: LVAR
stack 0:
	name: cola, src: GVAR
	name: AquaCola, src: STRUCT
	name: theFuriosa, src: GVAR
	name: Furiosa, src: STRUCT
------------------------------
[DEBUG] Finish Analysing VarDec4Param.
[DEBUG] Finish Analysing ParamDec.
[DEBUG] Finish Analysing StructSpecifier.
Search for Use: name: AquaCola, ns: 1
[DEBUG] Finish Analysing Specifier.
Search for Insert: name: transportee, ns: 3
Insert Symbol: name: transportee
------------------------------
stack 1:
	name: transportee, src: LVAR
	name: theTransporter, src: LVAR
stack 0:
	name: cola, src: GVAR
	name: AquaCola, src: STRUCT
	name: theFuriosa, src: GVAR
	name: Furiosa, src: STRUCT
------------------------------
[DEBUG] Finish Analysing VarDec4Param.
[DEBUG] Finish Analysing ParamDec.
[DEBUG] Finish Analysing Specifier.
Search for Insert: name: requiredArm, ns: 3
Insert Symbol: name: requiredArm
------------------------------
stack 1:
	name: requiredArm, src: LVAR
	name: transportee, src: LVAR
	name: theTransporter, src: LVAR
stack 0:
	name: cola, src: GVAR
	name: AquaCola, src: STRUCT
	name: theFuriosa, src: GVAR
	name: Furiosa, src: STRUCT
------------------------------
[DEBUG] Finish Analysing VarDec4Param.
[DEBUG] Finish Analysing ParamDec.
[DEBUG] Finish Analysing VarList.
[DEBUG] Finish Analysing VarList.
[DEBUG] Finish Analysing VarList.
[DEBUG] Finish Analysing FunDec.
Search for Insert: name: transport, ns: 0
Insert Symbol: name: transport
------------------------------
stack 1:
	name: requiredArm, src: LVAR
	name: transportee, src: LVAR
	name: theTransporter, src: LVAR
stack 0:
	name: transport, src: FUNC
	name: cola, src: GVAR
	name: AquaCola, src: STRUCT
	name: theFuriosa, src: GVAR
	name: Furiosa, src: STRUCT
------------------------------
[DEBUG] Finish Analysing DefList4LocalVar.
Search for Use: name: theTransporter, ns: 3
[DEBUG] Finish Analysing Exp.
[DEBUG] Finish Analysing Exp.
Search for Use: name: requiredArm, ns: 3
[DEBUG] Finish Analysing Exp.
[DEBUG] Finish Analysing Exp.
[DEBUG] Finish Analysing DefList4LocalVar.
Search for Use: name: transportee, ns: 3
[DEBUG] Finish Analysing Exp.
[DEBUG] Finish Analysing Exp.
[DEBUG] Finish Analysing Stmt.
[DEBUG] Finish Analysing StmtList.
[DEBUG] Finish Analysing StmtList.
[DEBUG] Finish Analysing CompSt.
Clear Stack Top
------------------------------
stack 2:
stack 1:
	name: requiredArm, src: LVAR
	name: transportee, src: LVAR
	name: theTransporter, src: LVAR
stack 0:
	name: transport, src: FUNC
	name: cola, src: GVAR
	name: AquaCola, src: STRUCT
	name: theFuriosa, src: GVAR
	name: Furiosa, src: STRUCT
------------------------------
[DEBUG] Finish Analysing Stmt.
[DEBUG] Finish Analysing Exp.
[DEBUG] Finish Analysing Exp.
[DEBUG] Finish Analysing Stmt.
[DEBUG] Finish Analysing Stmt.
[DEBUG] Finish Analysing StmtList.
[DEBUG] Finish Analysing StmtList.
[DEBUG] Finish Analysing CompSt.
Clear Stack Top
------------------------------
stack 1:
stack 0:
	name: transport, src: FUNC
	name: cola, src: GVAR
	name: AquaCola, src: STRUCT
	name: theFuriosa, src: GVAR
	name: Furiosa, src: STRUCT
------------------------------
[DEBUG] Finish Analysing ExtDef.
[DEBUG] Finish Analysing Specifier.
[DEBUG] Finish Analysing FunDec.
Search for Insert: name: main, ns: 0
Insert Symbol: name: main
------------------------------
stack 1:
stack 0:
	name: main, src: FUNC
	name: transport, src: FUNC
	name: cola, src: GVAR
	name: AquaCola, src: STRUCT
	name: theFuriosa, src: GVAR
	name: Furiosa, src: STRUCT
------------------------------
[DEBUG] Finish Analysing Specifier.
Search for Insert: name: fullArm, ns: 3
Insert Symbol: name: fullArm
------------------------------
stack 1:
	name: fullArm, src: LVAR
stack 0:
	name: main, src: FUNC
	name: transport, src: FUNC
	name: cola, src: GVAR
	name: AquaCola, src: STRUCT
	name: theFuriosa, src: GVAR
	name: Furiosa, src: STRUCT
------------------------------
[DEBUG] Finish Analysing VarDec4Var.
[DEBUG] Finish Analysing Dec4LocalVar.
[DEBUG] Finish Analysing DecList4LocalVar.
[DEBUG] Finish Analysing Def4LocalVar.
[DEBUG] Finish Analysing Specifier.
Search for Insert: name: receivedAmount, ns: 3
Insert Symbol: name: receivedAmount
------------------------------
stack 1:
	name: receivedAmount, src: LVAR
	name: fullArm, src: LVAR
stack 0:
	name: main, src: FUNC
	name: transport, src: FUNC
	name: cola, src: GVAR
	name: AquaCola, src: STRUCT
	name: theFuriosa, src: GVAR
	name: Furiosa, src: STRUCT
------------------------------
[DEBUG] Finish Analysing VarDec4Var.
[DEBUG] Finish Analysing Dec4LocalVar.
[DEBUG] Finish Analysing DecList4LocalVar.
[DEBUG] Finish Analysing Def4LocalVar.
[DEBUG] Finish Analysing DefList4LocalVar.
[DEBUG] Finish Analysing DefList4LocalVar.
[DEBUG] Finish Analysing DefList4LocalVar.
Search for Use: name: cola, ns: 3
Search for Use: name: cola, ns: 2
[DEBUG] Finish Analysing Exp.
[DEBUG] Finish Analysing Exp.
Search for Use: name: theFuriosa, ns: 3
Search for Use: name: theFuriosa, ns: 2
[DEBUG] Finish Analysing Exp.
[DEBUG] Finish Analysing Exp.
[DEBUG] Finish Analysing Stmt.
Search for Use: name: theFuriosa, ns: 3
Search for Use: name: theFuriosa, ns: 2
[DEBUG] Finish Analysing Exp.
[DEBUG] Finish Analysing Exp.
[DEBUG] Finish Analysing Exp.
[DEBUG] Finish Analysing Exp.
[DEBUG] Finish Analysing Stmt.
Search for Use: name: fullArm, ns: 3
[DEBUG] Finish Analysing Exp.
[DEBUG] Finish Analysing Exp.
[DEBUG] Finish Analysing Exp.
[DEBUG] Finish Analysing Stmt.
Search for Use: name: receivedAmount, ns: 3
[DEBUG] Finish Analysing Exp.
Search for Use: name: transport, ns: 0
Search for Use: name: theFuriosa, ns: 3
Search for Use: name: theFuriosa, ns: 2
[DEBUG] Finish Analysing Exp.
Search for Use: name: cola, ns: 3
Search for Use: name: cola, ns: 2
[DEBUG] Finish Analysing Exp.
[DEBUG] Finish Analysing Exp.
Search for Use: name: fullArm, ns: 3
[DEBUG] Finish Analysing Exp.
[DEBUG] Finish Analysing Args.
[DEBUG] Finish Analysing Args.
[DEBUG] Finish Analysing Args.
[DEBUG] Finish Analysing Exp.
[DEBUG] Finish Analysing Exp.
[DEBUG] Finish Analysing Stmt.
[DEBUG] Finish Analysing Exp.
[DEBUG] Finish Analysing Stmt.
[DEBUG] Finish Analysing StmtList.
[DEBUG] Finish Analysing StmtList.
[DEBUG] Finish Analysing StmtList.
[DEBUG] Finish Analysing StmtList.
[DEBUG] Finish Analysing StmtList.
[DEBUG] Finish Analysing StmtList.
[DEBUG] Finish Analysing CompSt.
Clear Stack Top
------------------------------
stack 1:
stack 0:
	name: main, src: FUNC
	name: transport, src: FUNC
	name: cola, src: GVAR
	name: AquaCola, src: STRUCT
	name: theFuriosa, src: GVAR
	name: Furiosa, src: STRUCT
------------------------------
[DEBUG] Finish Analysing ExtDef.
[DEBUG] Finish Analysing ExtDefList.
[DEBUG] Finish Analysing ExtDefList.
[DEBUG] Finish Analysing ExtDefList.
[DEBUG] Finish Analysing ExtDefList.
[DEBUG] Finish Analysing ExtDefList.
[DEBUG] Finish Analysing Program.
