NEW NODE: STRUCT
[  1]          STRUCT: struct
NEW NODE: ID
[  1]              ID: A
NEW NODE: LC
[  1]              LC: {
NEW NODE: OptTag
NEW NODE: TYPE
[  2]            TYPE: int
NEW NODE: Specifier
NEW NODE: ID
[  2]              ID: a
NEW NODE: VarDec
NEW NODE: SEMI
[  2]            SEMI: ;
NEW NODE: Dec
NEW NODE: DecList
NEW NODE: Def
NEW NODE: TYPE
[  3]            TYPE: float
NEW NODE: Specifier
NEW NODE: ID
[  3]              ID: a_float
NEW NODE: VarDec
NEW NODE: SEMI
[  3]            SEMI: ;
NEW NODE: Dec
NEW NODE: DecList
NEW NODE: Def
NEW NODE: STRUCT
[  4]          STRUCT: struct
NEW NODE: ID
[  4]              ID: A_inner
NEW NODE: LC
[  4]              LC: {
NEW NODE: OptTag
NEW NODE: TYPE
[  5]            TYPE: int
NEW NODE: Specifier
NEW NODE: ID
[  5]              ID: a_inner_int
NEW NODE: VarDec
NEW NODE: LB
[  5]              LB: [
NEW NODE: INT
[  5]             INT: 20
NEW NODE: RB
[  5]              RB: ]
NEW NODE: VarDec
NEW NODE: SEMI
[  5]            SEMI: ;
NEW NODE: Dec
NEW NODE: DecList
NEW NODE: Def
NEW NODE: RC
[  6]              RC: }
NEW NODE: DefList
NEW NODE: DefList
NEW NODE: StructSpecifier
NEW NODE: Specifier
NEW NODE: ID
[  6]              ID: a_inner
NEW NODE: VarDec
NEW NODE: SEMI
[  6]            SEMI: ;
NEW NODE: Dec
NEW NODE: DecList
NEW NODE: Def
NEW NODE: RC
[  7]              RC: }
NEW NODE: DefList
NEW NODE: DefList
NEW NODE: DefList
NEW NODE: DefList
NEW NODE: StructSpecifier
NEW NODE: Specifier
NEW NODE: ID
[  7]              ID: aa
NEW NODE: SEMI
[  7]            SEMI: ;
NEW NODE: VarDec
NEW NODE: ExtDecList
NEW NODE: ExtDef
NEW NODE: STRUCT
[  9]          STRUCT: struct
NEW NODE: ID
[  9]              ID: B
NEW NODE: LC
[  9]              LC: {
NEW NODE: OptTag
NEW NODE: TYPE
[ 10]            TYPE: int
NEW NODE: Specifier
NEW NODE: ID
[ 10]              ID: b
NEW NODE: VarDec
NEW NODE: SEMI
[ 10]            SEMI: ;
NEW NODE: Dec
NEW NODE: DecList
NEW NODE: Def
NEW NODE: TYPE
[ 11]            TYPE: float
NEW NODE: Specifier
NEW NODE: ID
[ 11]              ID: b_float
NEW NODE: VarDec
NEW NODE: SEMI
[ 11]            SEMI: ;
NEW NODE: Dec
NEW NODE: DecList
NEW NODE: Def
NEW NODE: TYPE
[ 12]            TYPE: int
NEW NODE: Specifier
NEW NODE: ID
[ 12]              ID: b_array
NEW NODE: VarDec
NEW NODE: LB
[ 12]              LB: [
NEW NODE: INT
[ 12]             INT: 10
NEW NODE: RB
[ 12]              RB: ]
NEW NODE: VarDec
NEW NODE: LB
[ 12]              LB: [
NEW NODE: INT
[ 12]             INT: 3
NEW NODE: RB
[ 12]              RB: ]
NEW NODE: VarDec
NEW NODE: SEMI
[ 12]            SEMI: ;
NEW NODE: Dec
NEW NODE: DecList
NEW NODE: Def
NEW NODE: RC
[ 13]              RC: }
NEW NODE: DefList
NEW NODE: DefList
NEW NODE: DefList
NEW NODE: DefList
NEW NODE: StructSpecifier
NEW NODE: Specifier
NEW NODE: ID
[ 13]              ID: bb
NEW NODE: SEMI
[ 13]            SEMI: ;
NEW NODE: VarDec
NEW NODE: ExtDecList
NEW NODE: ExtDef
NEW NODE: STRUCT
[ 15]          STRUCT: struct
NEW NODE: ID
[ 15]              ID: C
NEW NODE: LC
[ 15]              LC: {
NEW NODE: OptTag
NEW NODE: TYPE
[ 16]            TYPE: int
NEW NODE: Specifier
NEW NODE: ID
[ 16]              ID: c
NEW NODE: VarDec
NEW NODE: SEMI
[ 16]            SEMI: ;
NEW NODE: Dec
NEW NODE: DecList
NEW NODE: Def
NEW NODE: TYPE
[ 17]            TYPE: float
NEW NODE: Specifier
NEW NODE: ID
[ 17]              ID: c_float
NEW NODE: VarDec
NEW NODE: SEMI
[ 17]            SEMI: ;
NEW NODE: Dec
NEW NODE: DecList
NEW NODE: Def
NEW NODE: TYPE
[ 18]            TYPE: int
NEW NODE: Specifier
NEW NODE: ID
[ 18]              ID: c_array
NEW NODE: VarDec
NEW NODE: LB
[ 18]              LB: [
NEW NODE: INT
[ 18]             INT: 10
NEW NODE: RB
[ 18]              RB: ]
NEW NODE: VarDec
NEW NODE: LB
[ 18]              LB: [
NEW NODE: INT
[ 18]             INT: 3
NEW NODE: RB
[ 18]              RB: ]
NEW NODE: VarDec
NEW NODE: SEMI
[ 18]            SEMI: ;
NEW NODE: Dec
NEW NODE: DecList
NEW NODE: Def
NEW NODE: RC
[ 19]              RC: }
NEW NODE: DefList
NEW NODE: DefList
NEW NODE: DefList
NEW NODE: DefList
NEW NODE: StructSpecifier
NEW NODE: Specifier
NEW NODE: ID
[ 19]              ID: cc
NEW NODE: SEMI
[ 19]            SEMI: ;
NEW NODE: VarDec
NEW NODE: ExtDecList
NEW NODE: ExtDef
NEW NODE: STRUCT
[ 21]          STRUCT: struct
NEW NODE: ID
[ 21]              ID: D
NEW NODE: LC
[ 21]              LC: {
NEW NODE: OptTag
NEW NODE: TYPE
[ 22]            TYPE: int
NEW NODE: Specifier
NEW NODE: ID
[ 22]              ID: d
NEW NODE: VarDec
NEW NODE: SEMI
[ 22]            SEMI: ;
NEW NODE: Dec
NEW NODE: DecList
NEW NODE: Def
NEW NODE: TYPE
[ 23]            TYPE: float
NEW NODE: Specifier
NEW NODE: ID
[ 23]              ID: d_float
NEW NODE: VarDec
NEW NODE: SEMI
[ 23]            SEMI: ;
NEW NODE: Dec
NEW NODE: DecList
NEW NODE: Def
NEW NODE: STRUCT
[ 24]          STRUCT: struct
NEW NODE: ID
[ 24]              ID: D_inner
NEW NODE: LC
[ 24]              LC: {
NEW NODE: OptTag
NEW NODE: TYPE
[ 25]            TYPE: int
NEW NODE: Specifier
NEW NODE: ID
[ 25]              ID: d_innerr
NEW NODE: VarDec
NEW NODE: LB
[ 25]              LB: [
NEW NODE: INT
[ 25]             INT: 20
NEW NODE: RB
[ 25]              RB: ]
NEW NODE: VarDec
NEW NODE: SEMI
[ 25]            SEMI: ;
NEW NODE: Dec
NEW NODE: DecList
NEW NODE: Def
NEW NODE: RC
[ 26]              RC: }
NEW NODE: DefList
NEW NODE: DefList
NEW NODE: StructSpecifier
NEW NODE: Specifier
NEW NODE: ID
[ 26]              ID: d_inner
NEW NODE: VarDec
NEW NODE: SEMI
[ 26]            SEMI: ;
NEW NODE: Dec
NEW NODE: DecList
NEW NODE: Def
NEW NODE: RC
[ 27]              RC: }
NEW NODE: DefList
NEW NODE: DefList
NEW NODE: DefList
NEW NODE: DefList
NEW NODE: StructSpecifier
NEW NODE: Specifier
NEW NODE: ID
[ 27]              ID: dd
NEW NODE: SEMI
[ 27]            SEMI: ;
NEW NODE: VarDec
NEW NODE: ExtDecList
NEW NODE: ExtDef
NEW NODE: TYPE
[ 29]            TYPE: int
NEW NODE: Specifier
NEW NODE: ID
[ 29]              ID: main
NEW NODE: LP
[ 29]              LP: (
NEW NODE: RP
[ 29]              RP: )
NEW NODE: FunDec
NEW NODE: LC
[ 29]              LC: {
NEW NODE: STRUCT
[ 30]          STRUCT: struct
NEW NODE: ID
[ 30]              ID: A
NEW NODE: ID
[ 30]              ID: temA
NEW NODE: Tag
NEW NODE: StructSpecifier
NEW NODE: Specifier
NEW NODE: VarDec
NEW NODE: COMMA
[ 30]           COMMA: ,
NEW NODE: Dec
NEW NODE: ID
[ 30]              ID: temA1
NEW NODE: VarDec
NEW NODE: SEMI
[ 30]            SEMI: ;
NEW NODE: Dec
NEW NODE: DecList
NEW NODE: DecList
NEW NODE: Def
NEW NODE: STRUCT
[ 31]          STRUCT: struct
NEW NODE: ID
[ 31]              ID: B
NEW NODE: ID
[ 31]              ID: temB
NEW NODE: Tag
NEW NODE: StructSpecifier
NEW NODE: Specifier
NEW NODE: VarDec
NEW NODE: COMMA
[ 31]           COMMA: ,
NEW NODE: Dec
NEW NODE: ID
[ 31]              ID: temB1
NEW NODE: VarDec
NEW NODE: SEMI
[ 31]            SEMI: ;
NEW NODE: Dec
NEW NODE: DecList
NEW NODE: DecList
NEW NODE: Def
NEW NODE: STRUCT
[ 32]          STRUCT: struct
NEW NODE: ID
[ 32]              ID: C
NEW NODE: ID
[ 32]              ID: temC
NEW NODE: Tag
NEW NODE: StructSpecifier
NEW NODE: Specifier
NEW NODE: VarDec
NEW NODE: COMMA
[ 32]           COMMA: ,
NEW NODE: Dec
NEW NODE: ID
[ 32]              ID: temC1
NEW NODE: VarDec
NEW NODE: SEMI
[ 32]            SEMI: ;
NEW NODE: Dec
NEW NODE: DecList
NEW NODE: DecList
NEW NODE: Def
NEW NODE: STRUCT
[ 33]          STRUCT: struct
NEW NODE: ID
[ 33]              ID: D
NEW NODE: ID
[ 33]              ID: temD
NEW NODE: Tag
NEW NODE: StructSpecifier
NEW NODE: Specifier
NEW NODE: VarDec
NEW NODE: COMMA
[ 33]           COMMA: ,
NEW NODE: Dec
NEW NODE: ID
[ 33]              ID: temD1
NEW NODE: VarDec
NEW NODE: SEMI
[ 33]            SEMI: ;
NEW NODE: Dec
NEW NODE: DecList
NEW NODE: DecList
NEW NODE: Def
NEW NODE: ID
[ 34]              ID: temA
NEW NODE: DefList
NEW NODE: DefList
NEW NODE: DefList
NEW NODE: DefList
NEW NODE: DefList
NEW NODE: ASSIGNOP
[ 34]        ASSIGNOP: =
NEW NODE: Exp
NEW NODE: ID
[ 34]              ID: aa
NEW NODE: SEMI
[ 34]            SEMI: ;
NEW NODE: Exp
NEW NODE: Exp
NEW NODE: Stmt
NEW NODE: ID
[ 35]              ID: temA1
NEW NODE: ASSIGNOP
[ 35]        ASSIGNOP: =
NEW NODE: Exp
NEW NODE: ID
[ 35]              ID: dd
NEW NODE: SEMI
[ 35]            SEMI: ;
NEW NODE: Exp
NEW NODE: Exp
NEW NODE: Stmt
NEW NODE: ID
[ 36]              ID: temB
NEW NODE: ASSIGNOP
[ 36]        ASSIGNOP: =
NEW NODE: Exp
NEW NODE: ID
[ 36]              ID: bb
NEW NODE: SEMI
[ 36]            SEMI: ;
NEW NODE: Exp
NEW NODE: Exp
NEW NODE: Stmt
NEW NODE: ID
[ 37]              ID: temB1
NEW NODE: ASSIGNOP
[ 37]        ASSIGNOP: =
NEW NODE: Exp
NEW NODE: ID
[ 37]              ID: cc
NEW NODE: SEMI
[ 37]            SEMI: ;
NEW NODE: Exp
NEW NODE: Exp
NEW NODE: Stmt
NEW NODE: ID
[ 38]              ID: temC
NEW NODE: ASSIGNOP
[ 38]        ASSIGNOP: =
NEW NODE: Exp
NEW NODE: ID
[ 38]              ID: cc
NEW NODE: SEMI
[ 38]            SEMI: ;
NEW NODE: Exp
NEW NODE: Exp
NEW NODE: Stmt
NEW NODE: ID
[ 39]              ID: temC1
NEW NODE: ASSIGNOP
[ 39]        ASSIGNOP: =
NEW NODE: Exp
NEW NODE: ID
[ 39]              ID: bb
NEW NODE: SEMI
[ 39]            SEMI: ;
NEW NODE: Exp
NEW NODE: Exp
NEW NODE: Stmt
NEW NODE: ID
[ 40]              ID: temD
NEW NODE: ASSIGNOP
[ 40]        ASSIGNOP: =
NEW NODE: Exp
NEW NODE: ID
[ 40]              ID: dd
NEW NODE: SEMI
[ 40]            SEMI: ;
NEW NODE: Exp
NEW NODE: Exp
NEW NODE: Stmt
NEW NODE: ID
[ 41]              ID: temD1
NEW NODE: ASSIGNOP
[ 41]        ASSIGNOP: =
NEW NODE: Exp
NEW NODE: ID
[ 41]              ID: aa
NEW NODE: SEMI
[ 41]            SEMI: ;
NEW NODE: Exp
NEW NODE: Exp
NEW NODE: Stmt
NEW NODE: RETURN
[ 42]          RETURN: return
NEW NODE: INT
[ 42]             INT: 1
NEW NODE: Exp
NEW NODE: SEMI
[ 42]            SEMI: ;
NEW NODE: Stmt
NEW NODE: RC
[ 43]              RC: }
NEW NODE: StmtList
NEW NODE: StmtList
NEW NODE: StmtList
NEW NODE: StmtList
NEW NODE: StmtList
NEW NODE: StmtList
NEW NODE: StmtList
NEW NODE: StmtList
NEW NODE: StmtList
NEW NODE: StmtList
NEW NODE: CompSt
NEW NODE: ExtDef
NEW NODE: ExtDefList
NEW NODE: ExtDefList
NEW NODE: ExtDefList
NEW NODE: ExtDefList
NEW NODE: ExtDefList
NEW NODE: ExtDefList
NEW NODE: Program
Miss 0 Syntax Error.
IN SEMANTIC ANALYSIS
[DEBUG] Finish Analysing OptTag.
Search for Insert: name: a, ns: Field
[DEBUG] Finish Analysing VarDec4Field.
[DEBUG] Finish Analysing Dec4Field.
[DEBUG] Finish Analysing DecList4Field.
[DEBUG] Finish Analysing Def4Field.
Search for Insert: name: a_float, ns: Field
[DEBUG] Finish Analysing VarDec4Field.
[DEBUG] Finish Analysing Dec4Field.
[DEBUG] Finish Analysing DecList4Field.
[DEBUG] Finish Analysing Def4Field.
[DEBUG] Finish Analysing OptTag.
Search for Insert: name: a_inner_int, ns: Field
[DEBUG] Finish Analysing VarDec4Field.
[DEBUG] Finish Analysing VarDec4Field.
[DEBUG] Finish Analysing Dec4Field.
[DEBUG] Finish Analysing DecList4Field.
[DEBUG] Finish Analysing Def4Field.
[DEBUG] Finish Analysing DefList4Field.
[DEBUG] Finish Analysing DefList4Field.
Search for Insert: name: A_inner, ns: 1
Insert Symbol: name: A_inner
------------------------------
stack 0:
	name: A_inner, src: STRUCT
------------------------------
[DEBUG] Finish Analysing StructSpecifier.
[DEBUG] Finish Analysing Specifier.
Search for Insert: name: a_inner, ns: Field
[DEBUG] Finish Analysing VarDec4Field.
[DEBUG] Finish Analysing Dec4Field.
[DEBUG] Finish Analysing DecList4Field.
[DEBUG] Finish Analysing Def4Field.
[DEBUG] Finish Analysing DefList4Field.
[DEBUG] Finish Analysing DefList4Field.
[DEBUG] Finish Analysing DefList4Field.
[DEBUG] Finish Analysing DefList4Field.
Search for Insert: name: A, ns: 1
Insert Symbol: name: A
------------------------------
stack 0:
	name: A, src: STRUCT
	name: A_inner, src: STRUCT
------------------------------
[DEBUG] Finish Analysing StructSpecifier.
[DEBUG] Finish Analysing Specifier.
Search for Insert: name: aa, ns: 2
Insert Symbol: name: aa
------------------------------
stack 0:
	name: aa, src: GVAR
	name: A, src: STRUCT
	name: A_inner, src: STRUCT
------------------------------
[DEBUG] Finish Analysing VarDec4Var.
[DEBUG] Finish Analysing ExtDecList.
[DEBUG] Finish Analysing ExtDef.
[DEBUG] Finish Analysing OptTag.
Search for Insert: name: b, ns: Field
[DEBUG] Finish Analysing VarDec4Field.
[DEBUG] Finish Analysing Dec4Field.
[DEBUG] Finish Analysing DecList4Field.
[DEBUG] Finish Analysing Def4Field.
Search for Insert: name: b_float, ns: Field
[DEBUG] Finish Analysing VarDec4Field.
[DEBUG] Finish Analysing Dec4Field.
[DEBUG] Finish Analysing DecList4Field.
[DEBUG] Finish Analysing Def4Field.
Search for Insert: name: b_array, ns: Field
[DEBUG] Finish Analysing VarDec4Field.
[DEBUG] Finish Analysing VarDec4Field.
[DEBUG] Finish Analysing VarDec4Field.
[DEBUG] Finish Analysing Dec4Field.
[DEBUG] Finish Analysing DecList4Field.
[DEBUG] Finish Analysing Def4Field.
[DEBUG] Finish Analysing DefList4Field.
[DEBUG] Finish Analysing DefList4Field.
[DEBUG] Finish Analysing DefList4Field.
[DEBUG] Finish Analysing DefList4Field.
Search for Insert: name: B, ns: 1
Insert Symbol: name: B
------------------------------
stack 0:
	name: B, src: STRUCT
	name: aa, src: GVAR
	name: A, src: STRUCT
	name: A_inner, src: STRUCT
------------------------------
[DEBUG] Finish Analysing StructSpecifier.
[DEBUG] Finish Analysing Specifier.
Search for Insert: name: bb, ns: 2
Insert Symbol: name: bb
------------------------------
stack 0:
	name: bb, src: GVAR
	name: B, src: STRUCT
	name: aa, src: GVAR
	name: A, src: STRUCT
	name: A_inner, src: STRUCT
------------------------------
[DEBUG] Finish Analysing VarDec4Var.
[DEBUG] Finish Analysing ExtDecList.
[DEBUG] Finish Analysing ExtDef.
[DEBUG] Finish Analysing OptTag.
Search for Insert: name: c, ns: Field
[DEBUG] Finish Analysing VarDec4Field.
[DEBUG] Finish Analysing Dec4Field.
[DEBUG] Finish Analysing DecList4Field.
[DEBUG] Finish Analysing Def4Field.
Search for Insert: name: c_float, ns: Field
[DEBUG] Finish Analysing VarDec4Field.
[DEBUG] Finish Analysing Dec4Field.
[DEBUG] Finish Analysing DecList4Field.
[DEBUG] Finish Analysing Def4Field.
Search for Insert: name: c_array, ns: Field
[DEBUG] Finish Analysing VarDec4Field.
[DEBUG] Finish Analysing VarDec4Field.
[DEBUG] Finish Analysing VarDec4Field.
[DEBUG] Finish Analysing Dec4Field.
[DEBUG] Finish Analysing DecList4Field.
[DEBUG] Finish Analysing Def4Field.
[DEBUG] Finish Analysing DefList4Field.
[DEBUG] Finish Analysing DefList4Field.
[DEBUG] Finish Analysing DefList4Field.
[DEBUG] Finish Analysing DefList4Field.
Search for Insert: name: C, ns: 1
Insert Symbol: name: C
------------------------------
stack 0:
	name: C, src: STRUCT
	name: bb, src: GVAR
	name: B, src: STRUCT
	name: aa, src: GVAR
	name: A, src: STRUCT
	name: A_inner, src: STRUCT
------------------------------
[DEBUG] Finish Analysing StructSpecifier.
[DEBUG] Finish Analysing Specifier.
Search for Insert: name: cc, ns: 2
Insert Symbol: name: cc
------------------------------
stack 0:
	name: cc, src: GVAR
	name: C, src: STRUCT
	name: bb, src: GVAR
	name: B, src: STRUCT
	name: aa, src: GVAR
	name: A, src: STRUCT
	name: A_inner, src: STRUCT
------------------------------
[DEBUG] Finish Analysing VarDec4Var.
[DEBUG] Finish Analysing ExtDecList.
[DEBUG] Finish Analysing ExtDef.
[DEBUG] Finish Analysing OptTag.
Search for Insert: name: d, ns: Field
[DEBUG] Finish Analysing VarDec4Field.
[DEBUG] Finish Analysing Dec4Field.
[DEBUG] Finish Analysing DecList4Field.
[DEBUG] Finish Analysing Def4Field.
Search for Insert: name: d_float, ns: Field
[DEBUG] Finish Analysing VarDec4Field.
[DEBUG] Finish Analysing Dec4Field.
[DEBUG] Finish Analysing DecList4Field.
[DEBUG] Finish Analysing Def4Field.
[DEBUG] Finish Analysing OptTag.
Search for Insert: name: d_innerr, ns: Field
[DEBUG] Finish Analysing VarDec4Field.
[DEBUG] Finish Analysing VarDec4Field.
[DEBUG] Finish Analysing Dec4Field.
[DEBUG] Finish Analysing DecList4Field.
[DEBUG] Finish Analysing Def4Field.
[DEBUG] Finish Analysing DefList4Field.
[DEBUG] Finish Analysing DefList4Field.
Search for Insert: name: D_inner, ns: 1
Insert Symbol: name: D_inner
------------------------------
stack 0:
	name: D_inner, src: STRUCT
	name: cc, src: GVAR
	name: C, src: STRUCT
	name: bb, src: GVAR
	name: B, src: STRUCT
	name: aa, src: GVAR
	name: A, src: STRUCT
	name: A_inner, src: STRUCT
------------------------------
[DEBUG] Finish Analysing StructSpecifier.
[DEBUG] Finish Analysing Specifier.
Search for Insert: name: d_inner, ns: Field
[DEBUG] Finish Analysing VarDec4Field.
[DEBUG] Finish Analysing Dec4Field.
[DEBUG] Finish Analysing DecList4Field.
[DEBUG] Finish Analysing Def4Field.
[DEBUG] Finish Analysing DefList4Field.
[DEBUG] Finish Analysing DefList4Field.
[DEBUG] Finish Analysing DefList4Field.
[DEBUG] Finish Analysing DefList4Field.
Search for Insert: name: D, ns: 1
Insert Symbol: name: D
------------------------------
stack 0:
	name: D, src: STRUCT
	name: D_inner, src: STRUCT
	name: cc, src: GVAR
	name: C, src: STRUCT
	name: bb, src: GVAR
	name: B, src: STRUCT
	name: aa, src: GVAR
	name: A, src: STRUCT
	name: A_inner, src: STRUCT
------------------------------
[DEBUG] Finish Analysing StructSpecifier.
[DEBUG] Finish Analysing Specifier.
Search for Insert: name: dd, ns: 2
Insert Symbol: name: dd
------------------------------
stack 0:
	name: dd, src: GVAR
	name: D, src: STRUCT
	name: D_inner, src: STRUCT
	name: cc, src: GVAR
	name: C, src: STRUCT
	name: bb, src: GVAR
	name: B, src: STRUCT
	name: aa, src: GVAR
	name: A, src: STRUCT
	name: A_inner, src: STRUCT
------------------------------
[DEBUG] Finish Analysing VarDec4Var.
[DEBUG] Finish Analysing ExtDecList.
[DEBUG] Finish Analysing ExtDef.
[DEBUG] Finish Analysing FunDec.
Search for Insert: name: main, ns: 0
Insert Symbol: name: main
------------------------------
stack 1:
stack 0:
	name: main, src: FUNC
	name: dd, src: GVAR
	name: D, src: STRUCT
	name: D_inner, src: STRUCT
	name: cc, src: GVAR
	name: C, src: STRUCT
	name: bb, src: GVAR
	name: B, src: STRUCT
	name: aa, src: GVAR
	name: A, src: STRUCT
	name: A_inner, src: STRUCT
------------------------------
[DEBUG] Finish Analysing StructSpecifier.
Search for Use: name: A, ns: 1
[DEBUG] Finish Analysing Specifier.
Search for Insert: name: temA, ns: 3
Insert Symbol: name: temA
------------------------------
stack 1:
	name: temA, src: LVAR
stack 0:
	name: main, src: FUNC
	name: dd, src: GVAR
	name: D, src: STRUCT
	name: D_inner, src: STRUCT
	name: cc, src: GVAR
	name: C, src: STRUCT
	name: bb, src: GVAR
	name: B, src: STRUCT
	name: aa, src: GVAR
	name: A, src: STRUCT
	name: A_inner, src: STRUCT
------------------------------
[DEBUG] Finish Analysing VarDec4Var.
[DEBUG] Finish Analysing Dec4LocalVar.
Search for Insert: name: temA1, ns: 3
Insert Symbol: name: temA1
------------------------------
stack 1:
	name: temA1, src: LVAR
	name: temA, src: LVAR
stack 0:
	name: main, src: FUNC
	name: dd, src: GVAR
	name: D, src: STRUCT
	name: D_inner, src: STRUCT
	name: cc, src: GVAR
	name: C, src: STRUCT
	name: bb, src: GVAR
	name: B, src: STRUCT
	name: aa, src: GVAR
	name: A, src: STRUCT
	name: A_inner, src: STRUCT
------------------------------
[DEBUG] Finish Analysing VarDec4Var.
[DEBUG] Finish Analysing Dec4LocalVar.
[DEBUG] Finish Analysing DecList4LocalVar.
[DEBUG] Finish Analysing DecList4LocalVar.
[DEBUG] Finish Analysing Def4LocalVar.
[DEBUG] Finish Analysing StructSpecifier.
Search for Use: name: B, ns: 1
[DEBUG] Finish Analysing Specifier.
Search for Insert: name: temB, ns: 3
Insert Symbol: name: temB
------------------------------
stack 1:
	name: temB, src: LVAR
	name: temA1, src: LVAR
	name: temA, src: LVAR
stack 0:
	name: main, src: FUNC
	name: dd, src: GVAR
	name: D, src: STRUCT
	name: D_inner, src: STRUCT
	name: cc, src: GVAR
	name: C, src: STRUCT
	name: bb, src: GVAR
	name: B, src: STRUCT
	name: aa, src: GVAR
	name: A, src: STRUCT
	name: A_inner, src: STRUCT
------------------------------
[DEBUG] Finish Analysing VarDec4Var.
[DEBUG] Finish Analysing Dec4LocalVar.
Search for Insert: name: temB1, ns: 3
Insert Symbol: name: temB1
------------------------------
stack 1:
	name: temB1, src: LVAR
	name: temB, src: LVAR
	name: temA1, src: LVAR
	name: temA, src: LVAR
stack 0:
	name: main, src: FUNC
	name: dd, src: GVAR
	name: D, src: STRUCT
	name: D_inner, src: STRUCT
	name: cc, src: GVAR
	name: C, src: STRUCT
	name: bb, src: GVAR
	name: B, src: STRUCT
	name: aa, src: GVAR
	name: A, src: STRUCT
	name: A_inner, src: STRUCT
------------------------------
[DEBUG] Finish Analysing VarDec4Var.
[DEBUG] Finish Analysing Dec4LocalVar.
[DEBUG] Finish Analysing DecList4LocalVar.
[DEBUG] Finish Analysing DecList4LocalVar.
[DEBUG] Finish Analysing Def4LocalVar.
[DEBUG] Finish Analysing StructSpecifier.
Search for Use: name: C, ns: 1
[DEBUG] Finish Analysing Specifier.
Search for Insert: name: temC, ns: 3
Insert Symbol: name: temC
------------------------------
stack 1:
	name: temC, src: LVAR
	name: temB1, src: LVAR
	name: temB, src: LVAR
	name: temA1, src: LVAR
	name: temA, src: LVAR
stack 0:
	name: main, src: FUNC
	name: dd, src: GVAR
	name: D, src: STRUCT
	name: D_inner, src: STRUCT
	name: cc, src: GVAR
	name: C, src: STRUCT
	name: bb, src: GVAR
	name: B, src: STRUCT
	name: aa, src: GVAR
	name: A, src: STRUCT
	name: A_inner, src: STRUCT
------------------------------
[DEBUG] Finish Analysing VarDec4Var.
[DEBUG] Finish Analysing Dec4LocalVar.
Search for Insert: name: temC1, ns: 3
Insert Symbol: name: temC1
------------------------------
stack 1:
	name: temC1, src: LVAR
	name: temC, src: LVAR
	name: temB1, src: LVAR
	name: temB, src: LVAR
	name: temA1, src: LVAR
	name: temA, src: LVAR
stack 0:
	name: main, src: FUNC
	name: dd, src: GVAR
	name: D, src: STRUCT
	name: D_inner, src: STRUCT
	name: cc, src: GVAR
	name: C, src: STRUCT
	name: bb, src: GVAR
	name: B, src: STRUCT
	name: aa, src: GVAR
	name: A, src: STRUCT
	name: A_inner, src: STRUCT
------------------------------
[DEBUG] Finish Analysing VarDec4Var.
[DEBUG] Finish Analysing Dec4LocalVar.
[DEBUG] Finish Analysing DecList4LocalVar.
[DEBUG] Finish Analysing DecList4LocalVar.
[DEBUG] Finish Analysing Def4LocalVar.
[DEBUG] Finish Analysing StructSpecifier.
Search for Use: name: D, ns: 1
[DEBUG] Finish Analysing Specifier.
Search for Insert: name: temD, ns: 3
Insert Symbol: name: temD
------------------------------
stack 1:
	name: temD, src: LVAR
	name: temC1, src: LVAR
	name: temC, src: LVAR
	name: temB1, src: LVAR
	name: temB, src: LVAR
	name: temA1, src: LVAR
	name: temA, src: LVAR
stack 0:
	name: main, src: FUNC
	name: dd, src: GVAR
	name: D, src: STRUCT
	name: D_inner, src: STRUCT
	name: cc, src: GVAR
	name: C, src: STRUCT
	name: bb, src: GVAR
	name: B, src: STRUCT
	name: aa, src: GVAR
	name: A, src: STRUCT
	name: A_inner, src: STRUCT
------------------------------
[DEBUG] Finish Analysing VarDec4Var.
[DEBUG] Finish Analysing Dec4LocalVar.
Search for Insert: name: temD1, ns: 3
Insert Symbol: name: temD1
------------------------------
stack 1:
	name: temD1, src: LVAR
	name: temD, src: LVAR
	name: temC1, src: LVAR
	name: temC, src: LVAR
	name: temB1, src: LVAR
	name: temB, src: LVAR
	name: temA1, src: LVAR
	name: temA, src: LVAR
stack 0:
	name: main, src: FUNC
	name: dd, src: GVAR
	name: D, src: STRUCT
	name: D_inner, src: STRUCT
	name: cc, src: GVAR
	name: C, src: STRUCT
	name: bb, src: GVAR
	name: B, src: STRUCT
	name: aa, src: GVAR
	name: A, src: STRUCT
	name: A_inner, src: STRUCT
------------------------------
[DEBUG] Finish Analysing VarDec4Var.
[DEBUG] Finish Analysing Dec4LocalVar.
[DEBUG] Finish Analysing DecList4LocalVar.
[DEBUG] Finish Analysing DecList4LocalVar.
[DEBUG] Finish Analysing Def4LocalVar.
[DEBUG] Finish Analysing DefList4LocalVar.
[DEBUG] Finish Analysing DefList4LocalVar.
[DEBUG] Finish Analysing DefList4LocalVar.
[DEBUG] Finish Analysing DefList4LocalVar.
[DEBUG] Finish Analysing DefList4LocalVar.
Search for Use: name: temA, ns: 3
[DEBUG] Finish Analysing Exp.
Search for Use: name: aa, ns: 3
Search for Use: name: aa, ns: 2
[DEBUG] Finish Analysing Exp.
[DEBUG] Finish Analysing Exp.
[DEBUG] Finish Analysing Stmt.
Search for Use: name: temA1, ns: 3
[DEBUG] Finish Analysing Exp.
Search for Use: name: dd, ns: 3
Search for Use: name: dd, ns: 2
[DEBUG] Finish Analysing Exp.
[DEBUG] Finish Analysing Exp.
[DEBUG] Finish Analysing Stmt.
Search for Use: name: temB, ns: 3
[DEBUG] Finish Analysing Exp.
Search for Use: name: bb, ns: 3
Search for Use: name: bb, ns: 2
[DEBUG] Finish Analysing Exp.
[DEBUG] Finish Analysing Exp.
[DEBUG] Finish Analysing Stmt.
Search for Use: name: temB1, ns: 3
[DEBUG] Finish Analysing Exp.
Search for Use: name: cc, ns: 3
Search for Use: name: cc, ns: 2
[DEBUG] Finish Analysing Exp.
[DEBUG] Finish Analysing Exp.
[DEBUG] Finish Analysing Stmt.
Search for Use: name: temC, ns: 3
[DEBUG] Finish Analysing Exp.
Search for Use: name: cc, ns: 3
Search for Use: name: cc, ns: 2
[DEBUG] Finish Analysing Exp.
[DEBUG] Finish Analysing Exp.
[DEBUG] Finish Analysing Stmt.
Search for Use: name: temC1, ns: 3
[DEBUG] Finish Analysing Exp.
Search for Use: name: bb, ns: 3
Search for Use: name: bb, ns: 2
[DEBUG] Finish Analysing Exp.
[DEBUG] Finish Analysing Exp.
[DEBUG] Finish Analysing Stmt.
Search for Use: name: temD, ns: 3
[DEBUG] Finish Analysing Exp.
Search for Use: name: dd, ns: 3
Search for Use: name: dd, ns: 2
[DEBUG] Finish Analysing Exp.
[DEBUG] Finish Analysing Exp.
[DEBUG] Finish Analysing Stmt.
Search for Use: name: temD1, ns: 3
[DEBUG] Finish Analysing Exp.
Search for Use: name: aa, ns: 3
Search for Use: name: aa, ns: 2
[DEBUG] Finish Analysing Exp.
[DEBUG] Finish Analysing Exp.
[DEBUG] Finish Analysing Stmt.
[DEBUG] Finish Analysing Exp.
[DEBUG] Finish Analysing Stmt.
[DEBUG] Finish Analysing StmtList.
[DEBUG] Finish Analysing StmtList.
[DEBUG] Finish Analysing StmtList.
[DEBUG] Finish Analysing StmtList.
[DEBUG] Finish Analysing StmtList.
[DEBUG] Finish Analysing StmtList.
[DEBUG] Finish Analysing StmtList.
[DEBUG] Finish Analysing StmtList.
[DEBUG] Finish Analysing StmtList.
[DEBUG] Finish Analysing StmtList.
[DEBUG] Finish Analysing CompSt.
Clear Stack Top
------------------------------
stack 1:
stack 0:
	name: main, src: FUNC
	name: dd, src: GVAR
	name: D, src: STRUCT
	name: D_inner, src: STRUCT
	name: cc, src: GVAR
	name: C, src: STRUCT
	name: bb, src: GVAR
	name: B, src: STRUCT
	name: aa, src: GVAR
	name: A, src: STRUCT
	name: A_inner, src: STRUCT
------------------------------
[DEBUG] Finish Analysing ExtDef.
[DEBUG] Finish Analysing ExtDefList.
[DEBUG] Finish Analysing ExtDefList.
[DEBUG] Finish Analysing ExtDefList.
[DEBUG] Finish Analysing ExtDefList.
[DEBUG] Finish Analysing ExtDefList.
[DEBUG] Finish Analysing ExtDefList.
[DEBUG] Finish Analysing Program.
