NEW NODE: STRUCT
[  1]          STRUCT: struct
NEW NODE: ID
[  1]              ID: Node
NEW NODE: LC
[  1]              LC: {
NEW NODE: OptTag
NEW NODE: TYPE
[  2]            TYPE: int
NEW NODE: Specifier
NEW NODE: ID
[  2]              ID: value
NEW NODE: VarDec
NEW NODE: SEMI
[  2]            SEMI: ;
NEW NODE: Dec
NEW NODE: DecList
NEW NODE: Def
NEW NODE: RC
[  3]              RC: }
NEW NODE: DefList
NEW NODE: DefList
NEW NODE: StructSpecifier
NEW NODE: Specifier
NEW NODE: ID
[  3]              ID: start
NEW NODE: LB
[  3]              LB: [
NEW NODE: VarDec
NEW NODE: INT
[  3]             INT: 200
NEW NODE: RB
[  3]              RB: ]
NEW NODE: VarDec
NEW NODE: SEMI
[  3]            SEMI: ;
NEW NODE: ExtDecList
NEW NODE: ExtDef
NEW NODE: STRUCT
[  5]          STRUCT: struct
NEW NODE: ID
[  5]              ID: Node
NEW NODE: ID
[  5]              ID: linkNode
NEW NODE: Tag
NEW NODE: StructSpecifier
NEW NODE: Specifier
NEW NODE: LP
[  5]              LP: (
NEW NODE: STRUCT
[  5]          STRUCT: struct
NEW NODE: ID
[  5]              ID: Node
NEW NODE: ID
[  5]              ID: currentNode
NEW NODE: Tag
NEW NODE: StructSpecifier
NEW NODE: Specifier
NEW NODE: VarDec
NEW NODE: COMMA
[  5]           COMMA: ,
NEW NODE: ParamDec
NEW NODE: STRUCT
[  5]          STRUCT: struct
NEW NODE: ID
[  5]              ID: Node
NEW NODE: ID
[  5]              ID: newNode
NEW NODE: Tag
NEW NODE: StructSpecifier
NEW NODE: Specifier
NEW NODE: VarDec
NEW NODE: RP
[  5]              RP: )
NEW NODE: ParamDec
NEW NODE: VarList
NEW NODE: VarList
NEW NODE: FunDec
NEW NODE: LC
[  5]              LC: {
NEW NODE: TYPE
[  6]            TYPE: int
NEW NODE: Specifier
NEW NODE: ID
[  6]              ID: i
NEW NODE: VarDec
NEW NODE: COMMA
[  6]           COMMA: ,
NEW NODE: Dec
NEW NODE: ID
[  6]              ID: j
NEW NODE: VarDec
NEW NODE: SEMI
[  6]            SEMI: ;
NEW NODE: Dec
NEW NODE: DecList
NEW NODE: DecList
NEW NODE: Def
NEW NODE: STRUCT
[  7]          STRUCT: struct
NEW NODE: ID
[  7]              ID: Node
NEW NODE: ID
[  7]              ID: current
NEW NODE: Tag
NEW NODE: StructSpecifier
NEW NODE: Specifier
NEW NODE: VarDec
NEW NODE: ASSIGNOP
[  7]        ASSIGNOP: =
NEW NODE: ID
[  7]              ID: start
NEW NODE: LB
[  7]              LB: [
NEW NODE: Exp
NEW NODE: INT
[  7]             INT: 0
NEW NODE: Exp
NEW NODE: RB
[  7]              RB: ]
NEW NODE: Exp
NEW NODE: SEMI
[  7]            SEMI: ;
NEW NODE: Dec
NEW NODE: DecList
NEW NODE: Def
NEW NODE: ID
[  8]              ID: i
NEW NODE: DefList
NEW NODE: DefList
NEW NODE: DefList
NEW NODE: ASSIGNOP
[  8]        ASSIGNOP: =
NEW NODE: Exp
NEW NODE: INT
[  8]             INT: 0
NEW NODE: Exp
NEW NODE: SEMI
[  8]            SEMI: ;
NEW NODE: Exp
NEW NODE: Stmt
NEW NODE: WHILE
[  9]           WHILE: while
NEW NODE: LP
[  9]              LP: (
NEW NODE: ID
[  9]              ID: current
NEW NODE: DOT
[  9]             DOT: .
NEW NODE: Exp
NEW NODE: ID
[  9]              ID: value
NEW NODE: Exp
NEW NODE: RELOP
[  9]           RELOP: !=
NEW NODE: ID
[  9]              ID: currentNode
NEW NODE: DOT
[  9]             DOT: .
NEW NODE: Exp
NEW NODE: ID
[  9]              ID: value
NEW NODE: Exp
NEW NODE: RP
[  9]              RP: )
NEW NODE: Exp
NEW NODE: LC
[  9]              LC: {
NEW NODE: TYPE
[ 10]            TYPE: int
NEW NODE: Specifier
NEW NODE: ID
[ 10]              ID: j
NEW NODE: VarDec
NEW NODE: ASSIGNOP
[ 10]        ASSIGNOP: =
NEW NODE: ID
[ 10]              ID: i
NEW NODE: SEMI
[ 10]            SEMI: ;
NEW NODE: Exp
NEW NODE: Dec
NEW NODE: DecList
NEW NODE: Def
NEW NODE: ID
[ 11]              ID: j
NEW NODE: DefList
NEW NODE: DefList
NEW NODE: ASSIGNOP
[ 11]        ASSIGNOP: =
NEW NODE: Exp
NEW NODE: ID
[ 11]              ID: j
NEW NODE: PLUS
[ 11]            PLUS: +
NEW NODE: Exp
NEW NODE: INT
[ 11]             INT: 1
NEW NODE: Exp
NEW NODE: SEMI
[ 11]            SEMI: ;
NEW NODE: Exp
NEW NODE: Exp
NEW NODE: Stmt
NEW NODE: ID
[ 12]              ID: current
NEW NODE: ASSIGNOP
[ 12]        ASSIGNOP: =
NEW NODE: Exp
NEW NODE: ID
[ 12]              ID: start
NEW NODE: LB
[ 12]              LB: [
NEW NODE: Exp
NEW NODE: ID
[ 12]              ID: j
NEW NODE: RB
[ 12]              RB: ]
NEW NODE: Exp
NEW NODE: Exp
NEW NODE: SEMI
[ 12]            SEMI: ;
NEW NODE: Exp
NEW NODE: Stmt
NEW NODE: RC
[ 13]              RC: }
NEW NODE: StmtList
NEW NODE: StmtList
NEW NODE: StmtList
NEW NODE: CompSt
NEW NODE: Stmt
NEW NODE: Stmt
NEW NODE: ID
[ 14]              ID: newNode
NEW NODE: DOT
[ 14]             DOT: .
NEW NODE: Exp
NEW NODE: ID
[ 14]              ID: value
NEW NODE: Exp
NEW NODE: ASSIGNOP
[ 14]        ASSIGNOP: =
NEW NODE: ID
[ 14]              ID: newNode
NEW NODE: DOT
[ 14]             DOT: .
NEW NODE: Exp
NEW NODE: ID
[ 14]              ID: value
NEW NODE: Exp
NEW NODE: PLUS
[ 14]            PLUS: +
NEW NODE: ID
[ 14]              ID: i
NEW NODE: PLUS
[ 14]            PLUS: +
NEW NODE: Exp
NEW NODE: Exp
NEW NODE: ID
[ 14]              ID: p
NEW NODE: SEMI
[ 14]            SEMI: ;
NEW NODE: Exp
NEW NODE: Exp
NEW NODE: Exp
NEW NODE: Stmt
NEW NODE: RETURN
[ 15]          RETURN: return
NEW NODE: ID
[ 15]              ID: start
NEW NODE: LB
[ 15]              LB: [
NEW NODE: Exp
NEW NODE: ID
[ 15]              ID: i
NEW NODE: RB
[ 15]              RB: ]
NEW NODE: Exp
NEW NODE: Exp
NEW NODE: SEMI
[ 15]            SEMI: ;
NEW NODE: Stmt
NEW NODE: RC
[ 16]              RC: }
NEW NODE: StmtList
NEW NODE: StmtList
NEW NODE: StmtList
NEW NODE: StmtList
NEW NODE: StmtList
NEW NODE: CompSt
NEW NODE: ExtDef
NEW NODE: STRUCT
[ 18]          STRUCT: struct
NEW NODE: ID
[ 18]              ID: Node
NEW NODE: ID
[ 18]              ID: newOne
NEW NODE: Tag
NEW NODE: StructSpecifier
NEW NODE: Specifier
NEW NODE: LP
[ 18]              LP: (
NEW NODE: TYPE
[ 18]            TYPE: int
NEW NODE: Specifier
NEW NODE: ID
[ 18]              ID: value
NEW NODE: VarDec
NEW NODE: RP
[ 18]              RP: )
NEW NODE: ParamDec
NEW NODE: VarList
NEW NODE: FunDec
NEW NODE: LC
[ 18]              LC: {
NEW NODE: STRUCT
[ 19]          STRUCT: struct
NEW NODE: ID
[ 19]              ID: Node
NEW NODE: ID
[ 19]              ID: nn
NEW NODE: Tag
NEW NODE: StructSpecifier
NEW NODE: Specifier
NEW NODE: VarDec
NEW NODE: SEMI
[ 19]            SEMI: ;
NEW NODE: Dec
NEW NODE: DecList
NEW NODE: Def
NEW NODE: TYPE
[ 20]            TYPE: int
NEW NODE: Specifier
NEW NODE: ID
[ 20]              ID: x
NEW NODE: VarDec
NEW NODE: ASSIGNOP
[ 20]        ASSIGNOP: =
NEW NODE: ID
[ 20]              ID: value
NEW NODE: SEMI
[ 20]            SEMI: ;
NEW NODE: Exp
NEW NODE: Dec
NEW NODE: DecList
NEW NODE: Def
NEW NODE: TYPE
[ 21]            TYPE: int
NEW NODE: Specifier
NEW NODE: ID
[ 21]              ID: t
NEW NODE: VarDec
NEW NODE: ASSIGNOP
[ 21]        ASSIGNOP: =
NEW NODE: INT
[ 21]             INT: 2
NEW NODE: Exp
NEW NODE: SEMI
[ 21]            SEMI: ;
NEW NODE: Dec
NEW NODE: DecList
NEW NODE: Def
NEW NODE: TYPE
[ 22]            TYPE: float
NEW NODE: Specifier
NEW NODE: ID
[ 22]              ID: result
NEW NODE: VarDec
NEW NODE: ASSIGNOP
[ 22]        ASSIGNOP: =
NEW NODE: FLOAT
[ 22]           FLOAT: 1.5
NEW NODE: Exp
NEW NODE: SEMI
[ 22]            SEMI: ;
NEW NODE: Dec
NEW NODE: DecList
NEW NODE: Def
NEW NODE: WHILE
[ 23]           WHILE: while
NEW NODE: DefList
NEW NODE: DefList
NEW NODE: DefList
NEW NODE: DefList
NEW NODE: DefList
NEW NODE: LP
[ 23]              LP: (
NEW NODE: ID
[ 23]              ID: t
NEW NODE: RELOP
[ 23]           RELOP: <
NEW NODE: Exp
NEW NODE: INT
[ 23]             INT: 3
NEW NODE: Exp
NEW NODE: RP
[ 23]              RP: )
NEW NODE: Exp
NEW NODE: LC
[ 23]              LC: {
NEW NODE: TYPE
[ 24]            TYPE: float
NEW NODE: Specifier
NEW NODE: ID
[ 24]              ID: x
NEW NODE: VarDec
NEW NODE: ASSIGNOP
[ 24]        ASSIGNOP: =
NEW NODE: FLOAT
[ 24]           FLOAT: 1.2
NEW NODE: Exp
NEW NODE: SEMI
[ 24]            SEMI: ;
NEW NODE: Dec
NEW NODE: DecList
NEW NODE: Def
NEW NODE: ID
[ 25]              ID: result
NEW NODE: DefList
NEW NODE: DefList
NEW NODE: ASSIGNOP
[ 25]        ASSIGNOP: =
NEW NODE: Exp
NEW NODE: ID
[ 25]              ID: result
NEW NODE: STAR
[ 25]            STAR: *
NEW NODE: Exp
NEW NODE: ID
[ 25]              ID: x
NEW NODE: SEMI
[ 25]            SEMI: ;
NEW NODE: Exp
NEW NODE: Exp
NEW NODE: Exp
NEW NODE: Stmt
NEW NODE: ID
[ 26]              ID: t
NEW NODE: ASSIGNOP
[ 26]        ASSIGNOP: =
NEW NODE: Exp
NEW NODE: ID
[ 26]              ID: t
NEW NODE: PLUS
[ 26]            PLUS: +
NEW NODE: Exp
NEW NODE: INT
[ 26]             INT: 1
NEW NODE: Exp
NEW NODE: SEMI
[ 26]            SEMI: ;
NEW NODE: Exp
NEW NODE: Exp
NEW NODE: Stmt
NEW NODE: RC
[ 27]              RC: }
NEW NODE: StmtList
NEW NODE: StmtList
NEW NODE: StmtList
NEW NODE: CompSt
NEW NODE: Stmt
NEW NODE: Stmt
NEW NODE: ID
[ 28]              ID: nn
NEW NODE: DOT
[ 28]             DOT: .
NEW NODE: Exp
NEW NODE: ID
[ 28]              ID: value
NEW NODE: Exp
NEW NODE: ASSIGNOP
[ 28]        ASSIGNOP: =
NEW NODE: ID
[ 28]              ID: x
NEW NODE: SEMI
[ 28]            SEMI: ;
NEW NODE: Exp
NEW NODE: Exp
NEW NODE: Stmt
NEW NODE: RETURN
[ 29]          RETURN: return
NEW NODE: ID
[ 29]              ID: nn
NEW NODE: SEMI
[ 29]            SEMI: ;
NEW NODE: Exp
NEW NODE: Stmt
NEW NODE: RC
[ 30]              RC: }
NEW NODE: StmtList
NEW NODE: StmtList
NEW NODE: StmtList
NEW NODE: StmtList
NEW NODE: CompSt
NEW NODE: ExtDef
NEW NODE: TYPE
[ 32]            TYPE: int
NEW NODE: Specifier
NEW NODE: ID
[ 32]              ID: main
NEW NODE: LP
[ 32]              LP: (
NEW NODE: RP
[ 32]              RP: )
NEW NODE: FunDec
NEW NODE: LC
[ 32]              LC: {
NEW NODE: TYPE
[ 33]            TYPE: int
NEW NODE: Specifier
NEW NODE: ID
[ 33]              ID: tem
NEW NODE: VarDec
NEW NODE: COMMA
[ 33]           COMMA: ,
NEW NODE: Dec
NEW NODE: ID
[ 33]              ID: i
NEW NODE: VarDec
NEW NODE: COMMA
[ 33]           COMMA: ,
NEW NODE: Dec
NEW NODE: ID
[ 33]              ID: j
NEW NODE: VarDec
NEW NODE: SEMI
[ 33]            SEMI: ;
NEW NODE: Dec
NEW NODE: DecList
NEW NODE: DecList
NEW NODE: DecList
NEW NODE: Def
NEW NODE: TYPE
[ 34]            TYPE: float
NEW NODE: Specifier
NEW NODE: ID
[ 34]              ID: tem
NEW NODE: VarDec
NEW NODE: COMMA
[ 34]           COMMA: ,
NEW NODE: Dec
NEW NODE: ID
[ 34]              ID: result
NEW NODE: VarDec
NEW NODE: SEMI
[ 34]            SEMI: ;
NEW NODE: Dec
NEW NODE: DecList
NEW NODE: DecList
NEW NODE: Def
NEW NODE: ID
[ 35]              ID: i
NEW NODE: DefList
NEW NODE: DefList
NEW NODE: DefList
NEW NODE: ASSIGNOP
[ 35]        ASSIGNOP: =
NEW NODE: Exp
NEW NODE: INT
[ 35]             INT: 0
NEW NODE: Exp
NEW NODE: SEMI
[ 35]            SEMI: ;
NEW NODE: Exp
NEW NODE: Stmt
NEW NODE: WHILE
[ 36]           WHILE: while
NEW NODE: LP
[ 36]              LP: (
NEW NODE: ID
[ 36]              ID: i
NEW NODE: RELOP
[ 36]           RELOP: <=
NEW NODE: Exp
NEW NODE: INT
[ 36]             INT: 10
NEW NODE: Exp
NEW NODE: RP
[ 36]              RP: )
NEW NODE: Exp
NEW NODE: LC
[ 36]              LC: {
NEW NODE: ID
[ 37]              ID: start
NEW NODE: DefList
NEW NODE: ASSIGNOP
[ 37]        ASSIGNOP: =
NEW NODE: Exp
NEW NODE: ID
[ 37]              ID: linkNode
NEW NODE: LP
[ 37]              LP: (
NEW NODE: ID
[ 37]              ID: start
NEW NODE: LB
[ 37]              LB: [
NEW NODE: Exp
NEW NODE: INT
[ 37]             INT: 0
NEW NODE: Exp
NEW NODE: RB
[ 37]              RB: ]
NEW NODE: Exp
NEW NODE: COMMA
[ 37]           COMMA: ,
NEW NODE: ID
[ 37]              ID: newOne
NEW NODE: LP
[ 37]              LP: (
NEW NODE: ID
[ 37]              ID: i
NEW NODE: RP
[ 37]              RP: )
NEW NODE: Exp
NEW NODE: Args
NEW NODE: Exp
NEW NODE: RP
[ 37]              RP: )
NEW NODE: Args
NEW NODE: Args
NEW NODE: Exp
NEW NODE: SEMI
[ 37]            SEMI: ;
NEW NODE: Exp
NEW NODE: Stmt
NEW NODE: ID
[ 38]              ID: i
NEW NODE: ASSIGNOP
[ 38]        ASSIGNOP: =
NEW NODE: Exp
NEW NODE: ID
[ 38]              ID: i
NEW NODE: PLUS
[ 38]            PLUS: +
NEW NODE: Exp
NEW NODE: INT
[ 38]             INT: 1
NEW NODE: Exp
NEW NODE: SEMI
[ 38]            SEMI: ;
NEW NODE: Exp
NEW NODE: Exp
NEW NODE: Stmt
NEW NODE: RC
[ 39]              RC: }
NEW NODE: StmtList
NEW NODE: StmtList
NEW NODE: StmtList
NEW NODE: CompSt
NEW NODE: Stmt
NEW NODE: Stmt
NEW NODE: RETURN
[ 40]          RETURN: return
NEW NODE: ID
[ 40]              ID: i
NEW NODE: SEMI
[ 40]            SEMI: ;
NEW NODE: Exp
NEW NODE: Stmt
NEW NODE: RC
[ 41]              RC: }
NEW NODE: StmtList
NEW NODE: StmtList
NEW NODE: StmtList
NEW NODE: StmtList
NEW NODE: CompSt
NEW NODE: ExtDef
NEW NODE: ExtDefList
NEW NODE: ExtDefList
NEW NODE: ExtDefList
NEW NODE: ExtDefList
NEW NODE: ExtDefList
NEW NODE: Program
Miss 0 Syntax Error.
IN SEMANTIC ANALYSIS
[DEBUG] Finish Analysing OptTag.
Search for Insert: name: value, ns: Field
[DEBUG] Finish Analysing VarDec4Field.
[DEBUG] Finish Analysing Dec4Field.
[DEBUG] Finish Analysing DecList4Field.
[DEBUG] Finish Analysing Def4Field.
[DEBUG] Finish Analysing DefList4Field.
[DEBUG] Finish Analysing DefList4Field.
Search for Insert: name: Node, ns: 1
Insert Symbol: name: Node
------------------------------
stack 0:
	name: Node, src: STRUCT
------------------------------
[DEBUG] Finish Analysing StructSpecifier.
[DEBUG] Finish Analysing Specifier.
Search for Insert: name: start, ns: 2
Insert Symbol: name: start
------------------------------
stack 0:
	name: start, src: GVAR
	name: Node, src: STRUCT
------------------------------
[DEBUG] Finish Analysing VarDec4Var.
[DEBUG] Finish Analysing VarDec4Var.
[DEBUG] Finish Analysing ExtDecList.
[DEBUG] Finish Analysing ExtDef.
[DEBUG] Finish Analysing StructSpecifier.
Search for Use: name: Node, ns: 1
[DEBUG] Finish Analysing Specifier.
[DEBUG] Finish Analysing StructSpecifier.
Search for Use: name: Node, ns: 1
[DEBUG] Finish Analysing Specifier.
Search for Insert: name: currentNode, ns: 3
Insert Symbol: name: currentNode
------------------------------
stack 1:
	name: currentNode, src: LVAR
stack 0:
	name: start, src: GVAR
	name: Node, src: STRUCT
------------------------------
[DEBUG] Finish Analysing VarDec4Param.
[DEBUG] Finish Analysing ParamDec.
[DEBUG] Finish Analysing StructSpecifier.
Search for Use: name: Node, ns: 1
[DEBUG] Finish Analysing Specifier.
Search for Insert: name: newNode, ns: 3
Insert Symbol: name: newNode
------------------------------
stack 1:
	name: newNode, src: LVAR
	name: currentNode, src: LVAR
stack 0:
	name: start, src: GVAR
	name: Node, src: STRUCT
------------------------------
[DEBUG] Finish Analysing VarDec4Param.
[DEBUG] Finish Analysing ParamDec.
[DEBUG] Finish Analysing VarList.
[DEBUG] Finish Analysing VarList.
[DEBUG] Finish Analysing FunDec.
Search for Insert: name: linkNode, ns: 0
Insert Symbol: name: linkNode
------------------------------
stack 1:
	name: newNode, src: LVAR
	name: currentNode, src: LVAR
stack 0:
	name: linkNode, src: FUNC
	name: start, src: GVAR
	name: Node, src: STRUCT
------------------------------
Search for Insert: name: i, ns: 3
Insert Symbol: name: i
------------------------------
stack 1:
	name: i, src: LVAR
	name: newNode, src: LVAR
	name: currentNode, src: LVAR
stack 0:
	name: linkNode, src: FUNC
	name: start, src: GVAR
	name: Node, src: STRUCT
------------------------------
[DEBUG] Finish Analysing VarDec4Var.
[DEBUG] Finish Analysing Dec4LocalVar.
Search for Insert: name: j, ns: 3
Insert Symbol: name: j
------------------------------
stack 1:
	name: j, src: LVAR
	name: i, src: LVAR
	name: newNode, src: LVAR
	name: currentNode, src: LVAR
stack 0:
	name: linkNode, src: FUNC
	name: start, src: GVAR
	name: Node, src: STRUCT
------------------------------
[DEBUG] Finish Analysing VarDec4Var.
[DEBUG] Finish Analysing Dec4LocalVar.
[DEBUG] Finish Analysing DecList4LocalVar.
[DEBUG] Finish Analysing DecList4LocalVar.
[DEBUG] Finish Analysing Def4LocalVar.
[DEBUG] Finish Analysing StructSpecifier.
Search for Use: name: Node, ns: 1
[DEBUG] Finish Analysing Specifier.
Search for Insert: name: current, ns: 3
Insert Symbol: name: current
------------------------------
stack 1:
	name: current, src: LVAR
	name: j, src: LVAR
	name: i, src: LVAR
	name: newNode, src: LVAR
	name: currentNode, src: LVAR
stack 0:
	name: linkNode, src: FUNC
	name: start, src: GVAR
	name: Node, src: STRUCT
------------------------------
[DEBUG] Finish Analysing VarDec4Var.
Search for Use: name: start, ns: 3
Search for Use: name: start, ns: 2
[DEBUG] Finish Analysing Exp.
[DEBUG] Finish Analysing Exp.
[DEBUG] Finish Analysing Exp.
[DEBUG] Finish Analysing Dec4LocalVar.
[DEBUG] Finish Analysing DecList4LocalVar.
[DEBUG] Finish Analysing Def4LocalVar.
[DEBUG] Finish Analysing DefList4LocalVar.
[DEBUG] Finish Analysing DefList4LocalVar.
[DEBUG] Finish Analysing DefList4LocalVar.
Search for Use: name: i, ns: 3
[DEBUG] Finish Analysing Exp.
[DEBUG] Finish Analysing Exp.
[DEBUG] Finish Analysing Exp.
[DEBUG] Finish Analysing Stmt.
Search for Use: name: value, ns: Field
Search for Use: name: current, ns: 3
[DEBUG] Finish Analysing Exp.
[DEBUG] Finish Analysing Exp.
Search for Use: name: value, ns: Field
Search for Use: name: currentNode, ns: 3
[DEBUG] Finish Analysing Exp.
[DEBUG] Finish Analysing Exp.
[DEBUG] Finish Analysing Exp.
Search for Insert: name: j, ns: 3
Insert Symbol: name: j
------------------------------
stack 2:
	name: j, src: LVAR
stack 1:
	name: current, src: LVAR
	name: j, src: LVAR
	name: i, src: LVAR
	name: newNode, src: LVAR
	name: currentNode, src: LVAR
stack 0:
	name: linkNode, src: FUNC
	name: start, src: GVAR
	name: Node, src: STRUCT
------------------------------
[DEBUG] Finish Analysing VarDec4Var.
Search for Use: name: i, ns: 3
[DEBUG] Finish Analysing Exp.
[DEBUG] Finish Analysing Dec4LocalVar.
[DEBUG] Finish Analysing DecList4LocalVar.
[DEBUG] Finish Analysing Def4LocalVar.
[DEBUG] Finish Analysing DefList4LocalVar.
[DEBUG] Finish Analysing DefList4LocalVar.
Search for Use: name: j, ns: 3
[DEBUG] Finish Analysing Exp.
Search for Use: name: j, ns: 3
[DEBUG] Finish Analysing Exp.
[DEBUG] Finish Analysing Exp.
[DEBUG] Finish Analysing Exp.
[DEBUG] Finish Analysing Exp.
[DEBUG] Finish Analysing Stmt.
Search for Use: name: current, ns: 3
[DEBUG] Finish Analysing Exp.
Search for Use: name: start, ns: 3
Search for Use: name: start, ns: 2
[DEBUG] Finish Analysing Exp.
Search for Use: name: j, ns: 3
[DEBUG] Finish Analysing Exp.
[DEBUG] Finish Analysing Exp.
[DEBUG] Finish Analysing Exp.
[DEBUG] Finish Analysing Stmt.
[DEBUG] Finish Analysing StmtList.
[DEBUG] Finish Analysing StmtList.
[DEBUG] Finish Analysing StmtList.
[DEBUG] Finish Analysing CompSt.
Clear Stack Top
------------------------------
stack 2:
stack 1:
	name: current, src: LVAR
	name: j, src: LVAR
	name: i, src: LVAR
	name: newNode, src: LVAR
	name: currentNode, src: LVAR
stack 0:
	name: linkNode, src: FUNC
	name: start, src: GVAR
	name: Node, src: STRUCT
------------------------------
[DEBUG] Finish Analysing Stmt.
[DEBUG] Finish Analysing Stmt.
Search for Use: name: value, ns: Field
Search for Use: name: newNode, ns: 3
[DEBUG] Finish Analysing Exp.
[DEBUG] Finish Analysing Exp.
Search for Use: name: value, ns: Field
Search for Use: name: newNode, ns: 3
[DEBUG] Finish Analysing Exp.
[DEBUG] Finish Analysing Exp.
Search for Use: name: i, ns: 3
[DEBUG] Finish Analysing Exp.
[DEBUG] Finish Analysing Exp.
Search for Use: name: p, ns: 3
Search for Use: name: p, ns: 2
[DEBUG] Finish Analysing Exp.
[DEBUG] Finish Analysing Exp.
[DEBUG] Finish Analysing Exp.
[DEBUG] Finish Analysing Stmt.
Search for Use: name: start, ns: 3
Search for Use: name: start, ns: 2
[DEBUG] Finish Analysing Exp.
Search for Use: name: i, ns: 3
[DEBUG] Finish Analysing Exp.
[DEBUG] Finish Analysing Exp.
[DEBUG] Finish Analysing Stmt.
[DEBUG] Finish Analysing StmtList.
[DEBUG] Finish Analysing StmtList.
[DEBUG] Finish Analysing StmtList.
[DEBUG] Finish Analysing StmtList.
[DEBUG] Finish Analysing StmtList.
[DEBUG] Finish Analysing CompSt.
Clear Stack Top
------------------------------
stack 1:
stack 0:
	name: linkNode, src: FUNC
	name: start, src: GVAR
	name: Node, src: STRUCT
------------------------------
[DEBUG] Finish Analysing ExtDef.
[DEBUG] Finish Analysing StructSpecifier.
Search for Use: name: Node, ns: 1
[DEBUG] Finish Analysing Specifier.
Search for Insert: name: value, ns: 3
Insert Symbol: name: value
------------------------------
stack 1:
	name: value, src: LVAR
stack 0:
	name: linkNode, src: FUNC
	name: start, src: GVAR
	name: Node, src: STRUCT
------------------------------
[DEBUG] Finish Analysing VarDec4Param.
[DEBUG] Finish Analysing ParamDec.
[DEBUG] Finish Analysing VarList.
[DEBUG] Finish Analysing FunDec.
Search for Insert: name: newOne, ns: 0
Insert Symbol: name: newOne
------------------------------
stack 1:
	name: value, src: LVAR
stack 0:
	name: newOne, src: FUNC
	name: linkNode, src: FUNC
	name: start, src: GVAR
	name: Node, src: STRUCT
------------------------------
[DEBUG] Finish Analysing StructSpecifier.
Search for Use: name: Node, ns: 1
[DEBUG] Finish Analysing Specifier.
Search for Insert: name: nn, ns: 3
Insert Symbol: name: nn
------------------------------
stack 1:
	name: nn, src: LVAR
	name: value, src: LVAR
stack 0:
	name: newOne, src: FUNC
	name: linkNode, src: FUNC
	name: start, src: GVAR
	name: Node, src: STRUCT
------------------------------
[DEBUG] Finish Analysing VarDec4Var.
[DEBUG] Finish Analysing Dec4LocalVar.
[DEBUG] Finish Analysing DecList4LocalVar.
[DEBUG] Finish Analysing Def4LocalVar.
Search for Insert: name: x, ns: 3
Insert Symbol: name: x
------------------------------
stack 1:
	name: x, src: LVAR
	name: nn, src: LVAR
	name: value, src: LVAR
stack 0:
	name: newOne, src: FUNC
	name: linkNode, src: FUNC
	name: start, src: GVAR
	name: Node, src: STRUCT
------------------------------
[DEBUG] Finish Analysing VarDec4Var.
Search for Use: name: value, ns: 3
[DEBUG] Finish Analysing Exp.
[DEBUG] Finish Analysing Dec4LocalVar.
[DEBUG] Finish Analysing DecList4LocalVar.
[DEBUG] Finish Analysing Def4LocalVar.
Search for Insert: name: t, ns: 3
Insert Symbol: name: t
------------------------------
stack 1:
	name: t, src: LVAR
	name: x, src: LVAR
	name: nn, src: LVAR
	name: value, src: LVAR
stack 0:
	name: newOne, src: FUNC
	name: linkNode, src: FUNC
	name: start, src: GVAR
	name: Node, src: STRUCT
------------------------------
[DEBUG] Finish Analysing VarDec4Var.
[DEBUG] Finish Analysing Exp.
[DEBUG] Finish Analysing Dec4LocalVar.
[DEBUG] Finish Analysing DecList4LocalVar.
[DEBUG] Finish Analysing Def4LocalVar.
Search for Insert: name: result, ns: 3
Insert Symbol: name: result
------------------------------
stack 1:
	name: result, src: LVAR
	name: t, src: LVAR
	name: x, src: LVAR
	name: nn, src: LVAR
	name: value, src: LVAR
stack 0:
	name: newOne, src: FUNC
	name: linkNode, src: FUNC
	name: start, src: GVAR
	name: Node, src: STRUCT
------------------------------
[DEBUG] Finish Analysing VarDec4Var.
[DEBUG] Finish Analysing Exp.
[DEBUG] Finish Analysing Dec4LocalVar.
[DEBUG] Finish Analysing DecList4LocalVar.
[DEBUG] Finish Analysing Def4LocalVar.
[DEBUG] Finish Analysing DefList4LocalVar.
[DEBUG] Finish Analysing DefList4LocalVar.
[DEBUG] Finish Analysing DefList4LocalVar.
[DEBUG] Finish Analysing DefList4LocalVar.
[DEBUG] Finish Analysing DefList4LocalVar.
Search for Use: name: t, ns: 3
[DEBUG] Finish Analysing Exp.
[DEBUG] Finish Analysing Exp.
[DEBUG] Finish Analysing Exp.
Search for Insert: name: x, ns: 3
Insert Symbol: name: x
------------------------------
stack 2:
	name: x, src: LVAR
stack 1:
	name: result, src: LVAR
	name: t, src: LVAR
	name: x, src: LVAR
	name: nn, src: LVAR
	name: value, src: LVAR
stack 0:
	name: newOne, src: FUNC
	name: linkNode, src: FUNC
	name: start, src: GVAR
	name: Node, src: STRUCT
------------------------------
[DEBUG] Finish Analysing VarDec4Var.
[DEBUG] Finish Analysing Exp.
[DEBUG] Finish Analysing Dec4LocalVar.
[DEBUG] Finish Analysing DecList4LocalVar.
[DEBUG] Finish Analysing Def4LocalVar.
[DEBUG] Finish Analysing DefList4LocalVar.
[DEBUG] Finish Analysing DefList4LocalVar.
Search for Use: name: result, ns: 3
[DEBUG] Finish Analysing Exp.
Search for Use: name: result, ns: 3
[DEBUG] Finish Analysing Exp.
Search for Use: name: x, ns: 3
[DEBUG] Finish Analysing Exp.
[DEBUG] Finish Analysing Exp.
[DEBUG] Finish Analysing Exp.
[DEBUG] Finish Analysing Stmt.
Search for Use: name: t, ns: 3
[DEBUG] Finish Analysing Exp.
Search for Use: name: t, ns: 3
[DEBUG] Finish Analysing Exp.
[DEBUG] Finish Analysing Exp.
[DEBUG] Finish Analysing Exp.
[DEBUG] Finish Analysing Exp.
[DEBUG] Finish Analysing Stmt.
[DEBUG] Finish Analysing StmtList.
[DEBUG] Finish Analysing StmtList.
[DEBUG] Finish Analysing StmtList.
[DEBUG] Finish Analysing CompSt.
Clear Stack Top
------------------------------
stack 2:
stack 1:
	name: result, src: LVAR
	name: t, src: LVAR
	name: x, src: LVAR
	name: nn, src: LVAR
	name: value, src: LVAR
stack 0:
	name: newOne, src: FUNC
	name: linkNode, src: FUNC
	name: start, src: GVAR
	name: Node, src: STRUCT
------------------------------
[DEBUG] Finish Analysing Stmt.
[DEBUG] Finish Analysing Stmt.
Search for Use: name: value, ns: Field
Search for Use: name: nn, ns: 3
[DEBUG] Finish Analysing Exp.
[DEBUG] Finish Analysing Exp.
Search for Use: name: x, ns: 3
[DEBUG] Finish Analysing Exp.
[DEBUG] Finish Analysing Exp.
[DEBUG] Finish Analysing Stmt.
Search for Use: name: nn, ns: 3
[DEBUG] Finish Analysing Exp.
[DEBUG] Finish Analysing Stmt.
[DEBUG] Finish Analysing StmtList.
[DEBUG] Finish Analysing StmtList.
[DEBUG] Finish Analysing StmtList.
[DEBUG] Finish Analysing StmtList.
[DEBUG] Finish Analysing CompSt.
Clear Stack Top
------------------------------
stack 1:
stack 0:
	name: newOne, src: FUNC
	name: linkNode, src: FUNC
	name: start, src: GVAR
	name: Node, src: STRUCT
------------------------------
[DEBUG] Finish Analysing ExtDef.
[DEBUG] Finish Analysing FunDec.
Search for Insert: name: main, ns: 0
Insert Symbol: name: main
------------------------------
stack 1:
stack 0:
	name: main, src: FUNC
	name: newOne, src: FUNC
	name: linkNode, src: FUNC
	name: start, src: GVAR
	name: Node, src: STRUCT
------------------------------
Search for Insert: name: tem, ns: 3
Insert Symbol: name: tem
------------------------------
stack 1:
	name: tem, src: LVAR
stack 0:
	name: main, src: FUNC
	name: newOne, src: FUNC
	name: linkNode, src: FUNC
	name: start, src: GVAR
	name: Node, src: STRUCT
------------------------------
[DEBUG] Finish Analysing VarDec4Var.
[DEBUG] Finish Analysing Dec4LocalVar.
Search for Insert: name: i, ns: 3
Insert Symbol: name: i
------------------------------
stack 1:
	name: i, src: LVAR
	name: tem, src: LVAR
stack 0:
	name: main, src: FUNC
	name: newOne, src: FUNC
	name: linkNode, src: FUNC
	name: start, src: GVAR
	name: Node, src: STRUCT
------------------------------
[DEBUG] Finish Analysing VarDec4Var.
[DEBUG] Finish Analysing Dec4LocalVar.
Search for Insert: name: j, ns: 3
Insert Symbol: name: j
------------------------------
stack 1:
	name: j, src: LVAR
	name: i, src: LVAR
	name: tem, src: LVAR
stack 0:
	name: main, src: FUNC
	name: newOne, src: FUNC
	name: linkNode, src: FUNC
	name: start, src: GVAR
	name: Node, src: STRUCT
------------------------------
[DEBUG] Finish Analysing VarDec4Var.
[DEBUG] Finish Analysing Dec4LocalVar.
[DEBUG] Finish Analysing DecList4LocalVar.
[DEBUG] Finish Analysing DecList4LocalVar.
[DEBUG] Finish Analysing DecList4LocalVar.
[DEBUG] Finish Analysing Def4LocalVar.
Search for Insert: name: tem, ns: 3
[DEBUG] Finish Analysing VarDec4Var.
[DEBUG] Finish Analysing Dec4LocalVar.
Search for Insert: name: result, ns: 3
Insert Symbol: name: result
------------------------------
stack 1:
	name: result, src: LVAR
	name: j, src: LVAR
	name: i, src: LVAR
	name: tem, src: LVAR
stack 0:
	name: main, src: FUNC
	name: newOne, src: FUNC
	name: linkNode, src: FUNC
	name: start, src: GVAR
	name: Node, src: STRUCT
------------------------------
[DEBUG] Finish Analysing VarDec4Var.
[DEBUG] Finish Analysing Dec4LocalVar.
[DEBUG] Finish Analysing DecList4LocalVar.
[DEBUG] Finish Analysing DecList4LocalVar.
[DEBUG] Finish Analysing Def4LocalVar.
[DEBUG] Finish Analysing DefList4LocalVar.
[DEBUG] Finish Analysing DefList4LocalVar.
[DEBUG] Finish Analysing DefList4LocalVar.
Search for Use: name: i, ns: 3
[DEBUG] Finish Analysing Exp.
[DEBUG] Finish Analysing Exp.
[DEBUG] Finish Analysing Exp.
[DEBUG] Finish Analysing Stmt.
Search for Use: name: i, ns: 3
[DEBUG] Finish Analysing Exp.
[DEBUG] Finish Analysing Exp.
[DEBUG] Finish Analysing Exp.
[DEBUG] Finish Analysing DefList4LocalVar.
Search for Use: name: start, ns: 3
Search for Use: name: start, ns: 2
[DEBUG] Finish Analysing Exp.
Search for Use: name: linkNode, ns: 0
Search for Use: name: start, ns: 3
Search for Use: name: start, ns: 2
[DEBUG] Finish Analysing Exp.
[DEBUG] Finish Analysing Exp.
[DEBUG] Finish Analysing Exp.
Search for Use: name: newOne, ns: 0
Search for Use: name: i, ns: 3
[DEBUG] Finish Analysing Exp.
[DEBUG] Finish Analysing Args.
[DEBUG] Finish Analysing Exp.
[DEBUG] Finish Analysing Args.
[DEBUG] Finish Analysing Args.
[DEBUG] Finish Analysing Exp.
[DEBUG] Finish Analysing Exp.
[DEBUG] Finish Analysing Stmt.
Search for Use: name: i, ns: 3
[DEBUG] Finish Analysing Exp.
Search for Use: name: i, ns: 3
[DEBUG] Finish Analysing Exp.
[DEBUG] Finish Analysing Exp.
[DEBUG] Finish Analysing Exp.
[DEBUG] Finish Analysing Exp.
[DEBUG] Finish Analysing Stmt.
[DEBUG] Finish Analysing StmtList.
[DEBUG] Finish Analysing StmtList.
[DEBUG] Finish Analysing StmtList.
[DEBUG] Finish Analysing CompSt.
Clear Stack Top
------------------------------
stack 2:
stack 1:
	name: result, src: LVAR
	name: j, src: LVAR
	name: i, src: LVAR
	name: tem, src: LVAR
stack 0:
	name: main, src: FUNC
	name: newOne, src: FUNC
	name: linkNode, src: FUNC
	name: start, src: GVAR
	name: Node, src: STRUCT
------------------------------
[DEBUG] Finish Analysing Stmt.
[DEBUG] Finish Analysing Stmt.
Search for Use: name: i, ns: 3
[DEBUG] Finish Analysing Exp.
[DEBUG] Finish Analysing Stmt.
[DEBUG] Finish Analysing StmtList.
[DEBUG] Finish Analysing StmtList.
[DEBUG] Finish Analysing StmtList.
[DEBUG] Finish Analysing StmtList.
[DEBUG] Finish Analysing CompSt.
Clear Stack Top
------------------------------
stack 1:
stack 0:
	name: main, src: FUNC
	name: newOne, src: FUNC
	name: linkNode, src: FUNC
	name: start, src: GVAR
	name: Node, src: STRUCT
------------------------------
[DEBUG] Finish Analysing ExtDef.
[DEBUG] Finish Analysing ExtDefList.
[DEBUG] Finish Analysing ExtDefList.
[DEBUG] Finish Analysing ExtDefList.
[DEBUG] Finish Analysing ExtDefList.
[DEBUG] Finish Analysing ExtDefList.
[DEBUG] Finish Analysing Program.
