NEW NODE: TYPE
[  1]            TYPE: int
NEW NODE: Specifier
NEW NODE: ID
[  1]              ID: func
NEW NODE: LP
[  1]              LP: (
NEW NODE: TYPE
[  1]            TYPE: int
NEW NODE: Specifier
NEW NODE: ID
[  1]              ID: a
NEW NODE: VarDec
NEW NODE: RP
[  1]              RP: )
NEW NODE: ParamDec
NEW NODE: VarList
NEW NODE: FunDec
NEW NODE: SEMI
[  1]            SEMI: ;
[bison]Error type B at Line 1: syntax error, near ";"
NEW NODE: ExtDef
NEW NODE: error
NEW NODE: TYPE
[  3]            TYPE: int
NEW NODE: Specifier
NEW NODE: ID
[  3]              ID: func
NEW NODE: LP
[  3]              LP: (
NEW NODE: TYPE
[  3]            TYPE: int
NEW NODE: Specifier
NEW NODE: ID
[  3]              ID: a
NEW NODE: VarDec
NEW NODE: RP
[  3]              RP: )
NEW NODE: ParamDec
NEW NODE: VarList
NEW NODE: FunDec
NEW NODE: LC
[  4]              LC: {
NEW NODE: RETURN
[  5]          RETURN: return
NEW NODE: DefList
NEW NODE: INT
[  5]             INT: 1
NEW NODE: Exp
NEW NODE: SEMI
[  5]            SEMI: ;
NEW NODE: Stmt
NEW NODE: RC
[  6]              RC: }
NEW NODE: StmtList
NEW NODE: StmtList
NEW NODE: CompSt
NEW NODE: ExtDef
NEW NODE: TYPE
[  8]            TYPE: int
NEW NODE: Specifier
NEW NODE: ID
[  8]              ID: main
NEW NODE: LP
[  8]              LP: (
NEW NODE: RP
[  8]              RP: )
NEW NODE: FunDec
NEW NODE: LC
[  9]              LC: {
NEW NODE: RC
[ 10]              RC: }
NEW NODE: DefList
NEW NODE: StmtList
NEW NODE: CompSt
NEW NODE: ExtDef
NEW NODE: ExtDefList
NEW NODE: ExtDefList
NEW NODE: ExtDefList
NEW NODE: ExtDefList
NEW NODE: Program
[bison]Error type B at Line 11: , near ""
Miss 1 Syntax Error.
IN SEMANTIC ANALYSIS
[DEBUG] Error in semantic analysis.
[DEBUG] Finish Analysing ExtDef.
Search for Insert: name: a, ns: 3
Insert Symbol: name: a
------------------------------
stack 1:
	name: a, src: LVAR
stack 0:
------------------------------
[DEBUG] Finish Analysing VarDec4Param.
[DEBUG] Finish Analysing ParamDec.
[DEBUG] Finish Analysing VarList.
[DEBUG] Finish Analysing FunDec.
Search for Insert: name: func, ns: 0
Insert Symbol: name: func
------------------------------
stack 1:
	name: a, src: LVAR
stack 0:
	name: func, src: FUNC
------------------------------
[DEBUG] Finish Analysing DefList4LocalVar.
[DEBUG] Finish Analysing Exp.
[DEBUG] Finish Analysing Stmt.
[DEBUG] Finish Analysing StmtList.
[DEBUG] Finish Analysing StmtList.
[DEBUG] Finish Analysing CompSt.
Clear Stack Top
------------------------------
stack 1:
stack 0:
	name: func, src: FUNC
------------------------------
[DEBUG] Finish Analysing ExtDef.
[DEBUG] Finish Analysing FunDec.
Search for Insert: name: main, ns: 0
Insert Symbol: name: main
------------------------------
stack 1:
stack 0:
	name: main, src: FUNC
	name: func, src: FUNC
------------------------------
[DEBUG] Finish Analysing DefList4LocalVar.
[DEBUG] Finish Analysing StmtList.
[DEBUG] Finish Analysing CompSt.
Clear Stack Top
------------------------------
stack 1:
stack 0:
	name: main, src: FUNC
	name: func, src: FUNC
------------------------------
[DEBUG] Finish Analysing ExtDef.
[DEBUG] Finish Analysing ExtDefList.
[DEBUG] Finish Analysing ExtDefList.
[DEBUG] Finish Analysing ExtDefList.
[DEBUG] Finish Analysing ExtDefList.
[DEBUG] Finish Analysing Program.
