NEW NODE: STRUCT
[  1]          STRUCT: struct
NEW NODE: ID
[  1]              ID: Position
NEW NODE: LC
[  2]              LC: {
NEW NODE: OptTag
NEW NODE: TYPE
[  3]            TYPE: float
NEW NODE: Specifier
NEW NODE: ID
[  3]              ID: x
NEW NODE: VarDec
NEW NODE: COMMA
[  3]           COMMA: ,
NEW NODE: Dec
NEW NODE: ID
[  3]              ID: y
NEW NODE: VarDec
NEW NODE: SEMI
[  3]            SEMI: ;
NEW NODE: Dec
NEW NODE: DecList
NEW NODE: DecList
NEW NODE: Def
NEW NODE: RC
[  4]              RC: }
NEW NODE: DefList
NEW NODE: DefList
NEW NODE: StructSpecifier
NEW NODE: Specifier
NEW NODE: SEMI
[  4]            SEMI: ;
NEW NODE: ExtDef
NEW NODE: TYPE
[  6]            TYPE: int
NEW NODE: Specifier
NEW NODE: ID
[  6]              ID: func
NEW NODE: LP
[  6]              LP: (
NEW NODE: TYPE
[  6]            TYPE: int
NEW NODE: Specifier
NEW NODE: ID
[  6]              ID: a
NEW NODE: VarDec
NEW NODE: RP
[  6]              RP: )
NEW NODE: ParamDec
NEW NODE: VarList
NEW NODE: FunDec
NEW NODE: SEMI
[  6]            SEMI: ;
[bison]Error type B at Line 6: syntax error, near ";"
NEW NODE: ExtDef
NEW NODE: error
NEW NODE: TYPE
[  8]            TYPE: int
NEW NODE: Specifier
NEW NODE: ID
[  8]              ID: func
NEW NODE: LP
[  8]              LP: (
NEW NODE: STRUCT
[  8]          STRUCT: struct
NEW NODE: ID
[  8]              ID: Position
NEW NODE: ID
[  8]              ID: p
NEW NODE: Tag
NEW NODE: StructSpecifier
NEW NODE: Specifier
NEW NODE: VarDec
NEW NODE: RP
[  8]              RP: )
NEW NODE: ParamDec
NEW NODE: VarList
NEW NODE: FunDec
NEW NODE: SEMI
[  8]            SEMI: ;
[bison]Error type B at Line 8: syntax error, near ";"
NEW NODE: ExtDef
NEW NODE: error
NEW NODE: TYPE
[ 10]            TYPE: int
NEW NODE: Specifier
NEW NODE: ID
[ 10]              ID: main
NEW NODE: LP
[ 10]              LP: (
NEW NODE: RP
[ 10]              RP: )
NEW NODE: FunDec
NEW NODE: LC
[ 11]              LC: {
NEW NODE: RC
[ 12]              RC: }
NEW NODE: DefList
NEW NODE: StmtList
NEW NODE: CompSt
NEW NODE: ExtDef
NEW NODE: ExtDefList
NEW NODE: ExtDefList
NEW NODE: ExtDefList
NEW NODE: ExtDefList
NEW NODE: ExtDefList
NEW NODE: Program
[bison]Error type B at Line 13: , near ""
Miss 1 Syntax Error.
IN SEMANTIC ANALYSIS
[DEBUG] Finish Analysing OptTag.
Search for Insert: name: x, ns: Field
[DEBUG] Finish Analysing VarDec4Field.
[DEBUG] Finish Analysing Dec4Field.
Search for Insert: name: y, ns: Field
[DEBUG] Finish Analysing VarDec4Field.
[DEBUG] Finish Analysing Dec4Field.
[DEBUG] Finish Analysing DecList4Field.
[DEBUG] Finish Analysing DecList4Field.
[DEBUG] Finish Analysing Def4Field.
[DEBUG] Finish Analysing DefList4Field.
[DEBUG] Finish Analysing DefList4Field.
Search for Insert: name: Position, ns: 1
Insert Symbol: name: Position
------------------------------
stack 0:
	name: Position, src: STRUCT
------------------------------
[DEBUG] Finish Analysing StructSpecifier.
[DEBUG] Finish Analysing Specifier.
[DEBUG] Finish Analysing ExtDef.
[DEBUG] Error in semantic analysis.
[DEBUG] Finish Analysing ExtDef.
[DEBUG] Error in semantic analysis.
[DEBUG] Finish Analysing ExtDef.
[DEBUG] Finish Analysing FunDec.
Search for Insert: name: main, ns: 0
Insert Symbol: name: main
------------------------------
stack 1:
stack 0:
	name: main, src: FUNC
	name: Position, src: STRUCT
------------------------------
[DEBUG] Finish Analysing DefList4LocalVar.
[DEBUG] Finish Analysing StmtList.
[DEBUG] Finish Analysing CompSt.
Clear Stack Top
------------------------------
stack 1:
stack 0:
	name: main, src: FUNC
	name: Position, src: STRUCT
------------------------------
[DEBUG] Finish Analysing ExtDef.
[DEBUG] Finish Analysing ExtDefList.
[DEBUG] Finish Analysing ExtDefList.
[DEBUG] Finish Analysing ExtDefList.
[DEBUG] Finish Analysing ExtDefList.
[DEBUG] Finish Analysing ExtDefList.
[DEBUG] Finish Analysing Program.
