NEW NODE: TYPE
[  1]            TYPE: int
NEW NODE: Specifier
NEW NODE: ID
[  1]              ID: func
NEW NODE: LP
[  1]              LP: (
NEW NODE: RP
[  1]              RP: )
NEW NODE: FunDec
NEW NODE: LC
[  2]              LC: {
NEW NODE: TYPE
[  3]            TYPE: int
NEW NODE: Specifier
NEW NODE: ID
[  3]              ID: i
NEW NODE: VarDec
NEW NODE: ASSIGNOP
[  3]        ASSIGNOP: =
NEW NODE: INT
[  3]             INT: 10
NEW NODE: Exp
NEW NODE: SEMI
[  3]            SEMI: ;
NEW NODE: Dec
NEW NODE: DecList
NEW NODE: Def
NEW NODE: RETURN
[  4]          RETURN: return
NEW NODE: DefList
NEW NODE: DefList
NEW NODE: ID
[  4]              ID: i
NEW NODE: SEMI
[  4]            SEMI: ;
NEW NODE: Exp
NEW NODE: Stmt
NEW NODE: RC
[  5]              RC: }
NEW NODE: StmtList
NEW NODE: StmtList
NEW NODE: CompSt
NEW NODE: ExtDef
NEW NODE: TYPE
[  7]            TYPE: int
NEW NODE: Specifier
NEW NODE: ID
[  7]              ID: main
NEW NODE: LP
[  7]              LP: (
NEW NODE: RP
[  7]              RP: )
NEW NODE: FunDec
NEW NODE: LC
[  8]              LC: {
NEW NODE: TYPE
[  9]            TYPE: int
NEW NODE: Specifier
NEW NODE: ID
[  9]              ID: i
NEW NODE: VarDec
NEW NODE: SEMI
[  9]            SEMI: ;
NEW NODE: Dec
NEW NODE: DecList
NEW NODE: Def
NEW NODE: TYPE
[ 10]            TYPE: int
NEW NODE: Specifier
NEW NODE: ID
[ 10]              ID: i
NEW NODE: VarDec
NEW NODE: COMMA
[ 10]           COMMA: ,
NEW NODE: Dec
NEW NODE: ID
[ 10]              ID: j
NEW NODE: VarDec
NEW NODE: SEMI
[ 10]            SEMI: ;
NEW NODE: Dec
NEW NODE: DecList
NEW NODE: DecList
NEW NODE: Def
NEW NODE: ID
[ 11]              ID: i
NEW NODE: DefList
NEW NODE: DefList
NEW NODE: DefList
NEW NODE: ASSIGNOP
[ 11]        ASSIGNOP: =
NEW NODE: Exp
NEW NODE: ID
[ 11]              ID: func
NEW NODE: LP
[ 11]              LP: (
NEW NODE: RP
[ 11]              RP: )
NEW NODE: Exp
NEW NODE: SEMI
[ 11]            SEMI: ;
NEW NODE: Exp
NEW NODE: Stmt
NEW NODE: RC
[ 12]              RC: }
NEW NODE: StmtList
NEW NODE: StmtList
NEW NODE: CompSt
NEW NODE: ExtDef
NEW NODE: ExtDefList
NEW NODE: ExtDefList
NEW NODE: ExtDefList
NEW NODE: Program
Miss 0 Syntax Error.
IN SEMANTIC ANALYSIS
[DEBUG] Finish Analysing FunDec.
Search for Insert: name: func, ns: 0
Insert Symbol: name: func
------------------------------
stack 1:
stack 0:
	name: func, src: FUNC
------------------------------
Search for Insert: name: i, ns: 3
Insert Symbol: name: i
------------------------------
stack 1:
	name: i, src: LVAR
stack 0:
	name: func, src: FUNC
------------------------------
[DEBUG] Finish Analysing VarDec4Var.
[DEBUG] Finish Analysing Exp.
[DEBUG] Finish Analysing Dec4LocalVar.
[DEBUG] Finish Analysing DecList4LocalVar.
[DEBUG] Finish Analysing Def4LocalVar.
[DEBUG] Finish Analysing DefList4LocalVar.
[DEBUG] Finish Analysing DefList4LocalVar.
Search for Use: name: i, ns: 3
[DEBUG] Finish Analysing Exp.
[DEBUG] Finish Analysing Stmt.
[DEBUG] Finish Analysing StmtList.
[DEBUG] Finish Analysing StmtList.
[DEBUG] Finish Analysing CompSt.
Clear Stack Top
------------------------------
stack 1:
stack 0:
	name: func, src: FUNC
------------------------------
[DEBUG] Finish Analysing ExtDef.
[DEBUG] Finish Analysing FunDec.
Search for Insert: name: main, ns: 0
Insert Symbol: name: main
------------------------------
stack 1:
stack 0:
	name: main, src: FUNC
	name: func, src: FUNC
------------------------------
Search for Insert: name: i, ns: 3
Insert Symbol: name: i
------------------------------
stack 1:
	name: i, src: LVAR
stack 0:
	name: main, src: FUNC
	name: func, src: FUNC
------------------------------
[DEBUG] Finish Analysing VarDec4Var.
[DEBUG] Finish Analysing Dec4LocalVar.
[DEBUG] Finish Analysing DecList4LocalVar.
[DEBUG] Finish Analysing Def4LocalVar.
Search for Insert: name: i, ns: 3
[DEBUG] Finish Analysing VarDec4Var.
[DEBUG] Finish Analysing Dec4LocalVar.
Search for Insert: name: j, ns: 3
Insert Symbol: name: j
------------------------------
stack 1:
	name: j, src: LVAR
	name: i, src: LVAR
stack 0:
	name: main, src: FUNC
	name: func, src: FUNC
------------------------------
[DEBUG] Finish Analysing VarDec4Var.
[DEBUG] Finish Analysing Dec4LocalVar.
[DEBUG] Finish Analysing DecList4LocalVar.
[DEBUG] Finish Analysing DecList4LocalVar.
[DEBUG] Finish Analysing Def4LocalVar.
[DEBUG] Finish Analysing DefList4LocalVar.
[DEBUG] Finish Analysing DefList4LocalVar.
[DEBUG] Finish Analysing DefList4LocalVar.
Search for Use: name: i, ns: 3
[DEBUG] Finish Analysing Exp.
Search for Use: name: func, ns: 0
[DEBUG] Finish Analysing Exp.
[DEBUG] Finish Analysing Exp.
[DEBUG] Finish Analysing Stmt.
[DEBUG] Finish Analysing StmtList.
[DEBUG] Finish Analysing StmtList.
[DEBUG] Finish Analysing CompSt.
Clear Stack Top
------------------------------
stack 1:
stack 0:
	name: main, src: FUNC
	name: func, src: FUNC
------------------------------
[DEBUG] Finish Analysing ExtDef.
[DEBUG] Finish Analysing ExtDefList.
[DEBUG] Finish Analysing ExtDefList.
[DEBUG] Finish Analysing ExtDefList.
[DEBUG] Finish Analysing Program.
