NEW NODE: STRUCT
[  1]          STRUCT: struct
NEW NODE: ID
[  1]              ID: Position
NEW NODE: LC
[  2]              LC: {
NEW NODE: OptTag
NEW NODE: TYPE
[  3]            TYPE: float
NEW NODE: Specifier
NEW NODE: ID
[  3]              ID: x
NEW NODE: VarDec
NEW NODE: COMMA
[  3]           COMMA: ,
NEW NODE: Dec
NEW NODE: ID
[  3]              ID: y
NEW NODE: VarDec
NEW NODE: SEMI
[  3]            SEMI: ;
NEW NODE: Dec
NEW NODE: DecList
NEW NODE: DecList
NEW NODE: Def
NEW NODE: RC
[  4]              RC: }
NEW NODE: DefList
NEW NODE: DefList
NEW NODE: StructSpecifier
NEW NODE: Specifier
NEW NODE: SEMI
[  4]            SEMI: ;
NEW NODE: ExtDef
NEW NODE: TYPE
[  6]            TYPE: int
NEW NODE: Specifier
NEW NODE: ID
[  6]              ID: main
NEW NODE: LP
[  6]              LP: (
NEW NODE: RP
[  6]              RP: )
NEW NODE: FunDec
NEW NODE: LC
[  7]              LC: {
NEW NODE: STRUCT
[  8]          STRUCT: struct
NEW NODE: ID
[  8]              ID: Position
NEW NODE: ID
[  8]              ID: p
NEW NODE: Tag
NEW NODE: StructSpecifier
NEW NODE: Specifier
NEW NODE: VarDec
NEW NODE: SEMI
[  8]            SEMI: ;
NEW NODE: Dec
NEW NODE: DecList
NEW NODE: Def
NEW NODE: IF
[  9]              IF: if
NEW NODE: DefList
NEW NODE: DefList
NEW NODE: LP
[  9]              LP: (
NEW NODE: ID
[  9]              ID: p
NEW NODE: DOT
[  9]             DOT: .
NEW NODE: Exp
NEW NODE: ID
[  9]              ID: n
NEW NODE: Exp
NEW NODE: RELOP
[  9]           RELOP: ==
NEW NODE: FLOAT
[  9]           FLOAT: 3.7
NEW NODE: Exp
NEW NODE: RP
[  9]              RP: )
NEW NODE: Exp
NEW NODE: RETURN
[ 10]          RETURN: return
NEW NODE: INT
[ 10]             INT: 0
NEW NODE: Exp
NEW NODE: SEMI
[ 10]            SEMI: ;
NEW NODE: Stmt
NEW NODE: RC
[ 11]              RC: }
NEW NODE: Stmt
NEW NODE: StmtList
NEW NODE: StmtList
NEW NODE: CompSt
NEW NODE: ExtDef
NEW NODE: ExtDefList
NEW NODE: ExtDefList
NEW NODE: ExtDefList
NEW NODE: Program
Miss 0 Syntax Error.
IN SEMANTIC ANALYSIS
[DEBUG] Finish Analysing OptTag.
Search for Insert: name: x, ns: Field
[DEBUG] Finish Analysing VarDec4Field.
[DEBUG] Finish Analysing Dec4Field.
Search for Insert: name: y, ns: Field
[DEBUG] Finish Analysing VarDec4Field.
[DEBUG] Finish Analysing Dec4Field.
[DEBUG] Finish Analysing DecList4Field.
[DEBUG] Finish Analysing DecList4Field.
[DEBUG] Finish Analysing Def4Field.
[DEBUG] Finish Analysing DefList4Field.
[DEBUG] Finish Analysing DefList4Field.
Search for Insert: name: Position, ns: 1
Insert Symbol: name: Position
------------------------------
stack 0:
	name: Position, src: STRUCT
------------------------------
[DEBUG] Finish Analysing StructSpecifier.
[DEBUG] Finish Analysing Specifier.
[DEBUG] Finish Analysing ExtDef.
[DEBUG] Finish Analysing FunDec.
Search for Insert: name: main, ns: 0
Insert Symbol: name: main
------------------------------
stack 1:
stack 0:
	name: main, src: FUNC
	name: Position, src: STRUCT
------------------------------
[DEBUG] Finish Analysing StructSpecifier.
Search for Use: name: Position, ns: 1
[DEBUG] Finish Analysing Specifier.
Search for Insert: name: p, ns: 3
Insert Symbol: name: p
------------------------------
stack 1:
	name: p, src: LVAR
stack 0:
	name: main, src: FUNC
	name: Position, src: STRUCT
------------------------------
[DEBUG] Finish Analysing VarDec4Var.
[DEBUG] Finish Analysing Dec4LocalVar.
[DEBUG] Finish Analysing DecList4LocalVar.
[DEBUG] Finish Analysing Def4LocalVar.
[DEBUG] Finish Analysing DefList4LocalVar.
[DEBUG] Finish Analysing DefList4LocalVar.
Search for Use: name: n, ns: Field
Search for Use: name: p, ns: 3
[DEBUG] Finish Analysing Exp.
[DEBUG] Finish Analysing Exp.
[DEBUG] Finish Analysing Exp.
[DEBUG] Finish Analysing Exp.
[DEBUG] Finish Analysing Exp.
[DEBUG] Finish Analysing Stmt.
[DEBUG] Finish Analysing Stmt.
[DEBUG] Finish Analysing StmtList.
[DEBUG] Finish Analysing StmtList.
[DEBUG] Finish Analysing CompSt.
Clear Stack Top
------------------------------
stack 1:
stack 0:
	name: main, src: FUNC
	name: Position, src: STRUCT
------------------------------
[DEBUG] Finish Analysing ExtDef.
[DEBUG] Finish Analysing ExtDefList.
[DEBUG] Finish Analysing ExtDefList.
[DEBUG] Finish Analysing ExtDefList.
[DEBUG] Finish Analysing Program.
